[2020-01-02 18:50:15] local.ERROR: Symfony\Component\Debug\Exception\FatalThrowableError: Class 'App\Services\ValidacaoLogin' not found in C:\Users\hunter28\Documents\cursos\Web\Test-IdhaTrabalhoPraticoWeb\TrabalhoPraticoWeb\apiUsuarioFunyTurismo\app\Services\UserService.php:99
Stack trace:
#0 C:\Users\hunter28\Documents\cursos\Web\Test-IdhaTrabalhoPraticoWeb\TrabalhoPraticoWeb\apiUsuarioFunyTurismo\app\Http\Controllers\UserController.php(20): App\Services\UserService->login(Object(Laravel\Lumen\Http\Request))
#1 [internal function]: App\Http\Controllers\UserController->login(Object(Laravel\Lumen\Http\Request))
#2 C:\Users\hunter28\Documents\cursos\Web\Test-IdhaTrabalhoPraticoWeb\TrabalhoPraticoWeb\apiUsuarioFunyTurismo\vendor\illuminate\container\BoundMethod.php(32): call_user_func_array(Array, Array)
#3 C:\Users\hunter28\Documents\cursos\Web\Test-IdhaTrabalhoPraticoWeb\TrabalhoPraticoWeb\apiUsuarioFunyTurismo\vendor\illuminate\container\Util.php(36): Illuminate\Container\BoundMethod::Illuminate\Container\{closure}()
#4 C:\Users\hunter28\Documents\cursos\Web\Test-IdhaTrabalhoPraticoWeb\TrabalhoPraticoWeb\apiUsuarioFunyTurismo\vendor\illuminate\container\BoundMethod.php(90): Illuminate\Container\Util::unwrapIfClosure(Object(Closure))
#5 C:\Users\hunter28\Documents\cursos\Web\Test-IdhaTrabalhoPraticoWeb\TrabalhoPraticoWeb\apiUsuarioFunyTurismo\vendor\illuminate\container\BoundMethod.php(34): Illuminate\Container\BoundMethod::callBoundMethod(Object(Laravel\Lumen\Application), Array, Object(Closure))
#6 C:\Users\hunter28\Documents\cursos\Web\Test-IdhaTrabalhoPraticoWeb\TrabalhoPraticoWeb\apiUsuarioFunyTurismo\vendor\illuminate\container\Container.php(590): Illuminate\Container\BoundMethod::call(Object(Laravel\Lumen\Application), Array, Array, NULL)
#7 C:\Users\hunter28\Documents\cursos\Web\Test-IdhaTrabalhoPraticoWeb\TrabalhoPraticoWeb\apiUsuarioFunyTurismo\vendor\laravel\lumen-framework\src\Concerns\RoutesRequests.php(376): Illuminate\Container\Container->call(Array, Array)
#8 C:\Users\hunter28\Documents\cursos\Web\Test-IdhaTrabalhoPraticoWeb\TrabalhoPraticoWeb\apiUsuarioFunyTurismo\vendor\laravel\lumen-framework\src\Concerns\RoutesRequests.php(342): Laravel\Lumen\Application->callControllerCallable(Array, Array)
#9 C:\Users\hunter28\Documents\cursos\Web\Test-IdhaTrabalhoPraticoWeb\TrabalhoPraticoWeb\apiUsuarioFunyTurismo\vendor\laravel\lumen-framework\src\Concerns\RoutesRequests.php(316): Laravel\Lumen\Application->callLumenController(Object(App\Http\Controllers\UserController), 'login', Array)
#10 C:\Users\hunter28\Documents\cursos\Web\Test-IdhaTrabalhoPraticoWeb\TrabalhoPraticoWeb\apiUsuarioFunyTurismo\vendor\laravel\lumen-framework\src\Concerns\RoutesRequests.php(278): Laravel\Lumen\Application->callControllerAction(Array)
#11 C:\Users\hunter28\Documents\cursos\Web\Test-IdhaTrabalhoPraticoWeb\TrabalhoPraticoWeb\apiUsuarioFunyTurismo\vendor\laravel\lumen-framework\src\Concerns\RoutesRequests.php(263): Laravel\Lumen\Application->callActionOnArrayBasedRoute(Array)
#12 C:\Users\hunter28\Documents\cursos\Web\Test-IdhaTrabalhoPraticoWeb\TrabalhoPraticoWeb\apiUsuarioFunyTurismo\vendor\laravel\lumen-framework\src\Concerns\RoutesRequests.php(165): Laravel\Lumen\Application->handleFoundRoute(Array)
#13 C:\Users\hunter28\Documents\cursos\Web\Test-IdhaTrabalhoPraticoWeb\TrabalhoPraticoWeb\apiUsuarioFunyTurismo\vendor\laravel\lumen-framework\src\Concerns\RoutesRequests.php(416): Laravel\Lumen\Application->Laravel\Lumen\Concerns\{closure}(Object(Laravel\Lumen\Http\Request))
#14 C:\Users\hunter28\Documents\cursos\Web\Test-IdhaTrabalhoPraticoWeb\TrabalhoPraticoWeb\apiUsuarioFunyTurismo\vendor\laravel\lumen-framework\src\Concerns\RoutesRequests.php(171): Laravel\Lumen\Application->sendThroughPipeline(Array, Object(Closure))
#15 C:\Users\hunter28\Documents\cursos\Web\Test-IdhaTrabalhoPraticoWeb\TrabalhoPraticoWeb\apiUsuarioFunyTurismo\vendor\laravel\lumen-framework\src\Concerns\RoutesRequests.php(108): Laravel\Lumen\Application->dispatch(NULL)
#16 C:\Users\hunter28\Documents\cursos\Web\Test-IdhaTrabalhoPraticoWeb\TrabalhoPraticoWeb\apiUsuarioFunyTurismo\public\index.php(28): Laravel\Lumen\Application->run()
#17 {main} {"exception":"[object] (Symfony\\Component\\Debug\\Exception\\FatalThrowableError(code: 0): Class 'App\\Services\\ValidacaoLogin' not found at C:\\Users\\hunter28\\Documents\\cursos\\Web\\Test-IdhaTrabalhoPraticoWeb\\TrabalhoPraticoWeb\\apiUsuarioFunyTurismo\\app\\Services\\UserService.php:99)
[stacktrace]
#0 C:\\Users\\hunter28\\Documents\\cursos\\Web\\Test-IdhaTrabalhoPraticoWeb\\TrabalhoPraticoWeb\\apiUsuarioFunyTurismo\\app\\Http\\Controllers\\UserController.php(20): App\\Services\\UserService->login(Object(Laravel\\Lumen\\Http\\Request))
#1 [internal function]: App\\Http\\Controllers\\UserController->login(Object(Laravel\\Lumen\\Http\\Request))
#2 C:\\Users\\hunter28\\Documents\\cursos\\Web\\Test-IdhaTrabalhoPraticoWeb\\TrabalhoPraticoWeb\\apiUsuarioFunyTurismo\\vendor\\illuminate\\container\\BoundMethod.php(32): call_user_func_array(Array, Array)
#3 C:\\Users\\hunter28\\Documents\\cursos\\Web\\Test-IdhaTrabalhoPraticoWeb\\TrabalhoPraticoWeb\\apiUsuarioFunyTurismo\\vendor\\illuminate\\container\\Util.php(36): Illuminate\\Container\\BoundMethod::Illuminate\\Container\\{closure}()
#4 C:\\Users\\hunter28\\Documents\\cursos\\Web\\Test-IdhaTrabalhoPraticoWeb\\TrabalhoPraticoWeb\\apiUsuarioFunyTurismo\\vendor\\illuminate\\container\\BoundMethod.php(90): Illuminate\\Container\\Util::unwrapIfClosure(Object(Closure))
#5 C:\\Users\\hunter28\\Documents\\cursos\\Web\\Test-IdhaTrabalhoPraticoWeb\\TrabalhoPraticoWeb\\apiUsuarioFunyTurismo\\vendor\\illuminate\\container\\BoundMethod.php(34): Illuminate\\Container\\BoundMethod::callBoundMethod(Object(Laravel\\Lumen\\Application), Array, Object(Closure))
#6 C:\\Users\\hunter28\\Documents\\cursos\\Web\\Test-IdhaTrabalhoPraticoWeb\\TrabalhoPraticoWeb\\apiUsuarioFunyTurismo\\vendor\\illuminate\\container\\Container.php(590): Illuminate\\Container\\BoundMethod::call(Object(Laravel\\Lumen\\Application), Array, Array, NULL)
#7 C:\\Users\\hunter28\\Documents\\cursos\\Web\\Test-IdhaTrabalhoPraticoWeb\\TrabalhoPraticoWeb\\apiUsuarioFunyTurismo\\vendor\\laravel\\lumen-framework\\src\\Concerns\\RoutesRequests.php(376): Illuminate\\Container\\Container->call(Array, Array)
#8 C:\\Users\\hunter28\\Documents\\cursos\\Web\\Test-IdhaTrabalhoPraticoWeb\\TrabalhoPraticoWeb\\apiUsuarioFunyTurismo\\vendor\\laravel\\lumen-framework\\src\\Concerns\\RoutesRequests.php(342): Laravel\\Lumen\\Application->callControllerCallable(Array, Array)
#9 C:\\Users\\hunter28\\Documents\\cursos\\Web\\Test-IdhaTrabalhoPraticoWeb\\TrabalhoPraticoWeb\\apiUsuarioFunyTurismo\\vendor\\laravel\\lumen-framework\\src\\Concerns\\RoutesRequests.php(316): Laravel\\Lumen\\Application->callLumenController(Object(App\\Http\\Controllers\\UserController), 'login', Array)
#10 C:\\Users\\hunter28\\Documents\\cursos\\Web\\Test-IdhaTrabalhoPraticoWeb\\TrabalhoPraticoWeb\\apiUsuarioFunyTurismo\\vendor\\laravel\\lumen-framework\\src\\Concerns\\RoutesRequests.php(278): Laravel\\Lumen\\Application->callControllerAction(Array)
#11 C:\\Users\\hunter28\\Documents\\cursos\\Web\\Test-IdhaTrabalhoPraticoWeb\\TrabalhoPraticoWeb\\apiUsuarioFunyTurismo\\vendor\\laravel\\lumen-framework\\src\\Concerns\\RoutesRequests.php(263): Laravel\\Lumen\\Application->callActionOnArrayBasedRoute(Array)
#12 C:\\Users\\hunter28\\Documents\\cursos\\Web\\Test-IdhaTrabalhoPraticoWeb\\TrabalhoPraticoWeb\\apiUsuarioFunyTurismo\\vendor\\laravel\\lumen-framework\\src\\Concerns\\RoutesRequests.php(165): Laravel\\Lumen\\Application->handleFoundRoute(Array)
#13 C:\\Users\\hunter28\\Documents\\cursos\\Web\\Test-IdhaTrabalhoPraticoWeb\\TrabalhoPraticoWeb\\apiUsuarioFunyTurismo\\vendor\\laravel\\lumen-framework\\src\\Concerns\\RoutesRequests.php(416): Laravel\\Lumen\\Application->Laravel\\Lumen\\Concerns\\{closure}(Object(Laravel\\Lumen\\Http\\Request))
#14 C:\\Users\\hunter28\\Documents\\cursos\\Web\\Test-IdhaTrabalhoPraticoWeb\\TrabalhoPraticoWeb\\apiUsuarioFunyTurismo\\vendor\\laravel\\lumen-framework\\src\\Concerns\\RoutesRequests.php(171): Laravel\\Lumen\\Application->sendThroughPipeline(Array, Object(Closure))
#15 C:\\Users\\hunter28\\Documents\\cursos\\Web\\Test-IdhaTrabalhoPraticoWeb\\TrabalhoPraticoWeb\\apiUsuarioFunyTurismo\\vendor\\laravel\\lumen-framework\\src\\Concerns\\RoutesRequests.php(108): Laravel\\Lumen\\Application->dispatch(NULL)
#16 C:\\Users\\hunter28\\Documents\\cursos\\Web\\Test-IdhaTrabalhoPraticoWeb\\TrabalhoPraticoWeb\\apiUsuarioFunyTurismo\\public\\index.php(28): Laravel\\Lumen\\Application->run()
#17 {main}
"} 
[2020-01-02 19:32:17] local.ERROR: ErrorException: Undefined property: App\Services\UserService::$user in C:\Users\hunter28\Documents\cursos\Web\Test-IdhaTrabalhoPraticoWeb\TrabalhoPraticoWeb\apiUsuarioFunyTurismo\app\Services\UserService.php:49
Stack trace:
#0 C:\Users\hunter28\Documents\cursos\Web\Test-IdhaTrabalhoPraticoWeb\TrabalhoPraticoWeb\apiUsuarioFunyTurismo\app\Services\UserService.php(49): Laravel\Lumen\Application->Laravel\Lumen\Concerns\{closure}(8, 'Undefined prope...', 'C:\\Users\\hunter...', 49, Array)
#1 C:\Users\hunter28\Documents\cursos\Web\Test-IdhaTrabalhoPraticoWeb\TrabalhoPraticoWeb\apiUsuarioFunyTurismo\app\Http\Controllers\UserController.php(24): App\Services\UserService->detalhesUsusario(21)
#2 [internal function]: App\Http\Controllers\UserController->detalhesUsusario('21')
#3 C:\Users\hunter28\Documents\cursos\Web\Test-IdhaTrabalhoPraticoWeb\TrabalhoPraticoWeb\apiUsuarioFunyTurismo\vendor\illuminate\container\BoundMethod.php(32): call_user_func_array(Array, Array)
#4 C:\Users\hunter28\Documents\cursos\Web\Test-IdhaTrabalhoPraticoWeb\TrabalhoPraticoWeb\apiUsuarioFunyTurismo\vendor\illuminate\container\Util.php(36): Illuminate\Container\BoundMethod::Illuminate\Container\{closure}()
#5 C:\Users\hunter28\Documents\cursos\Web\Test-IdhaTrabalhoPraticoWeb\TrabalhoPraticoWeb\apiUsuarioFunyTurismo\vendor\illuminate\container\BoundMethod.php(90): Illuminate\Container\Util::unwrapIfClosure(Object(Closure))
#6 C:\Users\hunter28\Documents\cursos\Web\Test-IdhaTrabalhoPraticoWeb\TrabalhoPraticoWeb\apiUsuarioFunyTurismo\vendor\illuminate\container\BoundMethod.php(34): Illuminate\Container\BoundMethod::callBoundMethod(Object(Laravel\Lumen\Application), Array, Object(Closure))
#7 C:\Users\hunter28\Documents\cursos\Web\Test-IdhaTrabalhoPraticoWeb\TrabalhoPraticoWeb\apiUsuarioFunyTurismo\vendor\illuminate\container\Container.php(590): Illuminate\Container\BoundMethod::call(Object(Laravel\Lumen\Application), Array, Array, NULL)
#8 C:\Users\hunter28\Documents\cursos\Web\Test-IdhaTrabalhoPraticoWeb\TrabalhoPraticoWeb\apiUsuarioFunyTurismo\vendor\laravel\lumen-framework\src\Concerns\RoutesRequests.php(376): Illuminate\Container\Container->call(Array, Array)
#9 C:\Users\hunter28\Documents\cursos\Web\Test-IdhaTrabalhoPraticoWeb\TrabalhoPraticoWeb\apiUsuarioFunyTurismo\vendor\laravel\lumen-framework\src\Concerns\RoutesRequests.php(342): Laravel\Lumen\Application->callControllerCallable(Array, Array)
#10 C:\Users\hunter28\Documents\cursos\Web\Test-IdhaTrabalhoPraticoWeb\TrabalhoPraticoWeb\apiUsuarioFunyTurismo\vendor\laravel\lumen-framework\src\Concerns\RoutesRequests.php(316): Laravel\Lumen\Application->callLumenController(Object(App\Http\Controllers\UserController), 'detalhesUsusari...', Array)
#11 C:\Users\hunter28\Documents\cursos\Web\Test-IdhaTrabalhoPraticoWeb\TrabalhoPraticoWeb\apiUsuarioFunyTurismo\vendor\laravel\lumen-framework\src\Concerns\RoutesRequests.php(278): Laravel\Lumen\Application->callControllerAction(Array)
#12 C:\Users\hunter28\Documents\cursos\Web\Test-IdhaTrabalhoPraticoWeb\TrabalhoPraticoWeb\apiUsuarioFunyTurismo\vendor\laravel\lumen-framework\src\Concerns\RoutesRequests.php(263): Laravel\Lumen\Application->callActionOnArrayBasedRoute(Array)
#13 C:\Users\hunter28\Documents\cursos\Web\Test-IdhaTrabalhoPraticoWeb\TrabalhoPraticoWeb\apiUsuarioFunyTurismo\vendor\laravel\lumen-framework\src\Concerns\RoutesRequests.php(233): Laravel\Lumen\Application->handleFoundRoute(Array)
#14 C:\Users\hunter28\Documents\cursos\Web\Test-IdhaTrabalhoPraticoWeb\TrabalhoPraticoWeb\apiUsuarioFunyTurismo\vendor\laravel\lumen-framework\src\Concerns\RoutesRequests.php(169): Laravel\Lumen\Application->handleDispatcherResponse(Array)
#15 C:\Users\hunter28\Documents\cursos\Web\Test-IdhaTrabalhoPraticoWeb\TrabalhoPraticoWeb\apiUsuarioFunyTurismo\vendor\laravel\lumen-framework\src\Concerns\RoutesRequests.php(416): Laravel\Lumen\Application->Laravel\Lumen\Concerns\{closure}(Object(Laravel\Lumen\Http\Request))
#16 C:\Users\hunter28\Documents\cursos\Web\Test-IdhaTrabalhoPraticoWeb\TrabalhoPraticoWeb\apiUsuarioFunyTurismo\vendor\laravel\lumen-framework\src\Concerns\RoutesRequests.php(171): Laravel\Lumen\Application->sendThroughPipeline(Array, Object(Closure))
#17 C:\Users\hunter28\Documents\cursos\Web\Test-IdhaTrabalhoPraticoWeb\TrabalhoPraticoWeb\apiUsuarioFunyTurismo\vendor\laravel\lumen-framework\src\Concerns\RoutesRequests.php(108): Laravel\Lumen\Application->dispatch(NULL)
#18 C:\Users\hunter28\Documents\cursos\Web\Test-IdhaTrabalhoPraticoWeb\TrabalhoPraticoWeb\apiUsuarioFunyTurismo\public\index.php(28): Laravel\Lumen\Application->run()
#19 {main} {"exception":"[object] (ErrorException(code: 0): Undefined property: App\\Services\\UserService::$user at C:\\Users\\hunter28\\Documents\\cursos\\Web\\Test-IdhaTrabalhoPraticoWeb\\TrabalhoPraticoWeb\\apiUsuarioFunyTurismo\\app\\Services\\UserService.php:49)
[stacktrace]
#0 C:\\Users\\hunter28\\Documents\\cursos\\Web\\Test-IdhaTrabalhoPraticoWeb\\TrabalhoPraticoWeb\\apiUsuarioFunyTurismo\\app\\Services\\UserService.php(49): Laravel\\Lumen\\Application->Laravel\\Lumen\\Concerns\\{closure}(8, 'Undefined prope...', 'C:\\\\Users\\\\hunter...', 49, Array)
#1 C:\\Users\\hunter28\\Documents\\cursos\\Web\\Test-IdhaTrabalhoPraticoWeb\\TrabalhoPraticoWeb\\apiUsuarioFunyTurismo\\app\\Http\\Controllers\\UserController.php(24): App\\Services\\UserService->detalhesUsusario(21)
#2 [internal function]: App\\Http\\Controllers\\UserController->detalhesUsusario('21')
#3 C:\\Users\\hunter28\\Documents\\cursos\\Web\\Test-IdhaTrabalhoPraticoWeb\\TrabalhoPraticoWeb\\apiUsuarioFunyTurismo\\vendor\\illuminate\\container\\BoundMethod.php(32): call_user_func_array(Array, Array)
#4 C:\\Users\\hunter28\\Documents\\cursos\\Web\\Test-IdhaTrabalhoPraticoWeb\\TrabalhoPraticoWeb\\apiUsuarioFunyTurismo\\vendor\\illuminate\\container\\Util.php(36): Illuminate\\Container\\BoundMethod::Illuminate\\Container\\{closure}()
#5 C:\\Users\\hunter28\\Documents\\cursos\\Web\\Test-IdhaTrabalhoPraticoWeb\\TrabalhoPraticoWeb\\apiUsuarioFunyTurismo\\vendor\\illuminate\\container\\BoundMethod.php(90): Illuminate\\Container\\Util::unwrapIfClosure(Object(Closure))
#6 C:\\Users\\hunter28\\Documents\\cursos\\Web\\Test-IdhaTrabalhoPraticoWeb\\TrabalhoPraticoWeb\\apiUsuarioFunyTurismo\\vendor\\illuminate\\container\\BoundMethod.php(34): Illuminate\\Container\\BoundMethod::callBoundMethod(Object(Laravel\\Lumen\\Application), Array, Object(Closure))
#7 C:\\Users\\hunter28\\Documents\\cursos\\Web\\Test-IdhaTrabalhoPraticoWeb\\TrabalhoPraticoWeb\\apiUsuarioFunyTurismo\\vendor\\illuminate\\container\\Container.php(590): Illuminate\\Container\\BoundMethod::call(Object(Laravel\\Lumen\\Application), Array, Array, NULL)
#8 C:\\Users\\hunter28\\Documents\\cursos\\Web\\Test-IdhaTrabalhoPraticoWeb\\TrabalhoPraticoWeb\\apiUsuarioFunyTurismo\\vendor\\laravel\\lumen-framework\\src\\Concerns\\RoutesRequests.php(376): Illuminate\\Container\\Container->call(Array, Array)
#9 C:\\Users\\hunter28\\Documents\\cursos\\Web\\Test-IdhaTrabalhoPraticoWeb\\TrabalhoPraticoWeb\\apiUsuarioFunyTurismo\\vendor\\laravel\\lumen-framework\\src\\Concerns\\RoutesRequests.php(342): Laravel\\Lumen\\Application->callControllerCallable(Array, Array)
#10 C:\\Users\\hunter28\\Documents\\cursos\\Web\\Test-IdhaTrabalhoPraticoWeb\\TrabalhoPraticoWeb\\apiUsuarioFunyTurismo\\vendor\\laravel\\lumen-framework\\src\\Concerns\\RoutesRequests.php(316): Laravel\\Lumen\\Application->callLumenController(Object(App\\Http\\Controllers\\UserController), 'detalhesUsusari...', Array)
#11 C:\\Users\\hunter28\\Documents\\cursos\\Web\\Test-IdhaTrabalhoPraticoWeb\\TrabalhoPraticoWeb\\apiUsuarioFunyTurismo\\vendor\\laravel\\lumen-framework\\src\\Concerns\\RoutesRequests.php(278): Laravel\\Lumen\\Application->callControllerAction(Array)
#12 C:\\Users\\hunter28\\Documents\\cursos\\Web\\Test-IdhaTrabalhoPraticoWeb\\TrabalhoPraticoWeb\\apiUsuarioFunyTurismo\\vendor\\laravel\\lumen-framework\\src\\Concerns\\RoutesRequests.php(263): Laravel\\Lumen\\Application->callActionOnArrayBasedRoute(Array)
#13 C:\\Users\\hunter28\\Documents\\cursos\\Web\\Test-IdhaTrabalhoPraticoWeb\\TrabalhoPraticoWeb\\apiUsuarioFunyTurismo\\vendor\\laravel\\lumen-framework\\src\\Concerns\\RoutesRequests.php(233): Laravel\\Lumen\\Application->handleFoundRoute(Array)
#14 C:\\Users\\hunter28\\Documents\\cursos\\Web\\Test-IdhaTrabalhoPraticoWeb\\TrabalhoPraticoWeb\\apiUsuarioFunyTurismo\\vendor\\laravel\\lumen-framework\\src\\Concerns\\RoutesRequests.php(169): Laravel\\Lumen\\Application->handleDispatcherResponse(Array)
#15 C:\\Users\\hunter28\\Documents\\cursos\\Web\\Test-IdhaTrabalhoPraticoWeb\\TrabalhoPraticoWeb\\apiUsuarioFunyTurismo\\vendor\\laravel\\lumen-framework\\src\\Concerns\\RoutesRequests.php(416): Laravel\\Lumen\\Application->Laravel\\Lumen\\Concerns\\{closure}(Object(Laravel\\Lumen\\Http\\Request))
#16 C:\\Users\\hunter28\\Documents\\cursos\\Web\\Test-IdhaTrabalhoPraticoWeb\\TrabalhoPraticoWeb\\apiUsuarioFunyTurismo\\vendor\\laravel\\lumen-framework\\src\\Concerns\\RoutesRequests.php(171): Laravel\\Lumen\\Application->sendThroughPipeline(Array, Object(Closure))
#17 C:\\Users\\hunter28\\Documents\\cursos\\Web\\Test-IdhaTrabalhoPraticoWeb\\TrabalhoPraticoWeb\\apiUsuarioFunyTurismo\\vendor\\laravel\\lumen-framework\\src\\Concerns\\RoutesRequests.php(108): Laravel\\Lumen\\Application->dispatch(NULL)
#18 C:\\Users\\hunter28\\Documents\\cursos\\Web\\Test-IdhaTrabalhoPraticoWeb\\TrabalhoPraticoWeb\\apiUsuarioFunyTurismo\\public\\index.php(28): Laravel\\Lumen\\Application->run()
#19 {main}
"} 
[2020-01-02 19:35:28] local.ERROR: Exception: Property [name] does not exist on this collection instance. in C:\Users\hunter28\Documents\cursos\Web\Test-IdhaTrabalhoPraticoWeb\TrabalhoPraticoWeb\apiUsuarioFunyTurismo\vendor\illuminate\support\Traits\EnumeratesValues.php:793
Stack trace:
#0 C:\Users\hunter28\Documents\cursos\Web\Test-IdhaTrabalhoPraticoWeb\TrabalhoPraticoWeb\apiUsuarioFunyTurismo\app\Services\UserService.php(51): Illuminate\Support\Collection->__get('name')
#1 C:\Users\hunter28\Documents\cursos\Web\Test-IdhaTrabalhoPraticoWeb\TrabalhoPraticoWeb\apiUsuarioFunyTurismo\app\Http\Controllers\UserController.php(24): App\Services\UserService->detalhesUsusario(21)
#2 [internal function]: App\Http\Controllers\UserController->detalhesUsusario('21')
#3 C:\Users\hunter28\Documents\cursos\Web\Test-IdhaTrabalhoPraticoWeb\TrabalhoPraticoWeb\apiUsuarioFunyTurismo\vendor\illuminate\container\BoundMethod.php(32): call_user_func_array(Array, Array)
#4 C:\Users\hunter28\Documents\cursos\Web\Test-IdhaTrabalhoPraticoWeb\TrabalhoPraticoWeb\apiUsuarioFunyTurismo\vendor\illuminate\container\Util.php(36): Illuminate\Container\BoundMethod::Illuminate\Container\{closure}()
#5 C:\Users\hunter28\Documents\cursos\Web\Test-IdhaTrabalhoPraticoWeb\TrabalhoPraticoWeb\apiUsuarioFunyTurismo\vendor\illuminate\container\BoundMethod.php(90): Illuminate\Container\Util::unwrapIfClosure(Object(Closure))
#6 C:\Users\hunter28\Documents\cursos\Web\Test-IdhaTrabalhoPraticoWeb\TrabalhoPraticoWeb\apiUsuarioFunyTurismo\vendor\illuminate\container\BoundMethod.php(34): Illuminate\Container\BoundMethod::callBoundMethod(Object(Laravel\Lumen\Application), Array, Object(Closure))
#7 C:\Users\hunter28\Documents\cursos\Web\Test-IdhaTrabalhoPraticoWeb\TrabalhoPraticoWeb\apiUsuarioFunyTurismo\vendor\illuminate\container\Container.php(590): Illuminate\Container\BoundMethod::call(Object(Laravel\Lumen\Application), Array, Array, NULL)
#8 C:\Users\hunter28\Documents\cursos\Web\Test-IdhaTrabalhoPraticoWeb\TrabalhoPraticoWeb\apiUsuarioFunyTurismo\vendor\laravel\lumen-framework\src\Concerns\RoutesRequests.php(376): Illuminate\Container\Container->call(Array, Array)
#9 C:\Users\hunter28\Documents\cursos\Web\Test-IdhaTrabalhoPraticoWeb\TrabalhoPraticoWeb\apiUsuarioFunyTurismo\vendor\laravel\lumen-framework\src\Concerns\RoutesRequests.php(342): Laravel\Lumen\Application->callControllerCallable(Array, Array)
#10 C:\Users\hunter28\Documents\cursos\Web\Test-IdhaTrabalhoPraticoWeb\TrabalhoPraticoWeb\apiUsuarioFunyTurismo\vendor\laravel\lumen-framework\src\Concerns\RoutesRequests.php(316): Laravel\Lumen\Application->callLumenController(Object(App\Http\Controllers\UserController), 'detalhesUsusari...', Array)
#11 C:\Users\hunter28\Documents\cursos\Web\Test-IdhaTrabalhoPraticoWeb\TrabalhoPraticoWeb\apiUsuarioFunyTurismo\vendor\laravel\lumen-framework\src\Concerns\RoutesRequests.php(278): Laravel\Lumen\Application->callControllerAction(Array)
#12 C:\Users\hunter28\Documents\cursos\Web\Test-IdhaTrabalhoPraticoWeb\TrabalhoPraticoWeb\apiUsuarioFunyTurismo\vendor\laravel\lumen-framework\src\Concerns\RoutesRequests.php(263): Laravel\Lumen\Application->callActionOnArrayBasedRoute(Array)
#13 C:\Users\hunter28\Documents\cursos\Web\Test-IdhaTrabalhoPraticoWeb\TrabalhoPraticoWeb\apiUsuarioFunyTurismo\vendor\laravel\lumen-framework\src\Concerns\RoutesRequests.php(233): Laravel\Lumen\Application->handleFoundRoute(Array)
#14 C:\Users\hunter28\Documents\cursos\Web\Test-IdhaTrabalhoPraticoWeb\TrabalhoPraticoWeb\apiUsuarioFunyTurismo\vendor\laravel\lumen-framework\src\Concerns\RoutesRequests.php(169): Laravel\Lumen\Application->handleDispatcherResponse(Array)
#15 C:\Users\hunter28\Documents\cursos\Web\Test-IdhaTrabalhoPraticoWeb\TrabalhoPraticoWeb\apiUsuarioFunyTurismo\vendor\laravel\lumen-framework\src\Concerns\RoutesRequests.php(416): Laravel\Lumen\Application->Laravel\Lumen\Concerns\{closure}(Object(Laravel\Lumen\Http\Request))
#16 C:\Users\hunter28\Documents\cursos\Web\Test-IdhaTrabalhoPraticoWeb\TrabalhoPraticoWeb\apiUsuarioFunyTurismo\vendor\laravel\lumen-framework\src\Concerns\RoutesRequests.php(171): Laravel\Lumen\Application->sendThroughPipeline(Array, Object(Closure))
#17 C:\Users\hunter28\Documents\cursos\Web\Test-IdhaTrabalhoPraticoWeb\TrabalhoPraticoWeb\apiUsuarioFunyTurismo\vendor\laravel\lumen-framework\src\Concerns\RoutesRequests.php(108): Laravel\Lumen\Application->dispatch(NULL)
#18 C:\Users\hunter28\Documents\cursos\Web\Test-IdhaTrabalhoPraticoWeb\TrabalhoPraticoWeb\apiUsuarioFunyTurismo\public\index.php(28): Laravel\Lumen\Application->run()
#19 {main} {"exception":"[object] (Exception(code: 0): Property [name] does not exist on this collection instance. at C:\\Users\\hunter28\\Documents\\cursos\\Web\\Test-IdhaTrabalhoPraticoWeb\\TrabalhoPraticoWeb\\apiUsuarioFunyTurismo\\vendor\\illuminate\\support\\Traits\\EnumeratesValues.php:793)
[stacktrace]
#0 C:\\Users\\hunter28\\Documents\\cursos\\Web\\Test-IdhaTrabalhoPraticoWeb\\TrabalhoPraticoWeb\\apiUsuarioFunyTurismo\\app\\Services\\UserService.php(51): Illuminate\\Support\\Collection->__get('name')
#1 C:\\Users\\hunter28\\Documents\\cursos\\Web\\Test-IdhaTrabalhoPraticoWeb\\TrabalhoPraticoWeb\\apiUsuarioFunyTurismo\\app\\Http\\Controllers\\UserController.php(24): App\\Services\\UserService->detalhesUsusario(21)
#2 [internal function]: App\\Http\\Controllers\\UserController->detalhesUsusario('21')
#3 C:\\Users\\hunter28\\Documents\\cursos\\Web\\Test-IdhaTrabalhoPraticoWeb\\TrabalhoPraticoWeb\\apiUsuarioFunyTurismo\\vendor\\illuminate\\container\\BoundMethod.php(32): call_user_func_array(Array, Array)
#4 C:\\Users\\hunter28\\Documents\\cursos\\Web\\Test-IdhaTrabalhoPraticoWeb\\TrabalhoPraticoWeb\\apiUsuarioFunyTurismo\\vendor\\illuminate\\container\\Util.php(36): Illuminate\\Container\\BoundMethod::Illuminate\\Container\\{closure}()
#5 C:\\Users\\hunter28\\Documents\\cursos\\Web\\Test-IdhaTrabalhoPraticoWeb\\TrabalhoPraticoWeb\\apiUsuarioFunyTurismo\\vendor\\illuminate\\container\\BoundMethod.php(90): Illuminate\\Container\\Util::unwrapIfClosure(Object(Closure))
#6 C:\\Users\\hunter28\\Documents\\cursos\\Web\\Test-IdhaTrabalhoPraticoWeb\\TrabalhoPraticoWeb\\apiUsuarioFunyTurismo\\vendor\\illuminate\\container\\BoundMethod.php(34): Illuminate\\Container\\BoundMethod::callBoundMethod(Object(Laravel\\Lumen\\Application), Array, Object(Closure))
#7 C:\\Users\\hunter28\\Documents\\cursos\\Web\\Test-IdhaTrabalhoPraticoWeb\\TrabalhoPraticoWeb\\apiUsuarioFunyTurismo\\vendor\\illuminate\\container\\Container.php(590): Illuminate\\Container\\BoundMethod::call(Object(Laravel\\Lumen\\Application), Array, Array, NULL)
#8 C:\\Users\\hunter28\\Documents\\cursos\\Web\\Test-IdhaTrabalhoPraticoWeb\\TrabalhoPraticoWeb\\apiUsuarioFunyTurismo\\vendor\\laravel\\lumen-framework\\src\\Concerns\\RoutesRequests.php(376): Illuminate\\Container\\Container->call(Array, Array)
#9 C:\\Users\\hunter28\\Documents\\cursos\\Web\\Test-IdhaTrabalhoPraticoWeb\\TrabalhoPraticoWeb\\apiUsuarioFunyTurismo\\vendor\\laravel\\lumen-framework\\src\\Concerns\\RoutesRequests.php(342): Laravel\\Lumen\\Application->callControllerCallable(Array, Array)
#10 C:\\Users\\hunter28\\Documents\\cursos\\Web\\Test-IdhaTrabalhoPraticoWeb\\TrabalhoPraticoWeb\\apiUsuarioFunyTurismo\\vendor\\laravel\\lumen-framework\\src\\Concerns\\RoutesRequests.php(316): Laravel\\Lumen\\Application->callLumenController(Object(App\\Http\\Controllers\\UserController), 'detalhesUsusari...', Array)
#11 C:\\Users\\hunter28\\Documents\\cursos\\Web\\Test-IdhaTrabalhoPraticoWeb\\TrabalhoPraticoWeb\\apiUsuarioFunyTurismo\\vendor\\laravel\\lumen-framework\\src\\Concerns\\RoutesRequests.php(278): Laravel\\Lumen\\Application->callControllerAction(Array)
#12 C:\\Users\\hunter28\\Documents\\cursos\\Web\\Test-IdhaTrabalhoPraticoWeb\\TrabalhoPraticoWeb\\apiUsuarioFunyTurismo\\vendor\\laravel\\lumen-framework\\src\\Concerns\\RoutesRequests.php(263): Laravel\\Lumen\\Application->callActionOnArrayBasedRoute(Array)
#13 C:\\Users\\hunter28\\Documents\\cursos\\Web\\Test-IdhaTrabalhoPraticoWeb\\TrabalhoPraticoWeb\\apiUsuarioFunyTurismo\\vendor\\laravel\\lumen-framework\\src\\Concerns\\RoutesRequests.php(233): Laravel\\Lumen\\Application->handleFoundRoute(Array)
#14 C:\\Users\\hunter28\\Documents\\cursos\\Web\\Test-IdhaTrabalhoPraticoWeb\\TrabalhoPraticoWeb\\apiUsuarioFunyTurismo\\vendor\\laravel\\lumen-framework\\src\\Concerns\\RoutesRequests.php(169): Laravel\\Lumen\\Application->handleDispatcherResponse(Array)
#15 C:\\Users\\hunter28\\Documents\\cursos\\Web\\Test-IdhaTrabalhoPraticoWeb\\TrabalhoPraticoWeb\\apiUsuarioFunyTurismo\\vendor\\laravel\\lumen-framework\\src\\Concerns\\RoutesRequests.php(416): Laravel\\Lumen\\Application->Laravel\\Lumen\\Concerns\\{closure}(Object(Laravel\\Lumen\\Http\\Request))
#16 C:\\Users\\hunter28\\Documents\\cursos\\Web\\Test-IdhaTrabalhoPraticoWeb\\TrabalhoPraticoWeb\\apiUsuarioFunyTurismo\\vendor\\laravel\\lumen-framework\\src\\Concerns\\RoutesRequests.php(171): Laravel\\Lumen\\Application->sendThroughPipeline(Array, Object(Closure))
#17 C:\\Users\\hunter28\\Documents\\cursos\\Web\\Test-IdhaTrabalhoPraticoWeb\\TrabalhoPraticoWeb\\apiUsuarioFunyTurismo\\vendor\\laravel\\lumen-framework\\src\\Concerns\\RoutesRequests.php(108): Laravel\\Lumen\\Application->dispatch(NULL)
#18 C:\\Users\\hunter28\\Documents\\cursos\\Web\\Test-IdhaTrabalhoPraticoWeb\\TrabalhoPraticoWeb\\apiUsuarioFunyTurismo\\public\\index.php(28): Laravel\\Lumen\\Application->run()
#19 {main}
"} 
[2020-01-02 19:39:44] local.ERROR: Exception: Property [name] does not exist on this collection instance. in C:\Users\hunter28\Documents\cursos\Web\Test-IdhaTrabalhoPraticoWeb\TrabalhoPraticoWeb\apiUsuarioFunyTurismo\vendor\illuminate\support\Traits\EnumeratesValues.php:793
Stack trace:
#0 C:\Users\hunter28\Documents\cursos\Web\Test-IdhaTrabalhoPraticoWeb\TrabalhoPraticoWeb\apiUsuarioFunyTurismo\app\Services\UserService.php(52): Illuminate\Support\Collection->__get('name')
#1 C:\Users\hunter28\Documents\cursos\Web\Test-IdhaTrabalhoPraticoWeb\TrabalhoPraticoWeb\apiUsuarioFunyTurismo\app\Http\Controllers\UserController.php(24): App\Services\UserService->detalhesUsusario(21)
#2 [internal function]: App\Http\Controllers\UserController->detalhesUsusario('21')
#3 C:\Users\hunter28\Documents\cursos\Web\Test-IdhaTrabalhoPraticoWeb\TrabalhoPraticoWeb\apiUsuarioFunyTurismo\vendor\illuminate\container\BoundMethod.php(32): call_user_func_array(Array, Array)
#4 C:\Users\hunter28\Documents\cursos\Web\Test-IdhaTrabalhoPraticoWeb\TrabalhoPraticoWeb\apiUsuarioFunyTurismo\vendor\illuminate\container\Util.php(36): Illuminate\Container\BoundMethod::Illuminate\Container\{closure}()
#5 C:\Users\hunter28\Documents\cursos\Web\Test-IdhaTrabalhoPraticoWeb\TrabalhoPraticoWeb\apiUsuarioFunyTurismo\vendor\illuminate\container\BoundMethod.php(90): Illuminate\Container\Util::unwrapIfClosure(Object(Closure))
#6 C:\Users\hunter28\Documents\cursos\Web\Test-IdhaTrabalhoPraticoWeb\TrabalhoPraticoWeb\apiUsuarioFunyTurismo\vendor\illuminate\container\BoundMethod.php(34): Illuminate\Container\BoundMethod::callBoundMethod(Object(Laravel\Lumen\Application), Array, Object(Closure))
#7 C:\Users\hunter28\Documents\cursos\Web\Test-IdhaTrabalhoPraticoWeb\TrabalhoPraticoWeb\apiUsuarioFunyTurismo\vendor\illuminate\container\Container.php(590): Illuminate\Container\BoundMethod::call(Object(Laravel\Lumen\Application), Array, Array, NULL)
#8 C:\Users\hunter28\Documents\cursos\Web\Test-IdhaTrabalhoPraticoWeb\TrabalhoPraticoWeb\apiUsuarioFunyTurismo\vendor\laravel\lumen-framework\src\Concerns\RoutesRequests.php(376): Illuminate\Container\Container->call(Array, Array)
#9 C:\Users\hunter28\Documents\cursos\Web\Test-IdhaTrabalhoPraticoWeb\TrabalhoPraticoWeb\apiUsuarioFunyTurismo\vendor\laravel\lumen-framework\src\Concerns\RoutesRequests.php(342): Laravel\Lumen\Application->callControllerCallable(Array, Array)
#10 C:\Users\hunter28\Documents\cursos\Web\Test-IdhaTrabalhoPraticoWeb\TrabalhoPraticoWeb\apiUsuarioFunyTurismo\vendor\laravel\lumen-framework\src\Concerns\RoutesRequests.php(316): Laravel\Lumen\Application->callLumenController(Object(App\Http\Controllers\UserController), 'detalhesUsusari...', Array)
#11 C:\Users\hunter28\Documents\cursos\Web\Test-IdhaTrabalhoPraticoWeb\TrabalhoPraticoWeb\apiUsuarioFunyTurismo\vendor\laravel\lumen-framework\src\Concerns\RoutesRequests.php(278): Laravel\Lumen\Application->callControllerAction(Array)
#12 C:\Users\hunter28\Documents\cursos\Web\Test-IdhaTrabalhoPraticoWeb\TrabalhoPraticoWeb\apiUsuarioFunyTurismo\vendor\laravel\lumen-framework\src\Concerns\RoutesRequests.php(263): Laravel\Lumen\Application->callActionOnArrayBasedRoute(Array)
#13 C:\Users\hunter28\Documents\cursos\Web\Test-IdhaTrabalhoPraticoWeb\TrabalhoPraticoWeb\apiUsuarioFunyTurismo\vendor\laravel\lumen-framework\src\Concerns\RoutesRequests.php(233): Laravel\Lumen\Application->handleFoundRoute(Array)
#14 C:\Users\hunter28\Documents\cursos\Web\Test-IdhaTrabalhoPraticoWeb\TrabalhoPraticoWeb\apiUsuarioFunyTurismo\vendor\laravel\lumen-framework\src\Concerns\RoutesRequests.php(169): Laravel\Lumen\Application->handleDispatcherResponse(Array)
#15 C:\Users\hunter28\Documents\cursos\Web\Test-IdhaTrabalhoPraticoWeb\TrabalhoPraticoWeb\apiUsuarioFunyTurismo\vendor\laravel\lumen-framework\src\Concerns\RoutesRequests.php(416): Laravel\Lumen\Application->Laravel\Lumen\Concerns\{closure}(Object(Laravel\Lumen\Http\Request))
#16 C:\Users\hunter28\Documents\cursos\Web\Test-IdhaTrabalhoPraticoWeb\TrabalhoPraticoWeb\apiUsuarioFunyTurismo\vendor\laravel\lumen-framework\src\Concerns\RoutesRequests.php(171): Laravel\Lumen\Application->sendThroughPipeline(Array, Object(Closure))
#17 C:\Users\hunter28\Documents\cursos\Web\Test-IdhaTrabalhoPraticoWeb\TrabalhoPraticoWeb\apiUsuarioFunyTurismo\vendor\laravel\lumen-framework\src\Concerns\RoutesRequests.php(108): Laravel\Lumen\Application->dispatch(NULL)
#18 C:\Users\hunter28\Documents\cursos\Web\Test-IdhaTrabalhoPraticoWeb\TrabalhoPraticoWeb\apiUsuarioFunyTurismo\public\index.php(28): Laravel\Lumen\Application->run()
#19 {main} {"exception":"[object] (Exception(code: 0): Property [name] does not exist on this collection instance. at C:\\Users\\hunter28\\Documents\\cursos\\Web\\Test-IdhaTrabalhoPraticoWeb\\TrabalhoPraticoWeb\\apiUsuarioFunyTurismo\\vendor\\illuminate\\support\\Traits\\EnumeratesValues.php:793)
[stacktrace]
#0 C:\\Users\\hunter28\\Documents\\cursos\\Web\\Test-IdhaTrabalhoPraticoWeb\\TrabalhoPraticoWeb\\apiUsuarioFunyTurismo\\app\\Services\\UserService.php(52): Illuminate\\Support\\Collection->__get('name')
#1 C:\\Users\\hunter28\\Documents\\cursos\\Web\\Test-IdhaTrabalhoPraticoWeb\\TrabalhoPraticoWeb\\apiUsuarioFunyTurismo\\app\\Http\\Controllers\\UserController.php(24): App\\Services\\UserService->detalhesUsusario(21)
#2 [internal function]: App\\Http\\Controllers\\UserController->detalhesUsusario('21')
#3 C:\\Users\\hunter28\\Documents\\cursos\\Web\\Test-IdhaTrabalhoPraticoWeb\\TrabalhoPraticoWeb\\apiUsuarioFunyTurismo\\vendor\\illuminate\\container\\BoundMethod.php(32): call_user_func_array(Array, Array)
#4 C:\\Users\\hunter28\\Documents\\cursos\\Web\\Test-IdhaTrabalhoPraticoWeb\\TrabalhoPraticoWeb\\apiUsuarioFunyTurismo\\vendor\\illuminate\\container\\Util.php(36): Illuminate\\Container\\BoundMethod::Illuminate\\Container\\{closure}()
#5 C:\\Users\\hunter28\\Documents\\cursos\\Web\\Test-IdhaTrabalhoPraticoWeb\\TrabalhoPraticoWeb\\apiUsuarioFunyTurismo\\vendor\\illuminate\\container\\BoundMethod.php(90): Illuminate\\Container\\Util::unwrapIfClosure(Object(Closure))
#6 C:\\Users\\hunter28\\Documents\\cursos\\Web\\Test-IdhaTrabalhoPraticoWeb\\TrabalhoPraticoWeb\\apiUsuarioFunyTurismo\\vendor\\illuminate\\container\\BoundMethod.php(34): Illuminate\\Container\\BoundMethod::callBoundMethod(Object(Laravel\\Lumen\\Application), Array, Object(Closure))
#7 C:\\Users\\hunter28\\Documents\\cursos\\Web\\Test-IdhaTrabalhoPraticoWeb\\TrabalhoPraticoWeb\\apiUsuarioFunyTurismo\\vendor\\illuminate\\container\\Container.php(590): Illuminate\\Container\\BoundMethod::call(Object(Laravel\\Lumen\\Application), Array, Array, NULL)
#8 C:\\Users\\hunter28\\Documents\\cursos\\Web\\Test-IdhaTrabalhoPraticoWeb\\TrabalhoPraticoWeb\\apiUsuarioFunyTurismo\\vendor\\laravel\\lumen-framework\\src\\Concerns\\RoutesRequests.php(376): Illuminate\\Container\\Container->call(Array, Array)
#9 C:\\Users\\hunter28\\Documents\\cursos\\Web\\Test-IdhaTrabalhoPraticoWeb\\TrabalhoPraticoWeb\\apiUsuarioFunyTurismo\\vendor\\laravel\\lumen-framework\\src\\Concerns\\RoutesRequests.php(342): Laravel\\Lumen\\Application->callControllerCallable(Array, Array)
#10 C:\\Users\\hunter28\\Documents\\cursos\\Web\\Test-IdhaTrabalhoPraticoWeb\\TrabalhoPraticoWeb\\apiUsuarioFunyTurismo\\vendor\\laravel\\lumen-framework\\src\\Concerns\\RoutesRequests.php(316): Laravel\\Lumen\\Application->callLumenController(Object(App\\Http\\Controllers\\UserController), 'detalhesUsusari...', Array)
#11 C:\\Users\\hunter28\\Documents\\cursos\\Web\\Test-IdhaTrabalhoPraticoWeb\\TrabalhoPraticoWeb\\apiUsuarioFunyTurismo\\vendor\\laravel\\lumen-framework\\src\\Concerns\\RoutesRequests.php(278): Laravel\\Lumen\\Application->callControllerAction(Array)
#12 C:\\Users\\hunter28\\Documents\\cursos\\Web\\Test-IdhaTrabalhoPraticoWeb\\TrabalhoPraticoWeb\\apiUsuarioFunyTurismo\\vendor\\laravel\\lumen-framework\\src\\Concerns\\RoutesRequests.php(263): Laravel\\Lumen\\Application->callActionOnArrayBasedRoute(Array)
#13 C:\\Users\\hunter28\\Documents\\cursos\\Web\\Test-IdhaTrabalhoPraticoWeb\\TrabalhoPraticoWeb\\apiUsuarioFunyTurismo\\vendor\\laravel\\lumen-framework\\src\\Concerns\\RoutesRequests.php(233): Laravel\\Lumen\\Application->handleFoundRoute(Array)
#14 C:\\Users\\hunter28\\Documents\\cursos\\Web\\Test-IdhaTrabalhoPraticoWeb\\TrabalhoPraticoWeb\\apiUsuarioFunyTurismo\\vendor\\laravel\\lumen-framework\\src\\Concerns\\RoutesRequests.php(169): Laravel\\Lumen\\Application->handleDispatcherResponse(Array)
#15 C:\\Users\\hunter28\\Documents\\cursos\\Web\\Test-IdhaTrabalhoPraticoWeb\\TrabalhoPraticoWeb\\apiUsuarioFunyTurismo\\vendor\\laravel\\lumen-framework\\src\\Concerns\\RoutesRequests.php(416): Laravel\\Lumen\\Application->Laravel\\Lumen\\Concerns\\{closure}(Object(Laravel\\Lumen\\Http\\Request))
#16 C:\\Users\\hunter28\\Documents\\cursos\\Web\\Test-IdhaTrabalhoPraticoWeb\\TrabalhoPraticoWeb\\apiUsuarioFunyTurismo\\vendor\\laravel\\lumen-framework\\src\\Concerns\\RoutesRequests.php(171): Laravel\\Lumen\\Application->sendThroughPipeline(Array, Object(Closure))
#17 C:\\Users\\hunter28\\Documents\\cursos\\Web\\Test-IdhaTrabalhoPraticoWeb\\TrabalhoPraticoWeb\\apiUsuarioFunyTurismo\\vendor\\laravel\\lumen-framework\\src\\Concerns\\RoutesRequests.php(108): Laravel\\Lumen\\Application->dispatch(NULL)
#18 C:\\Users\\hunter28\\Documents\\cursos\\Web\\Test-IdhaTrabalhoPraticoWeb\\TrabalhoPraticoWeb\\apiUsuarioFunyTurismo\\public\\index.php(28): Laravel\\Lumen\\Application->run()
#19 {main}
"} 
[2020-01-02 19:40:30] local.ERROR: Exception: Property [name] does not exist on this collection instance. in C:\Users\hunter28\Documents\cursos\Web\Test-IdhaTrabalhoPraticoWeb\TrabalhoPraticoWeb\apiUsuarioFunyTurismo\vendor\illuminate\support\Traits\EnumeratesValues.php:793
Stack trace:
#0 C:\Users\hunter28\Documents\cursos\Web\Test-IdhaTrabalhoPraticoWeb\TrabalhoPraticoWeb\apiUsuarioFunyTurismo\app\Services\UserService.php(50): Illuminate\Support\Collection->__get('name')
#1 C:\Users\hunter28\Documents\cursos\Web\Test-IdhaTrabalhoPraticoWeb\TrabalhoPraticoWeb\apiUsuarioFunyTurismo\app\Http\Controllers\UserController.php(24): App\Services\UserService->detalhesUsusario(21)
#2 [internal function]: App\Http\Controllers\UserController->detalhesUsusario('21')
#3 C:\Users\hunter28\Documents\cursos\Web\Test-IdhaTrabalhoPraticoWeb\TrabalhoPraticoWeb\apiUsuarioFunyTurismo\vendor\illuminate\container\BoundMethod.php(32): call_user_func_array(Array, Array)
#4 C:\Users\hunter28\Documents\cursos\Web\Test-IdhaTrabalhoPraticoWeb\TrabalhoPraticoWeb\apiUsuarioFunyTurismo\vendor\illuminate\container\Util.php(36): Illuminate\Container\BoundMethod::Illuminate\Container\{closure}()
#5 C:\Users\hunter28\Documents\cursos\Web\Test-IdhaTrabalhoPraticoWeb\TrabalhoPraticoWeb\apiUsuarioFunyTurismo\vendor\illuminate\container\BoundMethod.php(90): Illuminate\Container\Util::unwrapIfClosure(Object(Closure))
#6 C:\Users\hunter28\Documents\cursos\Web\Test-IdhaTrabalhoPraticoWeb\TrabalhoPraticoWeb\apiUsuarioFunyTurismo\vendor\illuminate\container\BoundMethod.php(34): Illuminate\Container\BoundMethod::callBoundMethod(Object(Laravel\Lumen\Application), Array, Object(Closure))
#7 C:\Users\hunter28\Documents\cursos\Web\Test-IdhaTrabalhoPraticoWeb\TrabalhoPraticoWeb\apiUsuarioFunyTurismo\vendor\illuminate\container\Container.php(590): Illuminate\Container\BoundMethod::call(Object(Laravel\Lumen\Application), Array, Array, NULL)
#8 C:\Users\hunter28\Documents\cursos\Web\Test-IdhaTrabalhoPraticoWeb\TrabalhoPraticoWeb\apiUsuarioFunyTurismo\vendor\laravel\lumen-framework\src\Concerns\RoutesRequests.php(376): Illuminate\Container\Container->call(Array, Array)
#9 C:\Users\hunter28\Documents\cursos\Web\Test-IdhaTrabalhoPraticoWeb\TrabalhoPraticoWeb\apiUsuarioFunyTurismo\vendor\laravel\lumen-framework\src\Concerns\RoutesRequests.php(342): Laravel\Lumen\Application->callControllerCallable(Array, Array)
#10 C:\Users\hunter28\Documents\cursos\Web\Test-IdhaTrabalhoPraticoWeb\TrabalhoPraticoWeb\apiUsuarioFunyTurismo\vendor\laravel\lumen-framework\src\Concerns\RoutesRequests.php(316): Laravel\Lumen\Application->callLumenController(Object(App\Http\Controllers\UserController), 'detalhesUsusari...', Array)
#11 C:\Users\hunter28\Documents\cursos\Web\Test-IdhaTrabalhoPraticoWeb\TrabalhoPraticoWeb\apiUsuarioFunyTurismo\vendor\laravel\lumen-framework\src\Concerns\RoutesRequests.php(278): Laravel\Lumen\Application->callControllerAction(Array)
#12 C:\Users\hunter28\Documents\cursos\Web\Test-IdhaTrabalhoPraticoWeb\TrabalhoPraticoWeb\apiUsuarioFunyTurismo\vendor\laravel\lumen-framework\src\Concerns\RoutesRequests.php(263): Laravel\Lumen\Application->callActionOnArrayBasedRoute(Array)
#13 C:\Users\hunter28\Documents\cursos\Web\Test-IdhaTrabalhoPraticoWeb\TrabalhoPraticoWeb\apiUsuarioFunyTurismo\vendor\laravel\lumen-framework\src\Concerns\RoutesRequests.php(233): Laravel\Lumen\Application->handleFoundRoute(Array)
#14 C:\Users\hunter28\Documents\cursos\Web\Test-IdhaTrabalhoPraticoWeb\TrabalhoPraticoWeb\apiUsuarioFunyTurismo\vendor\laravel\lumen-framework\src\Concerns\RoutesRequests.php(169): Laravel\Lumen\Application->handleDispatcherResponse(Array)
#15 C:\Users\hunter28\Documents\cursos\Web\Test-IdhaTrabalhoPraticoWeb\TrabalhoPraticoWeb\apiUsuarioFunyTurismo\vendor\laravel\lumen-framework\src\Concerns\RoutesRequests.php(416): Laravel\Lumen\Application->Laravel\Lumen\Concerns\{closure}(Object(Laravel\Lumen\Http\Request))
#16 C:\Users\hunter28\Documents\cursos\Web\Test-IdhaTrabalhoPraticoWeb\TrabalhoPraticoWeb\apiUsuarioFunyTurismo\vendor\laravel\lumen-framework\src\Concerns\RoutesRequests.php(171): Laravel\Lumen\Application->sendThroughPipeline(Array, Object(Closure))
#17 C:\Users\hunter28\Documents\cursos\Web\Test-IdhaTrabalhoPraticoWeb\TrabalhoPraticoWeb\apiUsuarioFunyTurismo\vendor\laravel\lumen-framework\src\Concerns\RoutesRequests.php(108): Laravel\Lumen\Application->dispatch(NULL)
#18 C:\Users\hunter28\Documents\cursos\Web\Test-IdhaTrabalhoPraticoWeb\TrabalhoPraticoWeb\apiUsuarioFunyTurismo\public\index.php(28): Laravel\Lumen\Application->run()
#19 {main} {"exception":"[object] (Exception(code: 0): Property [name] does not exist on this collection instance. at C:\\Users\\hunter28\\Documents\\cursos\\Web\\Test-IdhaTrabalhoPraticoWeb\\TrabalhoPraticoWeb\\apiUsuarioFunyTurismo\\vendor\\illuminate\\support\\Traits\\EnumeratesValues.php:793)
[stacktrace]
#0 C:\\Users\\hunter28\\Documents\\cursos\\Web\\Test-IdhaTrabalhoPraticoWeb\\TrabalhoPraticoWeb\\apiUsuarioFunyTurismo\\app\\Services\\UserService.php(50): Illuminate\\Support\\Collection->__get('name')
#1 C:\\Users\\hunter28\\Documents\\cursos\\Web\\Test-IdhaTrabalhoPraticoWeb\\TrabalhoPraticoWeb\\apiUsuarioFunyTurismo\\app\\Http\\Controllers\\UserController.php(24): App\\Services\\UserService->detalhesUsusario(21)
#2 [internal function]: App\\Http\\Controllers\\UserController->detalhesUsusario('21')
#3 C:\\Users\\hunter28\\Documents\\cursos\\Web\\Test-IdhaTrabalhoPraticoWeb\\TrabalhoPraticoWeb\\apiUsuarioFunyTurismo\\vendor\\illuminate\\container\\BoundMethod.php(32): call_user_func_array(Array, Array)
#4 C:\\Users\\hunter28\\Documents\\cursos\\Web\\Test-IdhaTrabalhoPraticoWeb\\TrabalhoPraticoWeb\\apiUsuarioFunyTurismo\\vendor\\illuminate\\container\\Util.php(36): Illuminate\\Container\\BoundMethod::Illuminate\\Container\\{closure}()
#5 C:\\Users\\hunter28\\Documents\\cursos\\Web\\Test-IdhaTrabalhoPraticoWeb\\TrabalhoPraticoWeb\\apiUsuarioFunyTurismo\\vendor\\illuminate\\container\\BoundMethod.php(90): Illuminate\\Container\\Util::unwrapIfClosure(Object(Closure))
#6 C:\\Users\\hunter28\\Documents\\cursos\\Web\\Test-IdhaTrabalhoPraticoWeb\\TrabalhoPraticoWeb\\apiUsuarioFunyTurismo\\vendor\\illuminate\\container\\BoundMethod.php(34): Illuminate\\Container\\BoundMethod::callBoundMethod(Object(Laravel\\Lumen\\Application), Array, Object(Closure))
#7 C:\\Users\\hunter28\\Documents\\cursos\\Web\\Test-IdhaTrabalhoPraticoWeb\\TrabalhoPraticoWeb\\apiUsuarioFunyTurismo\\vendor\\illuminate\\container\\Container.php(590): Illuminate\\Container\\BoundMethod::call(Object(Laravel\\Lumen\\Application), Array, Array, NULL)
#8 C:\\Users\\hunter28\\Documents\\cursos\\Web\\Test-IdhaTrabalhoPraticoWeb\\TrabalhoPraticoWeb\\apiUsuarioFunyTurismo\\vendor\\laravel\\lumen-framework\\src\\Concerns\\RoutesRequests.php(376): Illuminate\\Container\\Container->call(Array, Array)
#9 C:\\Users\\hunter28\\Documents\\cursos\\Web\\Test-IdhaTrabalhoPraticoWeb\\TrabalhoPraticoWeb\\apiUsuarioFunyTurismo\\vendor\\laravel\\lumen-framework\\src\\Concerns\\RoutesRequests.php(342): Laravel\\Lumen\\Application->callControllerCallable(Array, Array)
#10 C:\\Users\\hunter28\\Documents\\cursos\\Web\\Test-IdhaTrabalhoPraticoWeb\\TrabalhoPraticoWeb\\apiUsuarioFunyTurismo\\vendor\\laravel\\lumen-framework\\src\\Concerns\\RoutesRequests.php(316): Laravel\\Lumen\\Application->callLumenController(Object(App\\Http\\Controllers\\UserController), 'detalhesUsusari...', Array)
#11 C:\\Users\\hunter28\\Documents\\cursos\\Web\\Test-IdhaTrabalhoPraticoWeb\\TrabalhoPraticoWeb\\apiUsuarioFunyTurismo\\vendor\\laravel\\lumen-framework\\src\\Concerns\\RoutesRequests.php(278): Laravel\\Lumen\\Application->callControllerAction(Array)
#12 C:\\Users\\hunter28\\Documents\\cursos\\Web\\Test-IdhaTrabalhoPraticoWeb\\TrabalhoPraticoWeb\\apiUsuarioFunyTurismo\\vendor\\laravel\\lumen-framework\\src\\Concerns\\RoutesRequests.php(263): Laravel\\Lumen\\Application->callActionOnArrayBasedRoute(Array)
#13 C:\\Users\\hunter28\\Documents\\cursos\\Web\\Test-IdhaTrabalhoPraticoWeb\\TrabalhoPraticoWeb\\apiUsuarioFunyTurismo\\vendor\\laravel\\lumen-framework\\src\\Concerns\\RoutesRequests.php(233): Laravel\\Lumen\\Application->handleFoundRoute(Array)
#14 C:\\Users\\hunter28\\Documents\\cursos\\Web\\Test-IdhaTrabalhoPraticoWeb\\TrabalhoPraticoWeb\\apiUsuarioFunyTurismo\\vendor\\laravel\\lumen-framework\\src\\Concerns\\RoutesRequests.php(169): Laravel\\Lumen\\Application->handleDispatcherResponse(Array)
#15 C:\\Users\\hunter28\\Documents\\cursos\\Web\\Test-IdhaTrabalhoPraticoWeb\\TrabalhoPraticoWeb\\apiUsuarioFunyTurismo\\vendor\\laravel\\lumen-framework\\src\\Concerns\\RoutesRequests.php(416): Laravel\\Lumen\\Application->Laravel\\Lumen\\Concerns\\{closure}(Object(Laravel\\Lumen\\Http\\Request))
#16 C:\\Users\\hunter28\\Documents\\cursos\\Web\\Test-IdhaTrabalhoPraticoWeb\\TrabalhoPraticoWeb\\apiUsuarioFunyTurismo\\vendor\\laravel\\lumen-framework\\src\\Concerns\\RoutesRequests.php(171): Laravel\\Lumen\\Application->sendThroughPipeline(Array, Object(Closure))
#17 C:\\Users\\hunter28\\Documents\\cursos\\Web\\Test-IdhaTrabalhoPraticoWeb\\TrabalhoPraticoWeb\\apiUsuarioFunyTurismo\\vendor\\laravel\\lumen-framework\\src\\Concerns\\RoutesRequests.php(108): Laravel\\Lumen\\Application->dispatch(NULL)
#18 C:\\Users\\hunter28\\Documents\\cursos\\Web\\Test-IdhaTrabalhoPraticoWeb\\TrabalhoPraticoWeb\\apiUsuarioFunyTurismo\\public\\index.php(28): Laravel\\Lumen\\Application->run()
#19 {main}
"} 
[2020-01-02 19:41:22] local.ERROR: ErrorException: Use of undefined constant name - assumed 'name' (this will throw an Error in a future version of PHP) in C:\Users\hunter28\Documents\cursos\Web\Test-IdhaTrabalhoPraticoWeb\TrabalhoPraticoWeb\apiUsuarioFunyTurismo\app\Services\UserService.php:50
Stack trace:
#0 C:\Users\hunter28\Documents\cursos\Web\Test-IdhaTrabalhoPraticoWeb\TrabalhoPraticoWeb\apiUsuarioFunyTurismo\app\Services\UserService.php(50): Laravel\Lumen\Application->Laravel\Lumen\Concerns\{closure}(2, 'Use of undefine...', 'C:\\Users\\hunter...', 50, Array)
#1 C:\Users\hunter28\Documents\cursos\Web\Test-IdhaTrabalhoPraticoWeb\TrabalhoPraticoWeb\apiUsuarioFunyTurismo\app\Http\Controllers\UserController.php(24): App\Services\UserService->detalhesUsusario(21)
#2 [internal function]: App\Http\Controllers\UserController->detalhesUsusario('21')
#3 C:\Users\hunter28\Documents\cursos\Web\Test-IdhaTrabalhoPraticoWeb\TrabalhoPraticoWeb\apiUsuarioFunyTurismo\vendor\illuminate\container\BoundMethod.php(32): call_user_func_array(Array, Array)
#4 C:\Users\hunter28\Documents\cursos\Web\Test-IdhaTrabalhoPraticoWeb\TrabalhoPraticoWeb\apiUsuarioFunyTurismo\vendor\illuminate\container\Util.php(36): Illuminate\Container\BoundMethod::Illuminate\Container\{closure}()
#5 C:\Users\hunter28\Documents\cursos\Web\Test-IdhaTrabalhoPraticoWeb\TrabalhoPraticoWeb\apiUsuarioFunyTurismo\vendor\illuminate\container\BoundMethod.php(90): Illuminate\Container\Util::unwrapIfClosure(Object(Closure))
#6 C:\Users\hunter28\Documents\cursos\Web\Test-IdhaTrabalhoPraticoWeb\TrabalhoPraticoWeb\apiUsuarioFunyTurismo\vendor\illuminate\container\BoundMethod.php(34): Illuminate\Container\BoundMethod::callBoundMethod(Object(Laravel\Lumen\Application), Array, Object(Closure))
#7 C:\Users\hunter28\Documents\cursos\Web\Test-IdhaTrabalhoPraticoWeb\TrabalhoPraticoWeb\apiUsuarioFunyTurismo\vendor\illuminate\container\Container.php(590): Illuminate\Container\BoundMethod::call(Object(Laravel\Lumen\Application), Array, Array, NULL)
#8 C:\Users\hunter28\Documents\cursos\Web\Test-IdhaTrabalhoPraticoWeb\TrabalhoPraticoWeb\apiUsuarioFunyTurismo\vendor\laravel\lumen-framework\src\Concerns\RoutesRequests.php(376): Illuminate\Container\Container->call(Array, Array)
#9 C:\Users\hunter28\Documents\cursos\Web\Test-IdhaTrabalhoPraticoWeb\TrabalhoPraticoWeb\apiUsuarioFunyTurismo\vendor\laravel\lumen-framework\src\Concerns\RoutesRequests.php(342): Laravel\Lumen\Application->callControllerCallable(Array, Array)
#10 C:\Users\hunter28\Documents\cursos\Web\Test-IdhaTrabalhoPraticoWeb\TrabalhoPraticoWeb\apiUsuarioFunyTurismo\vendor\laravel\lumen-framework\src\Concerns\RoutesRequests.php(316): Laravel\Lumen\Application->callLumenController(Object(App\Http\Controllers\UserController), 'detalhesUsusari...', Array)
#11 C:\Users\hunter28\Documents\cursos\Web\Test-IdhaTrabalhoPraticoWeb\TrabalhoPraticoWeb\apiUsuarioFunyTurismo\vendor\laravel\lumen-framework\src\Concerns\RoutesRequests.php(278): Laravel\Lumen\Application->callControllerAction(Array)
#12 C:\Users\hunter28\Documents\cursos\Web\Test-IdhaTrabalhoPraticoWeb\TrabalhoPraticoWeb\apiUsuarioFunyTurismo\vendor\laravel\lumen-framework\src\Concerns\RoutesRequests.php(263): Laravel\Lumen\Application->callActionOnArrayBasedRoute(Array)
#13 C:\Users\hunter28\Documents\cursos\Web\Test-IdhaTrabalhoPraticoWeb\TrabalhoPraticoWeb\apiUsuarioFunyTurismo\vendor\laravel\lumen-framework\src\Concerns\RoutesRequests.php(233): Laravel\Lumen\Application->handleFoundRoute(Array)
#14 C:\Users\hunter28\Documents\cursos\Web\Test-IdhaTrabalhoPraticoWeb\TrabalhoPraticoWeb\apiUsuarioFunyTurismo\vendor\laravel\lumen-framework\src\Concerns\RoutesRequests.php(169): Laravel\Lumen\Application->handleDispatcherResponse(Array)
#15 C:\Users\hunter28\Documents\cursos\Web\Test-IdhaTrabalhoPraticoWeb\TrabalhoPraticoWeb\apiUsuarioFunyTurismo\vendor\laravel\lumen-framework\src\Concerns\RoutesRequests.php(416): Laravel\Lumen\Application->Laravel\Lumen\Concerns\{closure}(Object(Laravel\Lumen\Http\Request))
#16 C:\Users\hunter28\Documents\cursos\Web\Test-IdhaTrabalhoPraticoWeb\TrabalhoPraticoWeb\apiUsuarioFunyTurismo\vendor\laravel\lumen-framework\src\Concerns\RoutesRequests.php(171): Laravel\Lumen\Application->sendThroughPipeline(Array, Object(Closure))
#17 C:\Users\hunter28\Documents\cursos\Web\Test-IdhaTrabalhoPraticoWeb\TrabalhoPraticoWeb\apiUsuarioFunyTurismo\vendor\laravel\lumen-framework\src\Concerns\RoutesRequests.php(108): Laravel\Lumen\Application->dispatch(NULL)
#18 C:\Users\hunter28\Documents\cursos\Web\Test-IdhaTrabalhoPraticoWeb\TrabalhoPraticoWeb\apiUsuarioFunyTurismo\public\index.php(28): Laravel\Lumen\Application->run()
#19 {main} {"exception":"[object] (ErrorException(code: 0): Use of undefined constant name - assumed 'name' (this will throw an Error in a future version of PHP) at C:\\Users\\hunter28\\Documents\\cursos\\Web\\Test-IdhaTrabalhoPraticoWeb\\TrabalhoPraticoWeb\\apiUsuarioFunyTurismo\\app\\Services\\UserService.php:50)
[stacktrace]
#0 C:\\Users\\hunter28\\Documents\\cursos\\Web\\Test-IdhaTrabalhoPraticoWeb\\TrabalhoPraticoWeb\\apiUsuarioFunyTurismo\\app\\Services\\UserService.php(50): Laravel\\Lumen\\Application->Laravel\\Lumen\\Concerns\\{closure}(2, 'Use of undefine...', 'C:\\\\Users\\\\hunter...', 50, Array)
#1 C:\\Users\\hunter28\\Documents\\cursos\\Web\\Test-IdhaTrabalhoPraticoWeb\\TrabalhoPraticoWeb\\apiUsuarioFunyTurismo\\app\\Http\\Controllers\\UserController.php(24): App\\Services\\UserService->detalhesUsusario(21)
#2 [internal function]: App\\Http\\Controllers\\UserController->detalhesUsusario('21')
#3 C:\\Users\\hunter28\\Documents\\cursos\\Web\\Test-IdhaTrabalhoPraticoWeb\\TrabalhoPraticoWeb\\apiUsuarioFunyTurismo\\vendor\\illuminate\\container\\BoundMethod.php(32): call_user_func_array(Array, Array)
#4 C:\\Users\\hunter28\\Documents\\cursos\\Web\\Test-IdhaTrabalhoPraticoWeb\\TrabalhoPraticoWeb\\apiUsuarioFunyTurismo\\vendor\\illuminate\\container\\Util.php(36): Illuminate\\Container\\BoundMethod::Illuminate\\Container\\{closure}()
#5 C:\\Users\\hunter28\\Documents\\cursos\\Web\\Test-IdhaTrabalhoPraticoWeb\\TrabalhoPraticoWeb\\apiUsuarioFunyTurismo\\vendor\\illuminate\\container\\BoundMethod.php(90): Illuminate\\Container\\Util::unwrapIfClosure(Object(Closure))
#6 C:\\Users\\hunter28\\Documents\\cursos\\Web\\Test-IdhaTrabalhoPraticoWeb\\TrabalhoPraticoWeb\\apiUsuarioFunyTurismo\\vendor\\illuminate\\container\\BoundMethod.php(34): Illuminate\\Container\\BoundMethod::callBoundMethod(Object(Laravel\\Lumen\\Application), Array, Object(Closure))
#7 C:\\Users\\hunter28\\Documents\\cursos\\Web\\Test-IdhaTrabalhoPraticoWeb\\TrabalhoPraticoWeb\\apiUsuarioFunyTurismo\\vendor\\illuminate\\container\\Container.php(590): Illuminate\\Container\\BoundMethod::call(Object(Laravel\\Lumen\\Application), Array, Array, NULL)
#8 C:\\Users\\hunter28\\Documents\\cursos\\Web\\Test-IdhaTrabalhoPraticoWeb\\TrabalhoPraticoWeb\\apiUsuarioFunyTurismo\\vendor\\laravel\\lumen-framework\\src\\Concerns\\RoutesRequests.php(376): Illuminate\\Container\\Container->call(Array, Array)
#9 C:\\Users\\hunter28\\Documents\\cursos\\Web\\Test-IdhaTrabalhoPraticoWeb\\TrabalhoPraticoWeb\\apiUsuarioFunyTurismo\\vendor\\laravel\\lumen-framework\\src\\Concerns\\RoutesRequests.php(342): Laravel\\Lumen\\Application->callControllerCallable(Array, Array)
#10 C:\\Users\\hunter28\\Documents\\cursos\\Web\\Test-IdhaTrabalhoPraticoWeb\\TrabalhoPraticoWeb\\apiUsuarioFunyTurismo\\vendor\\laravel\\lumen-framework\\src\\Concerns\\RoutesRequests.php(316): Laravel\\Lumen\\Application->callLumenController(Object(App\\Http\\Controllers\\UserController), 'detalhesUsusari...', Array)
#11 C:\\Users\\hunter28\\Documents\\cursos\\Web\\Test-IdhaTrabalhoPraticoWeb\\TrabalhoPraticoWeb\\apiUsuarioFunyTurismo\\vendor\\laravel\\lumen-framework\\src\\Concerns\\RoutesRequests.php(278): Laravel\\Lumen\\Application->callControllerAction(Array)
#12 C:\\Users\\hunter28\\Documents\\cursos\\Web\\Test-IdhaTrabalhoPraticoWeb\\TrabalhoPraticoWeb\\apiUsuarioFunyTurismo\\vendor\\laravel\\lumen-framework\\src\\Concerns\\RoutesRequests.php(263): Laravel\\Lumen\\Application->callActionOnArrayBasedRoute(Array)
#13 C:\\Users\\hunter28\\Documents\\cursos\\Web\\Test-IdhaTrabalhoPraticoWeb\\TrabalhoPraticoWeb\\apiUsuarioFunyTurismo\\vendor\\laravel\\lumen-framework\\src\\Concerns\\RoutesRequests.php(233): Laravel\\Lumen\\Application->handleFoundRoute(Array)
#14 C:\\Users\\hunter28\\Documents\\cursos\\Web\\Test-IdhaTrabalhoPraticoWeb\\TrabalhoPraticoWeb\\apiUsuarioFunyTurismo\\vendor\\laravel\\lumen-framework\\src\\Concerns\\RoutesRequests.php(169): Laravel\\Lumen\\Application->handleDispatcherResponse(Array)
#15 C:\\Users\\hunter28\\Documents\\cursos\\Web\\Test-IdhaTrabalhoPraticoWeb\\TrabalhoPraticoWeb\\apiUsuarioFunyTurismo\\vendor\\laravel\\lumen-framework\\src\\Concerns\\RoutesRequests.php(416): Laravel\\Lumen\\Application->Laravel\\Lumen\\Concerns\\{closure}(Object(Laravel\\Lumen\\Http\\Request))
#16 C:\\Users\\hunter28\\Documents\\cursos\\Web\\Test-IdhaTrabalhoPraticoWeb\\TrabalhoPraticoWeb\\apiUsuarioFunyTurismo\\vendor\\laravel\\lumen-framework\\src\\Concerns\\RoutesRequests.php(171): Laravel\\Lumen\\Application->sendThroughPipeline(Array, Object(Closure))
#17 C:\\Users\\hunter28\\Documents\\cursos\\Web\\Test-IdhaTrabalhoPraticoWeb\\TrabalhoPraticoWeb\\apiUsuarioFunyTurismo\\vendor\\laravel\\lumen-framework\\src\\Concerns\\RoutesRequests.php(108): Laravel\\Lumen\\Application->dispatch(NULL)
#18 C:\\Users\\hunter28\\Documents\\cursos\\Web\\Test-IdhaTrabalhoPraticoWeb\\TrabalhoPraticoWeb\\apiUsuarioFunyTurismo\\public\\index.php(28): Laravel\\Lumen\\Application->run()
#19 {main}
"} 
[2020-01-02 19:41:57] local.ERROR: Exception: Property [name] does not exist on this collection instance. in C:\Users\hunter28\Documents\cursos\Web\Test-IdhaTrabalhoPraticoWeb\TrabalhoPraticoWeb\apiUsuarioFunyTurismo\vendor\illuminate\support\Traits\EnumeratesValues.php:793
Stack trace:
#0 C:\Users\hunter28\Documents\cursos\Web\Test-IdhaTrabalhoPraticoWeb\TrabalhoPraticoWeb\apiUsuarioFunyTurismo\app\Services\UserService.php(50): Illuminate\Support\Collection->__get('name')
#1 C:\Users\hunter28\Documents\cursos\Web\Test-IdhaTrabalhoPraticoWeb\TrabalhoPraticoWeb\apiUsuarioFunyTurismo\app\Http\Controllers\UserController.php(24): App\Services\UserService->detalhesUsusario(21)
#2 [internal function]: App\Http\Controllers\UserController->detalhesUsusario('21')
#3 C:\Users\hunter28\Documents\cursos\Web\Test-IdhaTrabalhoPraticoWeb\TrabalhoPraticoWeb\apiUsuarioFunyTurismo\vendor\illuminate\container\BoundMethod.php(32): call_user_func_array(Array, Array)
#4 C:\Users\hunter28\Documents\cursos\Web\Test-IdhaTrabalhoPraticoWeb\TrabalhoPraticoWeb\apiUsuarioFunyTurismo\vendor\illuminate\container\Util.php(36): Illuminate\Container\BoundMethod::Illuminate\Container\{closure}()
#5 C:\Users\hunter28\Documents\cursos\Web\Test-IdhaTrabalhoPraticoWeb\TrabalhoPraticoWeb\apiUsuarioFunyTurismo\vendor\illuminate\container\BoundMethod.php(90): Illuminate\Container\Util::unwrapIfClosure(Object(Closure))
#6 C:\Users\hunter28\Documents\cursos\Web\Test-IdhaTrabalhoPraticoWeb\TrabalhoPraticoWeb\apiUsuarioFunyTurismo\vendor\illuminate\container\BoundMethod.php(34): Illuminate\Container\BoundMethod::callBoundMethod(Object(Laravel\Lumen\Application), Array, Object(Closure))
#7 C:\Users\hunter28\Documents\cursos\Web\Test-IdhaTrabalhoPraticoWeb\TrabalhoPraticoWeb\apiUsuarioFunyTurismo\vendor\illuminate\container\Container.php(590): Illuminate\Container\BoundMethod::call(Object(Laravel\Lumen\Application), Array, Array, NULL)
#8 C:\Users\hunter28\Documents\cursos\Web\Test-IdhaTrabalhoPraticoWeb\TrabalhoPraticoWeb\apiUsuarioFunyTurismo\vendor\laravel\lumen-framework\src\Concerns\RoutesRequests.php(376): Illuminate\Container\Container->call(Array, Array)
#9 C:\Users\hunter28\Documents\cursos\Web\Test-IdhaTrabalhoPraticoWeb\TrabalhoPraticoWeb\apiUsuarioFunyTurismo\vendor\laravel\lumen-framework\src\Concerns\RoutesRequests.php(342): Laravel\Lumen\Application->callControllerCallable(Array, Array)
#10 C:\Users\hunter28\Documents\cursos\Web\Test-IdhaTrabalhoPraticoWeb\TrabalhoPraticoWeb\apiUsuarioFunyTurismo\vendor\laravel\lumen-framework\src\Concerns\RoutesRequests.php(316): Laravel\Lumen\Application->callLumenController(Object(App\Http\Controllers\UserController), 'detalhesUsusari...', Array)
#11 C:\Users\hunter28\Documents\cursos\Web\Test-IdhaTrabalhoPraticoWeb\TrabalhoPraticoWeb\apiUsuarioFunyTurismo\vendor\laravel\lumen-framework\src\Concerns\RoutesRequests.php(278): Laravel\Lumen\Application->callControllerAction(Array)
#12 C:\Users\hunter28\Documents\cursos\Web\Test-IdhaTrabalhoPraticoWeb\TrabalhoPraticoWeb\apiUsuarioFunyTurismo\vendor\laravel\lumen-framework\src\Concerns\RoutesRequests.php(263): Laravel\Lumen\Application->callActionOnArrayBasedRoute(Array)
#13 C:\Users\hunter28\Documents\cursos\Web\Test-IdhaTrabalhoPraticoWeb\TrabalhoPraticoWeb\apiUsuarioFunyTurismo\vendor\laravel\lumen-framework\src\Concerns\RoutesRequests.php(233): Laravel\Lumen\Application->handleFoundRoute(Array)
#14 C:\Users\hunter28\Documents\cursos\Web\Test-IdhaTrabalhoPraticoWeb\TrabalhoPraticoWeb\apiUsuarioFunyTurismo\vendor\laravel\lumen-framework\src\Concerns\RoutesRequests.php(169): Laravel\Lumen\Application->handleDispatcherResponse(Array)
#15 C:\Users\hunter28\Documents\cursos\Web\Test-IdhaTrabalhoPraticoWeb\TrabalhoPraticoWeb\apiUsuarioFunyTurismo\vendor\laravel\lumen-framework\src\Concerns\RoutesRequests.php(416): Laravel\Lumen\Application->Laravel\Lumen\Concerns\{closure}(Object(Laravel\Lumen\Http\Request))
#16 C:\Users\hunter28\Documents\cursos\Web\Test-IdhaTrabalhoPraticoWeb\TrabalhoPraticoWeb\apiUsuarioFunyTurismo\vendor\laravel\lumen-framework\src\Concerns\RoutesRequests.php(171): Laravel\Lumen\Application->sendThroughPipeline(Array, Object(Closure))
#17 C:\Users\hunter28\Documents\cursos\Web\Test-IdhaTrabalhoPraticoWeb\TrabalhoPraticoWeb\apiUsuarioFunyTurismo\vendor\laravel\lumen-framework\src\Concerns\RoutesRequests.php(108): Laravel\Lumen\Application->dispatch(NULL)
#18 C:\Users\hunter28\Documents\cursos\Web\Test-IdhaTrabalhoPraticoWeb\TrabalhoPraticoWeb\apiUsuarioFunyTurismo\public\index.php(28): Laravel\Lumen\Application->run()
#19 {main} {"exception":"[object] (Exception(code: 0): Property [name] does not exist on this collection instance. at C:\\Users\\hunter28\\Documents\\cursos\\Web\\Test-IdhaTrabalhoPraticoWeb\\TrabalhoPraticoWeb\\apiUsuarioFunyTurismo\\vendor\\illuminate\\support\\Traits\\EnumeratesValues.php:793)
[stacktrace]
#0 C:\\Users\\hunter28\\Documents\\cursos\\Web\\Test-IdhaTrabalhoPraticoWeb\\TrabalhoPraticoWeb\\apiUsuarioFunyTurismo\\app\\Services\\UserService.php(50): Illuminate\\Support\\Collection->__get('name')
#1 C:\\Users\\hunter28\\Documents\\cursos\\Web\\Test-IdhaTrabalhoPraticoWeb\\TrabalhoPraticoWeb\\apiUsuarioFunyTurismo\\app\\Http\\Controllers\\UserController.php(24): App\\Services\\UserService->detalhesUsusario(21)
#2 [internal function]: App\\Http\\Controllers\\UserController->detalhesUsusario('21')
#3 C:\\Users\\hunter28\\Documents\\cursos\\Web\\Test-IdhaTrabalhoPraticoWeb\\TrabalhoPraticoWeb\\apiUsuarioFunyTurismo\\vendor\\illuminate\\container\\BoundMethod.php(32): call_user_func_array(Array, Array)
#4 C:\\Users\\hunter28\\Documents\\cursos\\Web\\Test-IdhaTrabalhoPraticoWeb\\TrabalhoPraticoWeb\\apiUsuarioFunyTurismo\\vendor\\illuminate\\container\\Util.php(36): Illuminate\\Container\\BoundMethod::Illuminate\\Container\\{closure}()
#5 C:\\Users\\hunter28\\Documents\\cursos\\Web\\Test-IdhaTrabalhoPraticoWeb\\TrabalhoPraticoWeb\\apiUsuarioFunyTurismo\\vendor\\illuminate\\container\\BoundMethod.php(90): Illuminate\\Container\\Util::unwrapIfClosure(Object(Closure))
#6 C:\\Users\\hunter28\\Documents\\cursos\\Web\\Test-IdhaTrabalhoPraticoWeb\\TrabalhoPraticoWeb\\apiUsuarioFunyTurismo\\vendor\\illuminate\\container\\BoundMethod.php(34): Illuminate\\Container\\BoundMethod::callBoundMethod(Object(Laravel\\Lumen\\Application), Array, Object(Closure))
#7 C:\\Users\\hunter28\\Documents\\cursos\\Web\\Test-IdhaTrabalhoPraticoWeb\\TrabalhoPraticoWeb\\apiUsuarioFunyTurismo\\vendor\\illuminate\\container\\Container.php(590): Illuminate\\Container\\BoundMethod::call(Object(Laravel\\Lumen\\Application), Array, Array, NULL)
#8 C:\\Users\\hunter28\\Documents\\cursos\\Web\\Test-IdhaTrabalhoPraticoWeb\\TrabalhoPraticoWeb\\apiUsuarioFunyTurismo\\vendor\\laravel\\lumen-framework\\src\\Concerns\\RoutesRequests.php(376): Illuminate\\Container\\Container->call(Array, Array)
#9 C:\\Users\\hunter28\\Documents\\cursos\\Web\\Test-IdhaTrabalhoPraticoWeb\\TrabalhoPraticoWeb\\apiUsuarioFunyTurismo\\vendor\\laravel\\lumen-framework\\src\\Concerns\\RoutesRequests.php(342): Laravel\\Lumen\\Application->callControllerCallable(Array, Array)
#10 C:\\Users\\hunter28\\Documents\\cursos\\Web\\Test-IdhaTrabalhoPraticoWeb\\TrabalhoPraticoWeb\\apiUsuarioFunyTurismo\\vendor\\laravel\\lumen-framework\\src\\Concerns\\RoutesRequests.php(316): Laravel\\Lumen\\Application->callLumenController(Object(App\\Http\\Controllers\\UserController), 'detalhesUsusari...', Array)
#11 C:\\Users\\hunter28\\Documents\\cursos\\Web\\Test-IdhaTrabalhoPraticoWeb\\TrabalhoPraticoWeb\\apiUsuarioFunyTurismo\\vendor\\laravel\\lumen-framework\\src\\Concerns\\RoutesRequests.php(278): Laravel\\Lumen\\Application->callControllerAction(Array)
#12 C:\\Users\\hunter28\\Documents\\cursos\\Web\\Test-IdhaTrabalhoPraticoWeb\\TrabalhoPraticoWeb\\apiUsuarioFunyTurismo\\vendor\\laravel\\lumen-framework\\src\\Concerns\\RoutesRequests.php(263): Laravel\\Lumen\\Application->callActionOnArrayBasedRoute(Array)
#13 C:\\Users\\hunter28\\Documents\\cursos\\Web\\Test-IdhaTrabalhoPraticoWeb\\TrabalhoPraticoWeb\\apiUsuarioFunyTurismo\\vendor\\laravel\\lumen-framework\\src\\Concerns\\RoutesRequests.php(233): Laravel\\Lumen\\Application->handleFoundRoute(Array)
#14 C:\\Users\\hunter28\\Documents\\cursos\\Web\\Test-IdhaTrabalhoPraticoWeb\\TrabalhoPraticoWeb\\apiUsuarioFunyTurismo\\vendor\\laravel\\lumen-framework\\src\\Concerns\\RoutesRequests.php(169): Laravel\\Lumen\\Application->handleDispatcherResponse(Array)
#15 C:\\Users\\hunter28\\Documents\\cursos\\Web\\Test-IdhaTrabalhoPraticoWeb\\TrabalhoPraticoWeb\\apiUsuarioFunyTurismo\\vendor\\laravel\\lumen-framework\\src\\Concerns\\RoutesRequests.php(416): Laravel\\Lumen\\Application->Laravel\\Lumen\\Concerns\\{closure}(Object(Laravel\\Lumen\\Http\\Request))
#16 C:\\Users\\hunter28\\Documents\\cursos\\Web\\Test-IdhaTrabalhoPraticoWeb\\TrabalhoPraticoWeb\\apiUsuarioFunyTurismo\\vendor\\laravel\\lumen-framework\\src\\Concerns\\RoutesRequests.php(171): Laravel\\Lumen\\Application->sendThroughPipeline(Array, Object(Closure))
#17 C:\\Users\\hunter28\\Documents\\cursos\\Web\\Test-IdhaTrabalhoPraticoWeb\\TrabalhoPraticoWeb\\apiUsuarioFunyTurismo\\vendor\\laravel\\lumen-framework\\src\\Concerns\\RoutesRequests.php(108): Laravel\\Lumen\\Application->dispatch(NULL)
#18 C:\\Users\\hunter28\\Documents\\cursos\\Web\\Test-IdhaTrabalhoPraticoWeb\\TrabalhoPraticoWeb\\apiUsuarioFunyTurismo\\public\\index.php(28): Laravel\\Lumen\\Application->run()
#19 {main}
"} 
[2020-01-02 19:42:11] local.ERROR: Exception: Property [email] does not exist on this collection instance. in C:\Users\hunter28\Documents\cursos\Web\Test-IdhaTrabalhoPraticoWeb\TrabalhoPraticoWeb\apiUsuarioFunyTurismo\vendor\illuminate\support\Traits\EnumeratesValues.php:793
Stack trace:
#0 C:\Users\hunter28\Documents\cursos\Web\Test-IdhaTrabalhoPraticoWeb\TrabalhoPraticoWeb\apiUsuarioFunyTurismo\app\Services\UserService.php(50): Illuminate\Support\Collection->__get('email')
#1 C:\Users\hunter28\Documents\cursos\Web\Test-IdhaTrabalhoPraticoWeb\TrabalhoPraticoWeb\apiUsuarioFunyTurismo\app\Http\Controllers\UserController.php(24): App\Services\UserService->detalhesUsusario(21)
#2 [internal function]: App\Http\Controllers\UserController->detalhesUsusario('21')
#3 C:\Users\hunter28\Documents\cursos\Web\Test-IdhaTrabalhoPraticoWeb\TrabalhoPraticoWeb\apiUsuarioFunyTurismo\vendor\illuminate\container\BoundMethod.php(32): call_user_func_array(Array, Array)
#4 C:\Users\hunter28\Documents\cursos\Web\Test-IdhaTrabalhoPraticoWeb\TrabalhoPraticoWeb\apiUsuarioFunyTurismo\vendor\illuminate\container\Util.php(36): Illuminate\Container\BoundMethod::Illuminate\Container\{closure}()
#5 C:\Users\hunter28\Documents\cursos\Web\Test-IdhaTrabalhoPraticoWeb\TrabalhoPraticoWeb\apiUsuarioFunyTurismo\vendor\illuminate\container\BoundMethod.php(90): Illuminate\Container\Util::unwrapIfClosure(Object(Closure))
#6 C:\Users\hunter28\Documents\cursos\Web\Test-IdhaTrabalhoPraticoWeb\TrabalhoPraticoWeb\apiUsuarioFunyTurismo\vendor\illuminate\container\BoundMethod.php(34): Illuminate\Container\BoundMethod::callBoundMethod(Object(Laravel\Lumen\Application), Array, Object(Closure))
#7 C:\Users\hunter28\Documents\cursos\Web\Test-IdhaTrabalhoPraticoWeb\TrabalhoPraticoWeb\apiUsuarioFunyTurismo\vendor\illuminate\container\Container.php(590): Illuminate\Container\BoundMethod::call(Object(Laravel\Lumen\Application), Array, Array, NULL)
#8 C:\Users\hunter28\Documents\cursos\Web\Test-IdhaTrabalhoPraticoWeb\TrabalhoPraticoWeb\apiUsuarioFunyTurismo\vendor\laravel\lumen-framework\src\Concerns\RoutesRequests.php(376): Illuminate\Container\Container->call(Array, Array)
#9 C:\Users\hunter28\Documents\cursos\Web\Test-IdhaTrabalhoPraticoWeb\TrabalhoPraticoWeb\apiUsuarioFunyTurismo\vendor\laravel\lumen-framework\src\Concerns\RoutesRequests.php(342): Laravel\Lumen\Application->callControllerCallable(Array, Array)
#10 C:\Users\hunter28\Documents\cursos\Web\Test-IdhaTrabalhoPraticoWeb\TrabalhoPraticoWeb\apiUsuarioFunyTurismo\vendor\laravel\lumen-framework\src\Concerns\RoutesRequests.php(316): Laravel\Lumen\Application->callLumenController(Object(App\Http\Controllers\UserController), 'detalhesUsusari...', Array)
#11 C:\Users\hunter28\Documents\cursos\Web\Test-IdhaTrabalhoPraticoWeb\TrabalhoPraticoWeb\apiUsuarioFunyTurismo\vendor\laravel\lumen-framework\src\Concerns\RoutesRequests.php(278): Laravel\Lumen\Application->callControllerAction(Array)
#12 C:\Users\hunter28\Documents\cursos\Web\Test-IdhaTrabalhoPraticoWeb\TrabalhoPraticoWeb\apiUsuarioFunyTurismo\vendor\laravel\lumen-framework\src\Concerns\RoutesRequests.php(263): Laravel\Lumen\Application->callActionOnArrayBasedRoute(Array)
#13 C:\Users\hunter28\Documents\cursos\Web\Test-IdhaTrabalhoPraticoWeb\TrabalhoPraticoWeb\apiUsuarioFunyTurismo\vendor\laravel\lumen-framework\src\Concerns\RoutesRequests.php(233): Laravel\Lumen\Application->handleFoundRoute(Array)
#14 C:\Users\hunter28\Documents\cursos\Web\Test-IdhaTrabalhoPraticoWeb\TrabalhoPraticoWeb\apiUsuarioFunyTurismo\vendor\laravel\lumen-framework\src\Concerns\RoutesRequests.php(169): Laravel\Lumen\Application->handleDispatcherResponse(Array)
#15 C:\Users\hunter28\Documents\cursos\Web\Test-IdhaTrabalhoPraticoWeb\TrabalhoPraticoWeb\apiUsuarioFunyTurismo\vendor\laravel\lumen-framework\src\Concerns\RoutesRequests.php(416): Laravel\Lumen\Application->Laravel\Lumen\Concerns\{closure}(Object(Laravel\Lumen\Http\Request))
#16 C:\Users\hunter28\Documents\cursos\Web\Test-IdhaTrabalhoPraticoWeb\TrabalhoPraticoWeb\apiUsuarioFunyTurismo\vendor\laravel\lumen-framework\src\Concerns\RoutesRequests.php(171): Laravel\Lumen\Application->sendThroughPipeline(Array, Object(Closure))
#17 C:\Users\hunter28\Documents\cursos\Web\Test-IdhaTrabalhoPraticoWeb\TrabalhoPraticoWeb\apiUsuarioFunyTurismo\vendor\laravel\lumen-framework\src\Concerns\RoutesRequests.php(108): Laravel\Lumen\Application->dispatch(NULL)
#18 C:\Users\hunter28\Documents\cursos\Web\Test-IdhaTrabalhoPraticoWeb\TrabalhoPraticoWeb\apiUsuarioFunyTurismo\public\index.php(28): Laravel\Lumen\Application->run()
#19 {main} {"exception":"[object] (Exception(code: 0): Property [email] does not exist on this collection instance. at C:\\Users\\hunter28\\Documents\\cursos\\Web\\Test-IdhaTrabalhoPraticoWeb\\TrabalhoPraticoWeb\\apiUsuarioFunyTurismo\\vendor\\illuminate\\support\\Traits\\EnumeratesValues.php:793)
[stacktrace]
#0 C:\\Users\\hunter28\\Documents\\cursos\\Web\\Test-IdhaTrabalhoPraticoWeb\\TrabalhoPraticoWeb\\apiUsuarioFunyTurismo\\app\\Services\\UserService.php(50): Illuminate\\Support\\Collection->__get('email')
#1 C:\\Users\\hunter28\\Documents\\cursos\\Web\\Test-IdhaTrabalhoPraticoWeb\\TrabalhoPraticoWeb\\apiUsuarioFunyTurismo\\app\\Http\\Controllers\\UserController.php(24): App\\Services\\UserService->detalhesUsusario(21)
#2 [internal function]: App\\Http\\Controllers\\UserController->detalhesUsusario('21')
#3 C:\\Users\\hunter28\\Documents\\cursos\\Web\\Test-IdhaTrabalhoPraticoWeb\\TrabalhoPraticoWeb\\apiUsuarioFunyTurismo\\vendor\\illuminate\\container\\BoundMethod.php(32): call_user_func_array(Array, Array)
#4 C:\\Users\\hunter28\\Documents\\cursos\\Web\\Test-IdhaTrabalhoPraticoWeb\\TrabalhoPraticoWeb\\apiUsuarioFunyTurismo\\vendor\\illuminate\\container\\Util.php(36): Illuminate\\Container\\BoundMethod::Illuminate\\Container\\{closure}()
#5 C:\\Users\\hunter28\\Documents\\cursos\\Web\\Test-IdhaTrabalhoPraticoWeb\\TrabalhoPraticoWeb\\apiUsuarioFunyTurismo\\vendor\\illuminate\\container\\BoundMethod.php(90): Illuminate\\Container\\Util::unwrapIfClosure(Object(Closure))
#6 C:\\Users\\hunter28\\Documents\\cursos\\Web\\Test-IdhaTrabalhoPraticoWeb\\TrabalhoPraticoWeb\\apiUsuarioFunyTurismo\\vendor\\illuminate\\container\\BoundMethod.php(34): Illuminate\\Container\\BoundMethod::callBoundMethod(Object(Laravel\\Lumen\\Application), Array, Object(Closure))
#7 C:\\Users\\hunter28\\Documents\\cursos\\Web\\Test-IdhaTrabalhoPraticoWeb\\TrabalhoPraticoWeb\\apiUsuarioFunyTurismo\\vendor\\illuminate\\container\\Container.php(590): Illuminate\\Container\\BoundMethod::call(Object(Laravel\\Lumen\\Application), Array, Array, NULL)
#8 C:\\Users\\hunter28\\Documents\\cursos\\Web\\Test-IdhaTrabalhoPraticoWeb\\TrabalhoPraticoWeb\\apiUsuarioFunyTurismo\\vendor\\laravel\\lumen-framework\\src\\Concerns\\RoutesRequests.php(376): Illuminate\\Container\\Container->call(Array, Array)
#9 C:\\Users\\hunter28\\Documents\\cursos\\Web\\Test-IdhaTrabalhoPraticoWeb\\TrabalhoPraticoWeb\\apiUsuarioFunyTurismo\\vendor\\laravel\\lumen-framework\\src\\Concerns\\RoutesRequests.php(342): Laravel\\Lumen\\Application->callControllerCallable(Array, Array)
#10 C:\\Users\\hunter28\\Documents\\cursos\\Web\\Test-IdhaTrabalhoPraticoWeb\\TrabalhoPraticoWeb\\apiUsuarioFunyTurismo\\vendor\\laravel\\lumen-framework\\src\\Concerns\\RoutesRequests.php(316): Laravel\\Lumen\\Application->callLumenController(Object(App\\Http\\Controllers\\UserController), 'detalhesUsusari...', Array)
#11 C:\\Users\\hunter28\\Documents\\cursos\\Web\\Test-IdhaTrabalhoPraticoWeb\\TrabalhoPraticoWeb\\apiUsuarioFunyTurismo\\vendor\\laravel\\lumen-framework\\src\\Concerns\\RoutesRequests.php(278): Laravel\\Lumen\\Application->callControllerAction(Array)
#12 C:\\Users\\hunter28\\Documents\\cursos\\Web\\Test-IdhaTrabalhoPraticoWeb\\TrabalhoPraticoWeb\\apiUsuarioFunyTurismo\\vendor\\laravel\\lumen-framework\\src\\Concerns\\RoutesRequests.php(263): Laravel\\Lumen\\Application->callActionOnArrayBasedRoute(Array)
#13 C:\\Users\\hunter28\\Documents\\cursos\\Web\\Test-IdhaTrabalhoPraticoWeb\\TrabalhoPraticoWeb\\apiUsuarioFunyTurismo\\vendor\\laravel\\lumen-framework\\src\\Concerns\\RoutesRequests.php(233): Laravel\\Lumen\\Application->handleFoundRoute(Array)
#14 C:\\Users\\hunter28\\Documents\\cursos\\Web\\Test-IdhaTrabalhoPraticoWeb\\TrabalhoPraticoWeb\\apiUsuarioFunyTurismo\\vendor\\laravel\\lumen-framework\\src\\Concerns\\RoutesRequests.php(169): Laravel\\Lumen\\Application->handleDispatcherResponse(Array)
#15 C:\\Users\\hunter28\\Documents\\cursos\\Web\\Test-IdhaTrabalhoPraticoWeb\\TrabalhoPraticoWeb\\apiUsuarioFunyTurismo\\vendor\\laravel\\lumen-framework\\src\\Concerns\\RoutesRequests.php(416): Laravel\\Lumen\\Application->Laravel\\Lumen\\Concerns\\{closure}(Object(Laravel\\Lumen\\Http\\Request))
#16 C:\\Users\\hunter28\\Documents\\cursos\\Web\\Test-IdhaTrabalhoPraticoWeb\\TrabalhoPraticoWeb\\apiUsuarioFunyTurismo\\vendor\\laravel\\lumen-framework\\src\\Concerns\\RoutesRequests.php(171): Laravel\\Lumen\\Application->sendThroughPipeline(Array, Object(Closure))
#17 C:\\Users\\hunter28\\Documents\\cursos\\Web\\Test-IdhaTrabalhoPraticoWeb\\TrabalhoPraticoWeb\\apiUsuarioFunyTurismo\\vendor\\laravel\\lumen-framework\\src\\Concerns\\RoutesRequests.php(108): Laravel\\Lumen\\Application->dispatch(NULL)
#18 C:\\Users\\hunter28\\Documents\\cursos\\Web\\Test-IdhaTrabalhoPraticoWeb\\TrabalhoPraticoWeb\\apiUsuarioFunyTurismo\\public\\index.php(28): Laravel\\Lumen\\Application->run()
#19 {main}
"} 
[2020-01-02 19:51:32] local.ERROR: Exception: Property [name] does not exist on this collection instance. in C:\Users\hunter28\Documents\cursos\Web\Test-IdhaTrabalhoPraticoWeb\TrabalhoPraticoWeb\apiUsuarioFunyTurismo\vendor\illuminate\support\Traits\EnumeratesValues.php:793
Stack trace:
#0 C:\Users\hunter28\Documents\cursos\Web\Test-IdhaTrabalhoPraticoWeb\TrabalhoPraticoWeb\apiUsuarioFunyTurismo\app\Services\UserService.php(50): Illuminate\Support\Collection->__get('name')
#1 C:\Users\hunter28\Documents\cursos\Web\Test-IdhaTrabalhoPraticoWeb\TrabalhoPraticoWeb\apiUsuarioFunyTurismo\app\Http\Controllers\UserController.php(24): App\Services\UserService->detalhesUsusario(21)
#2 [internal function]: App\Http\Controllers\UserController->detalhesUsusario('21')
#3 C:\Users\hunter28\Documents\cursos\Web\Test-IdhaTrabalhoPraticoWeb\TrabalhoPraticoWeb\apiUsuarioFunyTurismo\vendor\illuminate\container\BoundMethod.php(32): call_user_func_array(Array, Array)
#4 C:\Users\hunter28\Documents\cursos\Web\Test-IdhaTrabalhoPraticoWeb\TrabalhoPraticoWeb\apiUsuarioFunyTurismo\vendor\illuminate\container\Util.php(36): Illuminate\Container\BoundMethod::Illuminate\Container\{closure}()
#5 C:\Users\hunter28\Documents\cursos\Web\Test-IdhaTrabalhoPraticoWeb\TrabalhoPraticoWeb\apiUsuarioFunyTurismo\vendor\illuminate\container\BoundMethod.php(90): Illuminate\Container\Util::unwrapIfClosure(Object(Closure))
#6 C:\Users\hunter28\Documents\cursos\Web\Test-IdhaTrabalhoPraticoWeb\TrabalhoPraticoWeb\apiUsuarioFunyTurismo\vendor\illuminate\container\BoundMethod.php(34): Illuminate\Container\BoundMethod::callBoundMethod(Object(Laravel\Lumen\Application), Array, Object(Closure))
#7 C:\Users\hunter28\Documents\cursos\Web\Test-IdhaTrabalhoPraticoWeb\TrabalhoPraticoWeb\apiUsuarioFunyTurismo\vendor\illuminate\container\Container.php(590): Illuminate\Container\BoundMethod::call(Object(Laravel\Lumen\Application), Array, Array, NULL)
#8 C:\Users\hunter28\Documents\cursos\Web\Test-IdhaTrabalhoPraticoWeb\TrabalhoPraticoWeb\apiUsuarioFunyTurismo\vendor\laravel\lumen-framework\src\Concerns\RoutesRequests.php(376): Illuminate\Container\Container->call(Array, Array)
#9 C:\Users\hunter28\Documents\cursos\Web\Test-IdhaTrabalhoPraticoWeb\TrabalhoPraticoWeb\apiUsuarioFunyTurismo\vendor\laravel\lumen-framework\src\Concerns\RoutesRequests.php(342): Laravel\Lumen\Application->callControllerCallable(Array, Array)
#10 C:\Users\hunter28\Documents\cursos\Web\Test-IdhaTrabalhoPraticoWeb\TrabalhoPraticoWeb\apiUsuarioFunyTurismo\vendor\laravel\lumen-framework\src\Concerns\RoutesRequests.php(316): Laravel\Lumen\Application->callLumenController(Object(App\Http\Controllers\UserController), 'detalhesUsusari...', Array)
#11 C:\Users\hunter28\Documents\cursos\Web\Test-IdhaTrabalhoPraticoWeb\TrabalhoPraticoWeb\apiUsuarioFunyTurismo\vendor\laravel\lumen-framework\src\Concerns\RoutesRequests.php(278): Laravel\Lumen\Application->callControllerAction(Array)
#12 C:\Users\hunter28\Documents\cursos\Web\Test-IdhaTrabalhoPraticoWeb\TrabalhoPraticoWeb\apiUsuarioFunyTurismo\vendor\laravel\lumen-framework\src\Concerns\RoutesRequests.php(263): Laravel\Lumen\Application->callActionOnArrayBasedRoute(Array)
#13 C:\Users\hunter28\Documents\cursos\Web\Test-IdhaTrabalhoPraticoWeb\TrabalhoPraticoWeb\apiUsuarioFunyTurismo\vendor\laravel\lumen-framework\src\Concerns\RoutesRequests.php(233): Laravel\Lumen\Application->handleFoundRoute(Array)
#14 C:\Users\hunter28\Documents\cursos\Web\Test-IdhaTrabalhoPraticoWeb\TrabalhoPraticoWeb\apiUsuarioFunyTurismo\vendor\laravel\lumen-framework\src\Concerns\RoutesRequests.php(169): Laravel\Lumen\Application->handleDispatcherResponse(Array)
#15 C:\Users\hunter28\Documents\cursos\Web\Test-IdhaTrabalhoPraticoWeb\TrabalhoPraticoWeb\apiUsuarioFunyTurismo\vendor\laravel\lumen-framework\src\Concerns\RoutesRequests.php(416): Laravel\Lumen\Application->Laravel\Lumen\Concerns\{closure}(Object(Laravel\Lumen\Http\Request))
#16 C:\Users\hunter28\Documents\cursos\Web\Test-IdhaTrabalhoPraticoWeb\TrabalhoPraticoWeb\apiUsuarioFunyTurismo\vendor\laravel\lumen-framework\src\Concerns\RoutesRequests.php(171): Laravel\Lumen\Application->sendThroughPipeline(Array, Object(Closure))
#17 C:\Users\hunter28\Documents\cursos\Web\Test-IdhaTrabalhoPraticoWeb\TrabalhoPraticoWeb\apiUsuarioFunyTurismo\vendor\laravel\lumen-framework\src\Concerns\RoutesRequests.php(108): Laravel\Lumen\Application->dispatch(NULL)
#18 C:\Users\hunter28\Documents\cursos\Web\Test-IdhaTrabalhoPraticoWeb\TrabalhoPraticoWeb\apiUsuarioFunyTurismo\public\index.php(28): Laravel\Lumen\Application->run()
#19 {main} {"exception":"[object] (Exception(code: 0): Property [name] does not exist on this collection instance. at C:\\Users\\hunter28\\Documents\\cursos\\Web\\Test-IdhaTrabalhoPraticoWeb\\TrabalhoPraticoWeb\\apiUsuarioFunyTurismo\\vendor\\illuminate\\support\\Traits\\EnumeratesValues.php:793)
[stacktrace]
#0 C:\\Users\\hunter28\\Documents\\cursos\\Web\\Test-IdhaTrabalhoPraticoWeb\\TrabalhoPraticoWeb\\apiUsuarioFunyTurismo\\app\\Services\\UserService.php(50): Illuminate\\Support\\Collection->__get('name')
#1 C:\\Users\\hunter28\\Documents\\cursos\\Web\\Test-IdhaTrabalhoPraticoWeb\\TrabalhoPraticoWeb\\apiUsuarioFunyTurismo\\app\\Http\\Controllers\\UserController.php(24): App\\Services\\UserService->detalhesUsusario(21)
#2 [internal function]: App\\Http\\Controllers\\UserController->detalhesUsusario('21')
#3 C:\\Users\\hunter28\\Documents\\cursos\\Web\\Test-IdhaTrabalhoPraticoWeb\\TrabalhoPraticoWeb\\apiUsuarioFunyTurismo\\vendor\\illuminate\\container\\BoundMethod.php(32): call_user_func_array(Array, Array)
#4 C:\\Users\\hunter28\\Documents\\cursos\\Web\\Test-IdhaTrabalhoPraticoWeb\\TrabalhoPraticoWeb\\apiUsuarioFunyTurismo\\vendor\\illuminate\\container\\Util.php(36): Illuminate\\Container\\BoundMethod::Illuminate\\Container\\{closure}()
#5 C:\\Users\\hunter28\\Documents\\cursos\\Web\\Test-IdhaTrabalhoPraticoWeb\\TrabalhoPraticoWeb\\apiUsuarioFunyTurismo\\vendor\\illuminate\\container\\BoundMethod.php(90): Illuminate\\Container\\Util::unwrapIfClosure(Object(Closure))
#6 C:\\Users\\hunter28\\Documents\\cursos\\Web\\Test-IdhaTrabalhoPraticoWeb\\TrabalhoPraticoWeb\\apiUsuarioFunyTurismo\\vendor\\illuminate\\container\\BoundMethod.php(34): Illuminate\\Container\\BoundMethod::callBoundMethod(Object(Laravel\\Lumen\\Application), Array, Object(Closure))
#7 C:\\Users\\hunter28\\Documents\\cursos\\Web\\Test-IdhaTrabalhoPraticoWeb\\TrabalhoPraticoWeb\\apiUsuarioFunyTurismo\\vendor\\illuminate\\container\\Container.php(590): Illuminate\\Container\\BoundMethod::call(Object(Laravel\\Lumen\\Application), Array, Array, NULL)
#8 C:\\Users\\hunter28\\Documents\\cursos\\Web\\Test-IdhaTrabalhoPraticoWeb\\TrabalhoPraticoWeb\\apiUsuarioFunyTurismo\\vendor\\laravel\\lumen-framework\\src\\Concerns\\RoutesRequests.php(376): Illuminate\\Container\\Container->call(Array, Array)
#9 C:\\Users\\hunter28\\Documents\\cursos\\Web\\Test-IdhaTrabalhoPraticoWeb\\TrabalhoPraticoWeb\\apiUsuarioFunyTurismo\\vendor\\laravel\\lumen-framework\\src\\Concerns\\RoutesRequests.php(342): Laravel\\Lumen\\Application->callControllerCallable(Array, Array)
#10 C:\\Users\\hunter28\\Documents\\cursos\\Web\\Test-IdhaTrabalhoPraticoWeb\\TrabalhoPraticoWeb\\apiUsuarioFunyTurismo\\vendor\\laravel\\lumen-framework\\src\\Concerns\\RoutesRequests.php(316): Laravel\\Lumen\\Application->callLumenController(Object(App\\Http\\Controllers\\UserController), 'detalhesUsusari...', Array)
#11 C:\\Users\\hunter28\\Documents\\cursos\\Web\\Test-IdhaTrabalhoPraticoWeb\\TrabalhoPraticoWeb\\apiUsuarioFunyTurismo\\vendor\\laravel\\lumen-framework\\src\\Concerns\\RoutesRequests.php(278): Laravel\\Lumen\\Application->callControllerAction(Array)
#12 C:\\Users\\hunter28\\Documents\\cursos\\Web\\Test-IdhaTrabalhoPraticoWeb\\TrabalhoPraticoWeb\\apiUsuarioFunyTurismo\\vendor\\laravel\\lumen-framework\\src\\Concerns\\RoutesRequests.php(263): Laravel\\Lumen\\Application->callActionOnArrayBasedRoute(Array)
#13 C:\\Users\\hunter28\\Documents\\cursos\\Web\\Test-IdhaTrabalhoPraticoWeb\\TrabalhoPraticoWeb\\apiUsuarioFunyTurismo\\vendor\\laravel\\lumen-framework\\src\\Concerns\\RoutesRequests.php(233): Laravel\\Lumen\\Application->handleFoundRoute(Array)
#14 C:\\Users\\hunter28\\Documents\\cursos\\Web\\Test-IdhaTrabalhoPraticoWeb\\TrabalhoPraticoWeb\\apiUsuarioFunyTurismo\\vendor\\laravel\\lumen-framework\\src\\Concerns\\RoutesRequests.php(169): Laravel\\Lumen\\Application->handleDispatcherResponse(Array)
#15 C:\\Users\\hunter28\\Documents\\cursos\\Web\\Test-IdhaTrabalhoPraticoWeb\\TrabalhoPraticoWeb\\apiUsuarioFunyTurismo\\vendor\\laravel\\lumen-framework\\src\\Concerns\\RoutesRequests.php(416): Laravel\\Lumen\\Application->Laravel\\Lumen\\Concerns\\{closure}(Object(Laravel\\Lumen\\Http\\Request))
#16 C:\\Users\\hunter28\\Documents\\cursos\\Web\\Test-IdhaTrabalhoPraticoWeb\\TrabalhoPraticoWeb\\apiUsuarioFunyTurismo\\vendor\\laravel\\lumen-framework\\src\\Concerns\\RoutesRequests.php(171): Laravel\\Lumen\\Application->sendThroughPipeline(Array, Object(Closure))
#17 C:\\Users\\hunter28\\Documents\\cursos\\Web\\Test-IdhaTrabalhoPraticoWeb\\TrabalhoPraticoWeb\\apiUsuarioFunyTurismo\\vendor\\laravel\\lumen-framework\\src\\Concerns\\RoutesRequests.php(108): Laravel\\Lumen\\Application->dispatch(NULL)
#18 C:\\Users\\hunter28\\Documents\\cursos\\Web\\Test-IdhaTrabalhoPraticoWeb\\TrabalhoPraticoWeb\\apiUsuarioFunyTurismo\\public\\index.php(28): Laravel\\Lumen\\Application->run()
#19 {main}
"} 
