[2019-12-30 23:23:45] local.ERROR: PDOException: SQLSTATE[42000]: Syntax error or access violation: 1071 Specified key was too long; max key length is 1000 bytes in C:\Users\hunter28\Documents\cursos\Web\Test-IdhaTrabalhoPraticoWeb\TrabalhoPraticoWeb\apiUsuarioFunyTurismo\vendor\illuminate\database\Connection.php:463
Stack trace:
#0 C:\Users\hunter28\Documents\cursos\Web\Test-IdhaTrabalhoPraticoWeb\TrabalhoPraticoWeb\apiUsuarioFunyTurismo\vendor\illuminate\database\Connection.php(463): PDOStatement->execute()
#1 C:\Users\hunter28\Documents\cursos\Web\Test-IdhaTrabalhoPraticoWeb\TrabalhoPraticoWeb\apiUsuarioFunyTurismo\vendor\illuminate\database\Connection.php(662): Illuminate\Database\Connection->Illuminate\Database\{closure}('alter table `us...', Array)
#2 C:\Users\hunter28\Documents\cursos\Web\Test-IdhaTrabalhoPraticoWeb\TrabalhoPraticoWeb\apiUsuarioFunyTurismo\vendor\illuminate\database\Connection.php(629): Illuminate\Database\Connection->runQueryCallback('alter table `us...', Array, Object(Closure))
#3 C:\Users\hunter28\Documents\cursos\Web\Test-IdhaTrabalhoPraticoWeb\TrabalhoPraticoWeb\apiUsuarioFunyTurismo\vendor\illuminate\database\Connection.php(464): Illuminate\Database\Connection->run('alter table `us...', Array, Object(Closure))
#4 C:\Users\hunter28\Documents\cursos\Web\Test-IdhaTrabalhoPraticoWeb\TrabalhoPraticoWeb\apiUsuarioFunyTurismo\vendor\illuminate\database\Schema\Blueprint.php(97): Illuminate\Database\Connection->statement('alter table `us...')
#5 C:\Users\hunter28\Documents\cursos\Web\Test-IdhaTrabalhoPraticoWeb\TrabalhoPraticoWeb\apiUsuarioFunyTurismo\vendor\illuminate\database\Schema\Builder.php(290): Illuminate\Database\Schema\Blueprint->build(Object(Illuminate\Database\MySqlConnection), Object(Illuminate\Database\Schema\Grammars\MySqlGrammar))
#6 C:\Users\hunter28\Documents\cursos\Web\Test-IdhaTrabalhoPraticoWeb\TrabalhoPraticoWeb\apiUsuarioFunyTurismo\vendor\illuminate\database\Schema\Builder.php(167): Illuminate\Database\Schema\Builder->build(Object(Illuminate\Database\Schema\Blueprint))
#7 C:\Users\hunter28\Documents\cursos\Web\Test-IdhaTrabalhoPraticoWeb\TrabalhoPraticoWeb\apiUsuarioFunyTurismo\vendor\illuminate\support\Facades\Facade.php(261): Illuminate\Database\Schema\Builder->create('users', Object(Closure))
#8 C:\Users\hunter28\Documents\cursos\Web\Test-IdhaTrabalhoPraticoWeb\TrabalhoPraticoWeb\apiUsuarioFunyTurismo\database\migrations\2019_12_30_231747_create_users_table.php(23): Illuminate\Support\Facades\Facade::__callStatic('create', Array)
#9 C:\Users\hunter28\Documents\cursos\Web\Test-IdhaTrabalhoPraticoWeb\TrabalhoPraticoWeb\apiUsuarioFunyTurismo\vendor\illuminate\database\Migrations\Migrator.php(387): CreateUsersTable->up()
#10 C:\Users\hunter28\Documents\cursos\Web\Test-IdhaTrabalhoPraticoWeb\TrabalhoPraticoWeb\apiUsuarioFunyTurismo\vendor\illuminate\database\Migrations\Migrator.php(396): Illuminate\Database\Migrations\Migrator->Illuminate\Database\Migrations\{closure}()
#11 C:\Users\hunter28\Documents\cursos\Web\Test-IdhaTrabalhoPraticoWeb\TrabalhoPraticoWeb\apiUsuarioFunyTurismo\vendor\illuminate\database\Migrations\Migrator.php(197): Illuminate\Database\Migrations\Migrator->runMigration(Object(CreateUsersTable), 'up')
#12 C:\Users\hunter28\Documents\cursos\Web\Test-IdhaTrabalhoPraticoWeb\TrabalhoPraticoWeb\apiUsuarioFunyTurismo\vendor\illuminate\database\Migrations\Migrator.php(162): Illuminate\Database\Migrations\Migrator->runUp('C:\\Users\\hunter...', 1, false)
#13 C:\Users\hunter28\Documents\cursos\Web\Test-IdhaTrabalhoPraticoWeb\TrabalhoPraticoWeb\apiUsuarioFunyTurismo\vendor\illuminate\database\Migrations\Migrator.php(109): Illuminate\Database\Migrations\Migrator->runPending(Array, Array)
#14 C:\Users\hunter28\Documents\cursos\Web\Test-IdhaTrabalhoPraticoWeb\TrabalhoPraticoWeb\apiUsuarioFunyTurismo\vendor\illuminate\database\Console\Migrations\MigrateCommand.php(71): Illuminate\Database\Migrations\Migrator->run(Array, Array)
#15 [internal function]: Illuminate\Database\Console\Migrations\MigrateCommand->handle()
#16 C:\Users\hunter28\Documents\cursos\Web\Test-IdhaTrabalhoPraticoWeb\TrabalhoPraticoWeb\apiUsuarioFunyTurismo\vendor\illuminate\container\BoundMethod.php(32): call_user_func_array(Array, Array)
#17 C:\Users\hunter28\Documents\cursos\Web\Test-IdhaTrabalhoPraticoWeb\TrabalhoPraticoWeb\apiUsuarioFunyTurismo\vendor\illuminate\container\Util.php(36): Illuminate\Container\BoundMethod::Illuminate\Container\{closure}()
#18 C:\Users\hunter28\Documents\cursos\Web\Test-IdhaTrabalhoPraticoWeb\TrabalhoPraticoWeb\apiUsuarioFunyTurismo\vendor\illuminate\container\BoundMethod.php(90): Illuminate\Container\Util::unwrapIfClosure(Object(Closure))
#19 C:\Users\hunter28\Documents\cursos\Web\Test-IdhaTrabalhoPraticoWeb\TrabalhoPraticoWeb\apiUsuarioFunyTurismo\vendor\illuminate\container\BoundMethod.php(34): Illuminate\Container\BoundMethod::callBoundMethod(Object(Laravel\Lumen\Application), Array, Object(Closure))
#20 C:\Users\hunter28\Documents\cursos\Web\Test-IdhaTrabalhoPraticoWeb\TrabalhoPraticoWeb\apiUsuarioFunyTurismo\vendor\illuminate\container\Container.php(590): Illuminate\Container\BoundMethod::call(Object(Laravel\Lumen\Application), Array, Array, NULL)
#21 C:\Users\hunter28\Documents\cursos\Web\Test-IdhaTrabalhoPraticoWeb\TrabalhoPraticoWeb\apiUsuarioFunyTurismo\vendor\illuminate\console\Command.php(202): Illuminate\Container\Container->call(Array)
#22 C:\Users\hunter28\Documents\cursos\Web\Test-IdhaTrabalhoPraticoWeb\TrabalhoPraticoWeb\apiUsuarioFunyTurismo\vendor\symfony\console\Command\Command.php(255): Illuminate\Console\Command->execute(Object(Symfony\Component\Console\Input\ArgvInput), Object(Illuminate\Console\OutputStyle))
#23 C:\Users\hunter28\Documents\cursos\Web\Test-IdhaTrabalhoPraticoWeb\TrabalhoPraticoWeb\apiUsuarioFunyTurismo\vendor\illuminate\console\Command.php(189): Symfony\Component\Console\Command\Command->run(Object(Symfony\Component\Console\Input\ArgvInput), Object(Illuminate\Console\OutputStyle))
#24 C:\Users\hunter28\Documents\cursos\Web\Test-IdhaTrabalhoPraticoWeb\TrabalhoPraticoWeb\apiUsuarioFunyTurismo\vendor\symfony\console\Application.php(1011): Illuminate\Console\Command->run(Object(Symfony\Component\Console\Input\ArgvInput), Object(Symfony\Component\Console\Output\ConsoleOutput))
#25 C:\Users\hunter28\Documents\cursos\Web\Test-IdhaTrabalhoPraticoWeb\TrabalhoPraticoWeb\apiUsuarioFunyTurismo\vendor\symfony\console\Application.php(272): Symfony\Component\Console\Application->doRunCommand(Object(Illuminate\Database\Console\Migrations\MigrateCommand), Object(Symfony\Component\Console\Input\ArgvInput), Object(Symfony\Component\Console\Output\ConsoleOutput))
#26 C:\Users\hunter28\Documents\cursos\Web\Test-IdhaTrabalhoPraticoWeb\TrabalhoPraticoWeb\apiUsuarioFunyTurismo\vendor\symfony\console\Application.php(148): Symfony\Component\Console\Application->doRun(Object(Symfony\Component\Console\Input\ArgvInput), Object(Symfony\Component\Console\Output\ConsoleOutput))
#27 C:\Users\hunter28\Documents\cursos\Web\Test-IdhaTrabalhoPraticoWeb\TrabalhoPraticoWeb\apiUsuarioFunyTurismo\vendor\illuminate\console\Application.php(93): Symfony\Component\Console\Application->run(Object(Symfony\Component\Console\Input\ArgvInput), Object(Symfony\Component\Console\Output\ConsoleOutput))
#28 C:\Users\hunter28\Documents\cursos\Web\Test-IdhaTrabalhoPraticoWeb\TrabalhoPraticoWeb\apiUsuarioFunyTurismo\vendor\laravel\lumen-framework\src\Console\Kernel.php(115): Illuminate\Console\Application->run(Object(Symfony\Component\Console\Input\ArgvInput), Object(Symfony\Component\Console\Output\ConsoleOutput))
#29 C:\Users\hunter28\Documents\cursos\Web\Test-IdhaTrabalhoPraticoWeb\TrabalhoPraticoWeb\apiUsuarioFunyTurismo\artisan(35): Laravel\Lumen\Console\Kernel->handle(Object(Symfony\Component\Console\Input\ArgvInput), Object(Symfony\Component\Console\Output\ConsoleOutput))
#30 {main}

Next Illuminate\Database\QueryException: SQLSTATE[42000]: Syntax error or access violation: 1071 Specified key was too long; max key length is 1000 bytes (SQL: alter table `users` add unique `users_email_unique`(`email`)) in C:\Users\hunter28\Documents\cursos\Web\Test-IdhaTrabalhoPraticoWeb\TrabalhoPraticoWeb\apiUsuarioFunyTurismo\vendor\illuminate\database\Connection.php:669
Stack trace:
#0 C:\Users\hunter28\Documents\cursos\Web\Test-IdhaTrabalhoPraticoWeb\TrabalhoPraticoWeb\apiUsuarioFunyTurismo\vendor\illuminate\database\Connection.php(629): Illuminate\Database\Connection->runQueryCallback('alter table `us...', Array, Object(Closure))
#1 C:\Users\hunter28\Documents\cursos\Web\Test-IdhaTrabalhoPraticoWeb\TrabalhoPraticoWeb\apiUsuarioFunyTurismo\vendor\illuminate\database\Connection.php(464): Illuminate\Database\Connection->run('alter table `us...', Array, Object(Closure))
#2 C:\Users\hunter28\Documents\cursos\Web\Test-IdhaTrabalhoPraticoWeb\TrabalhoPraticoWeb\apiUsuarioFunyTurismo\vendor\illuminate\database\Schema\Blueprint.php(97): Illuminate\Database\Connection->statement('alter table `us...')
#3 C:\Users\hunter28\Documents\cursos\Web\Test-IdhaTrabalhoPraticoWeb\TrabalhoPraticoWeb\apiUsuarioFunyTurismo\vendor\illuminate\database\Schema\Builder.php(290): Illuminate\Database\Schema\Blueprint->build(Object(Illuminate\Database\MySqlConnection), Object(Illuminate\Database\Schema\Grammars\MySqlGrammar))
#4 C:\Users\hunter28\Documents\cursos\Web\Test-IdhaTrabalhoPraticoWeb\TrabalhoPraticoWeb\apiUsuarioFunyTurismo\vendor\illuminate\database\Schema\Builder.php(167): Illuminate\Database\Schema\Builder->build(Object(Illuminate\Database\Schema\Blueprint))
#5 C:\Users\hunter28\Documents\cursos\Web\Test-IdhaTrabalhoPraticoWeb\TrabalhoPraticoWeb\apiUsuarioFunyTurismo\vendor\illuminate\support\Facades\Facade.php(261): Illuminate\Database\Schema\Builder->create('users', Object(Closure))
#6 C:\Users\hunter28\Documents\cursos\Web\Test-IdhaTrabalhoPraticoWeb\TrabalhoPraticoWeb\apiUsuarioFunyTurismo\database\migrations\2019_12_30_231747_create_users_table.php(23): Illuminate\Support\Facades\Facade::__callStatic('create', Array)
#7 C:\Users\hunter28\Documents\cursos\Web\Test-IdhaTrabalhoPraticoWeb\TrabalhoPraticoWeb\apiUsuarioFunyTurismo\vendor\illuminate\database\Migrations\Migrator.php(387): CreateUsersTable->up()
#8 C:\Users\hunter28\Documents\cursos\Web\Test-IdhaTrabalhoPraticoWeb\TrabalhoPraticoWeb\apiUsuarioFunyTurismo\vendor\illuminate\database\Migrations\Migrator.php(396): Illuminate\Database\Migrations\Migrator->Illuminate\Database\Migrations\{closure}()
#9 C:\Users\hunter28\Documents\cursos\Web\Test-IdhaTrabalhoPraticoWeb\TrabalhoPraticoWeb\apiUsuarioFunyTurismo\vendor\illuminate\database\Migrations\Migrator.php(197): Illuminate\Database\Migrations\Migrator->runMigration(Object(CreateUsersTable), 'up')
#10 C:\Users\hunter28\Documents\cursos\Web\Test-IdhaTrabalhoPraticoWeb\TrabalhoPraticoWeb\apiUsuarioFunyTurismo\vendor\illuminate\database\Migrations\Migrator.php(162): Illuminate\Database\Migrations\Migrator->runUp('C:\\Users\\hunter...', 1, false)
#11 C:\Users\hunter28\Documents\cursos\Web\Test-IdhaTrabalhoPraticoWeb\TrabalhoPraticoWeb\apiUsuarioFunyTurismo\vendor\illuminate\database\Migrations\Migrator.php(109): Illuminate\Database\Migrations\Migrator->runPending(Array, Array)
#12 C:\Users\hunter28\Documents\cursos\Web\Test-IdhaTrabalhoPraticoWeb\TrabalhoPraticoWeb\apiUsuarioFunyTurismo\vendor\illuminate\database\Console\Migrations\MigrateCommand.php(71): Illuminate\Database\Migrations\Migrator->run(Array, Array)
#13 [internal function]: Illuminate\Database\Console\Migrations\MigrateCommand->handle()
#14 C:\Users\hunter28\Documents\cursos\Web\Test-IdhaTrabalhoPraticoWeb\TrabalhoPraticoWeb\apiUsuarioFunyTurismo\vendor\illuminate\container\BoundMethod.php(32): call_user_func_array(Array, Array)
#15 C:\Users\hunter28\Documents\cursos\Web\Test-IdhaTrabalhoPraticoWeb\TrabalhoPraticoWeb\apiUsuarioFunyTurismo\vendor\illuminate\container\Util.php(36): Illuminate\Container\BoundMethod::Illuminate\Container\{closure}()
#16 C:\Users\hunter28\Documents\cursos\Web\Test-IdhaTrabalhoPraticoWeb\TrabalhoPraticoWeb\apiUsuarioFunyTurismo\vendor\illuminate\container\BoundMethod.php(90): Illuminate\Container\Util::unwrapIfClosure(Object(Closure))
#17 C:\Users\hunter28\Documents\cursos\Web\Test-IdhaTrabalhoPraticoWeb\TrabalhoPraticoWeb\apiUsuarioFunyTurismo\vendor\illuminate\container\BoundMethod.php(34): Illuminate\Container\BoundMethod::callBoundMethod(Object(Laravel\Lumen\Application), Array, Object(Closure))
#18 C:\Users\hunter28\Documents\cursos\Web\Test-IdhaTrabalhoPraticoWeb\TrabalhoPraticoWeb\apiUsuarioFunyTurismo\vendor\illuminate\container\Container.php(590): Illuminate\Container\BoundMethod::call(Object(Laravel\Lumen\Application), Array, Array, NULL)
#19 C:\Users\hunter28\Documents\cursos\Web\Test-IdhaTrabalhoPraticoWeb\TrabalhoPraticoWeb\apiUsuarioFunyTurismo\vendor\illuminate\console\Command.php(202): Illuminate\Container\Container->call(Array)
#20 C:\Users\hunter28\Documents\cursos\Web\Test-IdhaTrabalhoPraticoWeb\TrabalhoPraticoWeb\apiUsuarioFunyTurismo\vendor\symfony\console\Command\Command.php(255): Illuminate\Console\Command->execute(Object(Symfony\Component\Console\Input\ArgvInput), Object(Illuminate\Console\OutputStyle))
#21 C:\Users\hunter28\Documents\cursos\Web\Test-IdhaTrabalhoPraticoWeb\TrabalhoPraticoWeb\apiUsuarioFunyTurismo\vendor\illuminate\console\Command.php(189): Symfony\Component\Console\Command\Command->run(Object(Symfony\Component\Console\Input\ArgvInput), Object(Illuminate\Console\OutputStyle))
#22 C:\Users\hunter28\Documents\cursos\Web\Test-IdhaTrabalhoPraticoWeb\TrabalhoPraticoWeb\apiUsuarioFunyTurismo\vendor\symfony\console\Application.php(1011): Illuminate\Console\Command->run(Object(Symfony\Component\Console\Input\ArgvInput), Object(Symfony\Component\Console\Output\ConsoleOutput))
#23 C:\Users\hunter28\Documents\cursos\Web\Test-IdhaTrabalhoPraticoWeb\TrabalhoPraticoWeb\apiUsuarioFunyTurismo\vendor\symfony\console\Application.php(272): Symfony\Component\Console\Application->doRunCommand(Object(Illuminate\Database\Console\Migrations\MigrateCommand), Object(Symfony\Component\Console\Input\ArgvInput), Object(Symfony\Component\Console\Output\ConsoleOutput))
#24 C:\Users\hunter28\Documents\cursos\Web\Test-IdhaTrabalhoPraticoWeb\TrabalhoPraticoWeb\apiUsuarioFunyTurismo\vendor\symfony\console\Application.php(148): Symfony\Component\Console\Application->doRun(Object(Symfony\Component\Console\Input\ArgvInput), Object(Symfony\Component\Console\Output\ConsoleOutput))
#25 C:\Users\hunter28\Documents\cursos\Web\Test-IdhaTrabalhoPraticoWeb\TrabalhoPraticoWeb\apiUsuarioFunyTurismo\vendor\illuminate\console\Application.php(93): Symfony\Component\Console\Application->run(Object(Symfony\Component\Console\Input\ArgvInput), Object(Symfony\Component\Console\Output\ConsoleOutput))
#26 C:\Users\hunter28\Documents\cursos\Web\Test-IdhaTrabalhoPraticoWeb\TrabalhoPraticoWeb\apiUsuarioFunyTurismo\vendor\laravel\lumen-framework\src\Console\Kernel.php(115): Illuminate\Console\Application->run(Object(Symfony\Component\Console\Input\ArgvInput), Object(Symfony\Component\Console\Output\ConsoleOutput))
#27 C:\Users\hunter28\Documents\cursos\Web\Test-IdhaTrabalhoPraticoWeb\TrabalhoPraticoWeb\apiUsuarioFunyTurismo\artisan(35): Laravel\Lumen\Console\Kernel->handle(Object(Symfony\Component\Console\Input\ArgvInput), Object(Symfony\Component\Console\Output\ConsoleOutput))
#28 {main} {"exception":"[object] (Illuminate\\Database\\QueryException(code: 42000): SQLSTATE[42000]: Syntax error or access violation: 1071 Specified key was too long; max key length is 1000 bytes (SQL: alter table `users` add unique `users_email_unique`(`email`)) at C:\\Users\\hunter28\\Documents\\cursos\\Web\\Test-IdhaTrabalhoPraticoWeb\\TrabalhoPraticoWeb\\apiUsuarioFunyTurismo\\vendor\\illuminate\\database\\Connection.php:669)
[stacktrace]
#0 C:\\Users\\hunter28\\Documents\\cursos\\Web\\Test-IdhaTrabalhoPraticoWeb\\TrabalhoPraticoWeb\\apiUsuarioFunyTurismo\\vendor\\illuminate\\database\\Connection.php(629): Illuminate\\Database\\Connection->runQueryCallback('alter table `us...', Array, Object(Closure))
#1 C:\\Users\\hunter28\\Documents\\cursos\\Web\\Test-IdhaTrabalhoPraticoWeb\\TrabalhoPraticoWeb\\apiUsuarioFunyTurismo\\vendor\\illuminate\\database\\Connection.php(464): Illuminate\\Database\\Connection->run('alter table `us...', Array, Object(Closure))
#2 C:\\Users\\hunter28\\Documents\\cursos\\Web\\Test-IdhaTrabalhoPraticoWeb\\TrabalhoPraticoWeb\\apiUsuarioFunyTurismo\\vendor\\illuminate\\database\\Schema\\Blueprint.php(97): Illuminate\\Database\\Connection->statement('alter table `us...')
#3 C:\\Users\\hunter28\\Documents\\cursos\\Web\\Test-IdhaTrabalhoPraticoWeb\\TrabalhoPraticoWeb\\apiUsuarioFunyTurismo\\vendor\\illuminate\\database\\Schema\\Builder.php(290): Illuminate\\Database\\Schema\\Blueprint->build(Object(Illuminate\\Database\\MySqlConnection), Object(Illuminate\\Database\\Schema\\Grammars\\MySqlGrammar))
#4 C:\\Users\\hunter28\\Documents\\cursos\\Web\\Test-IdhaTrabalhoPraticoWeb\\TrabalhoPraticoWeb\\apiUsuarioFunyTurismo\\vendor\\illuminate\\database\\Schema\\Builder.php(167): Illuminate\\Database\\Schema\\Builder->build(Object(Illuminate\\Database\\Schema\\Blueprint))
#5 C:\\Users\\hunter28\\Documents\\cursos\\Web\\Test-IdhaTrabalhoPraticoWeb\\TrabalhoPraticoWeb\\apiUsuarioFunyTurismo\\vendor\\illuminate\\support\\Facades\\Facade.php(261): Illuminate\\Database\\Schema\\Builder->create('users', Object(Closure))
#6 C:\\Users\\hunter28\\Documents\\cursos\\Web\\Test-IdhaTrabalhoPraticoWeb\\TrabalhoPraticoWeb\\apiUsuarioFunyTurismo\\database\\migrations\\2019_12_30_231747_create_users_table.php(23): Illuminate\\Support\\Facades\\Facade::__callStatic('create', Array)
#7 C:\\Users\\hunter28\\Documents\\cursos\\Web\\Test-IdhaTrabalhoPraticoWeb\\TrabalhoPraticoWeb\\apiUsuarioFunyTurismo\\vendor\\illuminate\\database\\Migrations\\Migrator.php(387): CreateUsersTable->up()
#8 C:\\Users\\hunter28\\Documents\\cursos\\Web\\Test-IdhaTrabalhoPraticoWeb\\TrabalhoPraticoWeb\\apiUsuarioFunyTurismo\\vendor\\illuminate\\database\\Migrations\\Migrator.php(396): Illuminate\\Database\\Migrations\\Migrator->Illuminate\\Database\\Migrations\\{closure}()
#9 C:\\Users\\hunter28\\Documents\\cursos\\Web\\Test-IdhaTrabalhoPraticoWeb\\TrabalhoPraticoWeb\\apiUsuarioFunyTurismo\\vendor\\illuminate\\database\\Migrations\\Migrator.php(197): Illuminate\\Database\\Migrations\\Migrator->runMigration(Object(CreateUsersTable), 'up')
#10 C:\\Users\\hunter28\\Documents\\cursos\\Web\\Test-IdhaTrabalhoPraticoWeb\\TrabalhoPraticoWeb\\apiUsuarioFunyTurismo\\vendor\\illuminate\\database\\Migrations\\Migrator.php(162): Illuminate\\Database\\Migrations\\Migrator->runUp('C:\\\\Users\\\\hunter...', 1, false)
#11 C:\\Users\\hunter28\\Documents\\cursos\\Web\\Test-IdhaTrabalhoPraticoWeb\\TrabalhoPraticoWeb\\apiUsuarioFunyTurismo\\vendor\\illuminate\\database\\Migrations\\Migrator.php(109): Illuminate\\Database\\Migrations\\Migrator->runPending(Array, Array)
#12 C:\\Users\\hunter28\\Documents\\cursos\\Web\\Test-IdhaTrabalhoPraticoWeb\\TrabalhoPraticoWeb\\apiUsuarioFunyTurismo\\vendor\\illuminate\\database\\Console\\Migrations\\MigrateCommand.php(71): Illuminate\\Database\\Migrations\\Migrator->run(Array, Array)
#13 [internal function]: Illuminate\\Database\\Console\\Migrations\\MigrateCommand->handle()
#14 C:\\Users\\hunter28\\Documents\\cursos\\Web\\Test-IdhaTrabalhoPraticoWeb\\TrabalhoPraticoWeb\\apiUsuarioFunyTurismo\\vendor\\illuminate\\container\\BoundMethod.php(32): call_user_func_array(Array, Array)
#15 C:\\Users\\hunter28\\Documents\\cursos\\Web\\Test-IdhaTrabalhoPraticoWeb\\TrabalhoPraticoWeb\\apiUsuarioFunyTurismo\\vendor\\illuminate\\container\\Util.php(36): Illuminate\\Container\\BoundMethod::Illuminate\\Container\\{closure}()
#16 C:\\Users\\hunter28\\Documents\\cursos\\Web\\Test-IdhaTrabalhoPraticoWeb\\TrabalhoPraticoWeb\\apiUsuarioFunyTurismo\\vendor\\illuminate\\container\\BoundMethod.php(90): Illuminate\\Container\\Util::unwrapIfClosure(Object(Closure))
#17 C:\\Users\\hunter28\\Documents\\cursos\\Web\\Test-IdhaTrabalhoPraticoWeb\\TrabalhoPraticoWeb\\apiUsuarioFunyTurismo\\vendor\\illuminate\\container\\BoundMethod.php(34): Illuminate\\Container\\BoundMethod::callBoundMethod(Object(Laravel\\Lumen\\Application), Array, Object(Closure))
#18 C:\\Users\\hunter28\\Documents\\cursos\\Web\\Test-IdhaTrabalhoPraticoWeb\\TrabalhoPraticoWeb\\apiUsuarioFunyTurismo\\vendor\\illuminate\\container\\Container.php(590): Illuminate\\Container\\BoundMethod::call(Object(Laravel\\Lumen\\Application), Array, Array, NULL)
#19 C:\\Users\\hunter28\\Documents\\cursos\\Web\\Test-IdhaTrabalhoPraticoWeb\\TrabalhoPraticoWeb\\apiUsuarioFunyTurismo\\vendor\\illuminate\\console\\Command.php(202): Illuminate\\Container\\Container->call(Array)
#20 C:\\Users\\hunter28\\Documents\\cursos\\Web\\Test-IdhaTrabalhoPraticoWeb\\TrabalhoPraticoWeb\\apiUsuarioFunyTurismo\\vendor\\symfony\\console\\Command\\Command.php(255): Illuminate\\Console\\Command->execute(Object(Symfony\\Component\\Console\\Input\\ArgvInput), Object(Illuminate\\Console\\OutputStyle))
#21 C:\\Users\\hunter28\\Documents\\cursos\\Web\\Test-IdhaTrabalhoPraticoWeb\\TrabalhoPraticoWeb\\apiUsuarioFunyTurismo\\vendor\\illuminate\\console\\Command.php(189): Symfony\\Component\\Console\\Command\\Command->run(Object(Symfony\\Component\\Console\\Input\\ArgvInput), Object(Illuminate\\Console\\OutputStyle))
#22 C:\\Users\\hunter28\\Documents\\cursos\\Web\\Test-IdhaTrabalhoPraticoWeb\\TrabalhoPraticoWeb\\apiUsuarioFunyTurismo\\vendor\\symfony\\console\\Application.php(1011): Illuminate\\Console\\Command->run(Object(Symfony\\Component\\Console\\Input\\ArgvInput), Object(Symfony\\Component\\Console\\Output\\ConsoleOutput))
#23 C:\\Users\\hunter28\\Documents\\cursos\\Web\\Test-IdhaTrabalhoPraticoWeb\\TrabalhoPraticoWeb\\apiUsuarioFunyTurismo\\vendor\\symfony\\console\\Application.php(272): Symfony\\Component\\Console\\Application->doRunCommand(Object(Illuminate\\Database\\Console\\Migrations\\MigrateCommand), Object(Symfony\\Component\\Console\\Input\\ArgvInput), Object(Symfony\\Component\\Console\\Output\\ConsoleOutput))
#24 C:\\Users\\hunter28\\Documents\\cursos\\Web\\Test-IdhaTrabalhoPraticoWeb\\TrabalhoPraticoWeb\\apiUsuarioFunyTurismo\\vendor\\symfony\\console\\Application.php(148): Symfony\\Component\\Console\\Application->doRun(Object(Symfony\\Component\\Console\\Input\\ArgvInput), Object(Symfony\\Component\\Console\\Output\\ConsoleOutput))
#25 C:\\Users\\hunter28\\Documents\\cursos\\Web\\Test-IdhaTrabalhoPraticoWeb\\TrabalhoPraticoWeb\\apiUsuarioFunyTurismo\\vendor\\illuminate\\console\\Application.php(93): Symfony\\Component\\Console\\Application->run(Object(Symfony\\Component\\Console\\Input\\ArgvInput), Object(Symfony\\Component\\Console\\Output\\ConsoleOutput))
#26 C:\\Users\\hunter28\\Documents\\cursos\\Web\\Test-IdhaTrabalhoPraticoWeb\\TrabalhoPraticoWeb\\apiUsuarioFunyTurismo\\vendor\\laravel\\lumen-framework\\src\\Console\\Kernel.php(115): Illuminate\\Console\\Application->run(Object(Symfony\\Component\\Console\\Input\\ArgvInput), Object(Symfony\\Component\\Console\\Output\\ConsoleOutput))
#27 C:\\Users\\hunter28\\Documents\\cursos\\Web\\Test-IdhaTrabalhoPraticoWeb\\TrabalhoPraticoWeb\\apiUsuarioFunyTurismo\\artisan(35): Laravel\\Lumen\\Console\\Kernel->handle(Object(Symfony\\Component\\Console\\Input\\ArgvInput), Object(Symfony\\Component\\Console\\Output\\ConsoleOutput))
#28 {main}

[previous exception] [object] (PDOException(code: 42000): SQLSTATE[42000]: Syntax error or access violation: 1071 Specified key was too long; max key length is 1000 bytes at C:\\Users\\hunter28\\Documents\\cursos\\Web\\Test-IdhaTrabalhoPraticoWeb\\TrabalhoPraticoWeb\\apiUsuarioFunyTurismo\\vendor\\illuminate\\database\\Connection.php:463)
[stacktrace]
#0 C:\\Users\\hunter28\\Documents\\cursos\\Web\\Test-IdhaTrabalhoPraticoWeb\\TrabalhoPraticoWeb\\apiUsuarioFunyTurismo\\vendor\\illuminate\\database\\Connection.php(463): PDOStatement->execute()
#1 C:\\Users\\hunter28\\Documents\\cursos\\Web\\Test-IdhaTrabalhoPraticoWeb\\TrabalhoPraticoWeb\\apiUsuarioFunyTurismo\\vendor\\illuminate\\database\\Connection.php(662): Illuminate\\Database\\Connection->Illuminate\\Database\\{closure}('alter table `us...', Array)
#2 C:\\Users\\hunter28\\Documents\\cursos\\Web\\Test-IdhaTrabalhoPraticoWeb\\TrabalhoPraticoWeb\\apiUsuarioFunyTurismo\\vendor\\illuminate\\database\\Connection.php(629): Illuminate\\Database\\Connection->runQueryCallback('alter table `us...', Array, Object(Closure))
#3 C:\\Users\\hunter28\\Documents\\cursos\\Web\\Test-IdhaTrabalhoPraticoWeb\\TrabalhoPraticoWeb\\apiUsuarioFunyTurismo\\vendor\\illuminate\\database\\Connection.php(464): Illuminate\\Database\\Connection->run('alter table `us...', Array, Object(Closure))
#4 C:\\Users\\hunter28\\Documents\\cursos\\Web\\Test-IdhaTrabalhoPraticoWeb\\TrabalhoPraticoWeb\\apiUsuarioFunyTurismo\\vendor\\illuminate\\database\\Schema\\Blueprint.php(97): Illuminate\\Database\\Connection->statement('alter table `us...')
#5 C:\\Users\\hunter28\\Documents\\cursos\\Web\\Test-IdhaTrabalhoPraticoWeb\\TrabalhoPraticoWeb\\apiUsuarioFunyTurismo\\vendor\\illuminate\\database\\Schema\\Builder.php(290): Illuminate\\Database\\Schema\\Blueprint->build(Object(Illuminate\\Database\\MySqlConnection), Object(Illuminate\\Database\\Schema\\Grammars\\MySqlGrammar))
#6 C:\\Users\\hunter28\\Documents\\cursos\\Web\\Test-IdhaTrabalhoPraticoWeb\\TrabalhoPraticoWeb\\apiUsuarioFunyTurismo\\vendor\\illuminate\\database\\Schema\\Builder.php(167): Illuminate\\Database\\Schema\\Builder->build(Object(Illuminate\\Database\\Schema\\Blueprint))
#7 C:\\Users\\hunter28\\Documents\\cursos\\Web\\Test-IdhaTrabalhoPraticoWeb\\TrabalhoPraticoWeb\\apiUsuarioFunyTurismo\\vendor\\illuminate\\support\\Facades\\Facade.php(261): Illuminate\\Database\\Schema\\Builder->create('users', Object(Closure))
#8 C:\\Users\\hunter28\\Documents\\cursos\\Web\\Test-IdhaTrabalhoPraticoWeb\\TrabalhoPraticoWeb\\apiUsuarioFunyTurismo\\database\\migrations\\2019_12_30_231747_create_users_table.php(23): Illuminate\\Support\\Facades\\Facade::__callStatic('create', Array)
#9 C:\\Users\\hunter28\\Documents\\cursos\\Web\\Test-IdhaTrabalhoPraticoWeb\\TrabalhoPraticoWeb\\apiUsuarioFunyTurismo\\vendor\\illuminate\\database\\Migrations\\Migrator.php(387): CreateUsersTable->up()
#10 C:\\Users\\hunter28\\Documents\\cursos\\Web\\Test-IdhaTrabalhoPraticoWeb\\TrabalhoPraticoWeb\\apiUsuarioFunyTurismo\\vendor\\illuminate\\database\\Migrations\\Migrator.php(396): Illuminate\\Database\\Migrations\\Migrator->Illuminate\\Database\\Migrations\\{closure}()
#11 C:\\Users\\hunter28\\Documents\\cursos\\Web\\Test-IdhaTrabalhoPraticoWeb\\TrabalhoPraticoWeb\\apiUsuarioFunyTurismo\\vendor\\illuminate\\database\\Migrations\\Migrator.php(197): Illuminate\\Database\\Migrations\\Migrator->runMigration(Object(CreateUsersTable), 'up')
#12 C:\\Users\\hunter28\\Documents\\cursos\\Web\\Test-IdhaTrabalhoPraticoWeb\\TrabalhoPraticoWeb\\apiUsuarioFunyTurismo\\vendor\\illuminate\\database\\Migrations\\Migrator.php(162): Illuminate\\Database\\Migrations\\Migrator->runUp('C:\\\\Users\\\\hunter...', 1, false)
#13 C:\\Users\\hunter28\\Documents\\cursos\\Web\\Test-IdhaTrabalhoPraticoWeb\\TrabalhoPraticoWeb\\apiUsuarioFunyTurismo\\vendor\\illuminate\\database\\Migrations\\Migrator.php(109): Illuminate\\Database\\Migrations\\Migrator->runPending(Array, Array)
#14 C:\\Users\\hunter28\\Documents\\cursos\\Web\\Test-IdhaTrabalhoPraticoWeb\\TrabalhoPraticoWeb\\apiUsuarioFunyTurismo\\vendor\\illuminate\\database\\Console\\Migrations\\MigrateCommand.php(71): Illuminate\\Database\\Migrations\\Migrator->run(Array, Array)
#15 [internal function]: Illuminate\\Database\\Console\\Migrations\\MigrateCommand->handle()
#16 C:\\Users\\hunter28\\Documents\\cursos\\Web\\Test-IdhaTrabalhoPraticoWeb\\TrabalhoPraticoWeb\\apiUsuarioFunyTurismo\\vendor\\illuminate\\container\\BoundMethod.php(32): call_user_func_array(Array, Array)
#17 C:\\Users\\hunter28\\Documents\\cursos\\Web\\Test-IdhaTrabalhoPraticoWeb\\TrabalhoPraticoWeb\\apiUsuarioFunyTurismo\\vendor\\illuminate\\container\\Util.php(36): Illuminate\\Container\\BoundMethod::Illuminate\\Container\\{closure}()
#18 C:\\Users\\hunter28\\Documents\\cursos\\Web\\Test-IdhaTrabalhoPraticoWeb\\TrabalhoPraticoWeb\\apiUsuarioFunyTurismo\\vendor\\illuminate\\container\\BoundMethod.php(90): Illuminate\\Container\\Util::unwrapIfClosure(Object(Closure))
#19 C:\\Users\\hunter28\\Documents\\cursos\\Web\\Test-IdhaTrabalhoPraticoWeb\\TrabalhoPraticoWeb\\apiUsuarioFunyTurismo\\vendor\\illuminate\\container\\BoundMethod.php(34): Illuminate\\Container\\BoundMethod::callBoundMethod(Object(Laravel\\Lumen\\Application), Array, Object(Closure))
#20 C:\\Users\\hunter28\\Documents\\cursos\\Web\\Test-IdhaTrabalhoPraticoWeb\\TrabalhoPraticoWeb\\apiUsuarioFunyTurismo\\vendor\\illuminate\\container\\Container.php(590): Illuminate\\Container\\BoundMethod::call(Object(Laravel\\Lumen\\Application), Array, Array, NULL)
#21 C:\\Users\\hunter28\\Documents\\cursos\\Web\\Test-IdhaTrabalhoPraticoWeb\\TrabalhoPraticoWeb\\apiUsuarioFunyTurismo\\vendor\\illuminate\\console\\Command.php(202): Illuminate\\Container\\Container->call(Array)
#22 C:\\Users\\hunter28\\Documents\\cursos\\Web\\Test-IdhaTrabalhoPraticoWeb\\TrabalhoPraticoWeb\\apiUsuarioFunyTurismo\\vendor\\symfony\\console\\Command\\Command.php(255): Illuminate\\Console\\Command->execute(Object(Symfony\\Component\\Console\\Input\\ArgvInput), Object(Illuminate\\Console\\OutputStyle))
#23 C:\\Users\\hunter28\\Documents\\cursos\\Web\\Test-IdhaTrabalhoPraticoWeb\\TrabalhoPraticoWeb\\apiUsuarioFunyTurismo\\vendor\\illuminate\\console\\Command.php(189): Symfony\\Component\\Console\\Command\\Command->run(Object(Symfony\\Component\\Console\\Input\\ArgvInput), Object(Illuminate\\Console\\OutputStyle))
#24 C:\\Users\\hunter28\\Documents\\cursos\\Web\\Test-IdhaTrabalhoPraticoWeb\\TrabalhoPraticoWeb\\apiUsuarioFunyTurismo\\vendor\\symfony\\console\\Application.php(1011): Illuminate\\Console\\Command->run(Object(Symfony\\Component\\Console\\Input\\ArgvInput), Object(Symfony\\Component\\Console\\Output\\ConsoleOutput))
#25 C:\\Users\\hunter28\\Documents\\cursos\\Web\\Test-IdhaTrabalhoPraticoWeb\\TrabalhoPraticoWeb\\apiUsuarioFunyTurismo\\vendor\\symfony\\console\\Application.php(272): Symfony\\Component\\Console\\Application->doRunCommand(Object(Illuminate\\Database\\Console\\Migrations\\MigrateCommand), Object(Symfony\\Component\\Console\\Input\\ArgvInput), Object(Symfony\\Component\\Console\\Output\\ConsoleOutput))
#26 C:\\Users\\hunter28\\Documents\\cursos\\Web\\Test-IdhaTrabalhoPraticoWeb\\TrabalhoPraticoWeb\\apiUsuarioFunyTurismo\\vendor\\symfony\\console\\Application.php(148): Symfony\\Component\\Console\\Application->doRun(Object(Symfony\\Component\\Console\\Input\\ArgvInput), Object(Symfony\\Component\\Console\\Output\\ConsoleOutput))
#27 C:\\Users\\hunter28\\Documents\\cursos\\Web\\Test-IdhaTrabalhoPraticoWeb\\TrabalhoPraticoWeb\\apiUsuarioFunyTurismo\\vendor\\illuminate\\console\\Application.php(93): Symfony\\Component\\Console\\Application->run(Object(Symfony\\Component\\Console\\Input\\ArgvInput), Object(Symfony\\Component\\Console\\Output\\ConsoleOutput))
#28 C:\\Users\\hunter28\\Documents\\cursos\\Web\\Test-IdhaTrabalhoPraticoWeb\\TrabalhoPraticoWeb\\apiUsuarioFunyTurismo\\vendor\\laravel\\lumen-framework\\src\\Console\\Kernel.php(115): Illuminate\\Console\\Application->run(Object(Symfony\\Component\\Console\\Input\\ArgvInput), Object(Symfony\\Component\\Console\\Output\\ConsoleOutput))
#29 C:\\Users\\hunter28\\Documents\\cursos\\Web\\Test-IdhaTrabalhoPraticoWeb\\TrabalhoPraticoWeb\\apiUsuarioFunyTurismo\\artisan(35): Laravel\\Lumen\\Console\\Kernel->handle(Object(Symfony\\Component\\Console\\Input\\ArgvInput), Object(Symfony\\Component\\Console\\Output\\ConsoleOutput))
#30 {main}
"} 
[2019-12-30 23:29:23] local.ERROR: PDOException: SQLSTATE[42S01]: Base table or view already exists: 1050 Table 'users' already exists in C:\Users\hunter28\Documents\cursos\Web\Test-IdhaTrabalhoPraticoWeb\TrabalhoPraticoWeb\apiUsuarioFunyTurismo\vendor\illuminate\database\Connection.php:463
Stack trace:
#0 C:\Users\hunter28\Documents\cursos\Web\Test-IdhaTrabalhoPraticoWeb\TrabalhoPraticoWeb\apiUsuarioFunyTurismo\vendor\illuminate\database\Connection.php(463): PDOStatement->execute()
#1 C:\Users\hunter28\Documents\cursos\Web\Test-IdhaTrabalhoPraticoWeb\TrabalhoPraticoWeb\apiUsuarioFunyTurismo\vendor\illuminate\database\Connection.php(662): Illuminate\Database\Connection->Illuminate\Database\{closure}('create table `u...', Array)
#2 C:\Users\hunter28\Documents\cursos\Web\Test-IdhaTrabalhoPraticoWeb\TrabalhoPraticoWeb\apiUsuarioFunyTurismo\vendor\illuminate\database\Connection.php(629): Illuminate\Database\Connection->runQueryCallback('create table `u...', Array, Object(Closure))
#3 C:\Users\hunter28\Documents\cursos\Web\Test-IdhaTrabalhoPraticoWeb\TrabalhoPraticoWeb\apiUsuarioFunyTurismo\vendor\illuminate\database\Connection.php(464): Illuminate\Database\Connection->run('create table `u...', Array, Object(Closure))
#4 C:\Users\hunter28\Documents\cursos\Web\Test-IdhaTrabalhoPraticoWeb\TrabalhoPraticoWeb\apiUsuarioFunyTurismo\vendor\illuminate\database\Schema\Blueprint.php(97): Illuminate\Database\Connection->statement('create table `u...')
#5 C:\Users\hunter28\Documents\cursos\Web\Test-IdhaTrabalhoPraticoWeb\TrabalhoPraticoWeb\apiUsuarioFunyTurismo\vendor\illuminate\database\Schema\Builder.php(290): Illuminate\Database\Schema\Blueprint->build(Object(Illuminate\Database\MySqlConnection), Object(Illuminate\Database\Schema\Grammars\MySqlGrammar))
#6 C:\Users\hunter28\Documents\cursos\Web\Test-IdhaTrabalhoPraticoWeb\TrabalhoPraticoWeb\apiUsuarioFunyTurismo\vendor\illuminate\database\Schema\Builder.php(167): Illuminate\Database\Schema\Builder->build(Object(Illuminate\Database\Schema\Blueprint))
#7 C:\Users\hunter28\Documents\cursos\Web\Test-IdhaTrabalhoPraticoWeb\TrabalhoPraticoWeb\apiUsuarioFunyTurismo\vendor\illuminate\support\Facades\Facade.php(261): Illuminate\Database\Schema\Builder->create('users', Object(Closure))
#8 C:\Users\hunter28\Documents\cursos\Web\Test-IdhaTrabalhoPraticoWeb\TrabalhoPraticoWeb\apiUsuarioFunyTurismo\database\migrations\2019_12_30_231747_create_users_table.php(25): Illuminate\Support\Facades\Facade::__callStatic('create', Array)
#9 C:\Users\hunter28\Documents\cursos\Web\Test-IdhaTrabalhoPraticoWeb\TrabalhoPraticoWeb\apiUsuarioFunyTurismo\vendor\illuminate\database\Migrations\Migrator.php(387): CreateUsersTable->up()
#10 C:\Users\hunter28\Documents\cursos\Web\Test-IdhaTrabalhoPraticoWeb\TrabalhoPraticoWeb\apiUsuarioFunyTurismo\vendor\illuminate\database\Migrations\Migrator.php(396): Illuminate\Database\Migrations\Migrator->Illuminate\Database\Migrations\{closure}()
#11 C:\Users\hunter28\Documents\cursos\Web\Test-IdhaTrabalhoPraticoWeb\TrabalhoPraticoWeb\apiUsuarioFunyTurismo\vendor\illuminate\database\Migrations\Migrator.php(197): Illuminate\Database\Migrations\Migrator->runMigration(Object(CreateUsersTable), 'up')
#12 C:\Users\hunter28\Documents\cursos\Web\Test-IdhaTrabalhoPraticoWeb\TrabalhoPraticoWeb\apiUsuarioFunyTurismo\vendor\illuminate\database\Migrations\Migrator.php(162): Illuminate\Database\Migrations\Migrator->runUp('C:\\Users\\hunter...', 1, false)
#13 C:\Users\hunter28\Documents\cursos\Web\Test-IdhaTrabalhoPraticoWeb\TrabalhoPraticoWeb\apiUsuarioFunyTurismo\vendor\illuminate\database\Migrations\Migrator.php(109): Illuminate\Database\Migrations\Migrator->runPending(Array, Array)
#14 C:\Users\hunter28\Documents\cursos\Web\Test-IdhaTrabalhoPraticoWeb\TrabalhoPraticoWeb\apiUsuarioFunyTurismo\vendor\illuminate\database\Console\Migrations\MigrateCommand.php(71): Illuminate\Database\Migrations\Migrator->run(Array, Array)
#15 [internal function]: Illuminate\Database\Console\Migrations\MigrateCommand->handle()
#16 C:\Users\hunter28\Documents\cursos\Web\Test-IdhaTrabalhoPraticoWeb\TrabalhoPraticoWeb\apiUsuarioFunyTurismo\vendor\illuminate\container\BoundMethod.php(32): call_user_func_array(Array, Array)
#17 C:\Users\hunter28\Documents\cursos\Web\Test-IdhaTrabalhoPraticoWeb\TrabalhoPraticoWeb\apiUsuarioFunyTurismo\vendor\illuminate\container\Util.php(36): Illuminate\Container\BoundMethod::Illuminate\Container\{closure}()
#18 C:\Users\hunter28\Documents\cursos\Web\Test-IdhaTrabalhoPraticoWeb\TrabalhoPraticoWeb\apiUsuarioFunyTurismo\vendor\illuminate\container\BoundMethod.php(90): Illuminate\Container\Util::unwrapIfClosure(Object(Closure))
#19 C:\Users\hunter28\Documents\cursos\Web\Test-IdhaTrabalhoPraticoWeb\TrabalhoPraticoWeb\apiUsuarioFunyTurismo\vendor\illuminate\container\BoundMethod.php(34): Illuminate\Container\BoundMethod::callBoundMethod(Object(Laravel\Lumen\Application), Array, Object(Closure))
#20 C:\Users\hunter28\Documents\cursos\Web\Test-IdhaTrabalhoPraticoWeb\TrabalhoPraticoWeb\apiUsuarioFunyTurismo\vendor\illuminate\container\Container.php(590): Illuminate\Container\BoundMethod::call(Object(Laravel\Lumen\Application), Array, Array, NULL)
#21 C:\Users\hunter28\Documents\cursos\Web\Test-IdhaTrabalhoPraticoWeb\TrabalhoPraticoWeb\apiUsuarioFunyTurismo\vendor\illuminate\console\Command.php(202): Illuminate\Container\Container->call(Array)
#22 C:\Users\hunter28\Documents\cursos\Web\Test-IdhaTrabalhoPraticoWeb\TrabalhoPraticoWeb\apiUsuarioFunyTurismo\vendor\symfony\console\Command\Command.php(255): Illuminate\Console\Command->execute(Object(Symfony\Component\Console\Input\ArgvInput), Object(Illuminate\Console\OutputStyle))
#23 C:\Users\hunter28\Documents\cursos\Web\Test-IdhaTrabalhoPraticoWeb\TrabalhoPraticoWeb\apiUsuarioFunyTurismo\vendor\illuminate\console\Command.php(189): Symfony\Component\Console\Command\Command->run(Object(Symfony\Component\Console\Input\ArgvInput), Object(Illuminate\Console\OutputStyle))
#24 C:\Users\hunter28\Documents\cursos\Web\Test-IdhaTrabalhoPraticoWeb\TrabalhoPraticoWeb\apiUsuarioFunyTurismo\vendor\symfony\console\Application.php(1011): Illuminate\Console\Command->run(Object(Symfony\Component\Console\Input\ArgvInput), Object(Symfony\Component\Console\Output\ConsoleOutput))
#25 C:\Users\hunter28\Documents\cursos\Web\Test-IdhaTrabalhoPraticoWeb\TrabalhoPraticoWeb\apiUsuarioFunyTurismo\vendor\symfony\console\Application.php(272): Symfony\Component\Console\Application->doRunCommand(Object(Illuminate\Database\Console\Migrations\MigrateCommand), Object(Symfony\Component\Console\Input\ArgvInput), Object(Symfony\Component\Console\Output\ConsoleOutput))
#26 C:\Users\hunter28\Documents\cursos\Web\Test-IdhaTrabalhoPraticoWeb\TrabalhoPraticoWeb\apiUsuarioFunyTurismo\vendor\symfony\console\Application.php(148): Symfony\Component\Console\Application->doRun(Object(Symfony\Component\Console\Input\ArgvInput), Object(Symfony\Component\Console\Output\ConsoleOutput))
#27 C:\Users\hunter28\Documents\cursos\Web\Test-IdhaTrabalhoPraticoWeb\TrabalhoPraticoWeb\apiUsuarioFunyTurismo\vendor\illuminate\console\Application.php(93): Symfony\Component\Console\Application->run(Object(Symfony\Component\Console\Input\ArgvInput), Object(Symfony\Component\Console\Output\ConsoleOutput))
#28 C:\Users\hunter28\Documents\cursos\Web\Test-IdhaTrabalhoPraticoWeb\TrabalhoPraticoWeb\apiUsuarioFunyTurismo\vendor\laravel\lumen-framework\src\Console\Kernel.php(115): Illuminate\Console\Application->run(Object(Symfony\Component\Console\Input\ArgvInput), Object(Symfony\Component\Console\Output\ConsoleOutput))
#29 C:\Users\hunter28\Documents\cursos\Web\Test-IdhaTrabalhoPraticoWeb\TrabalhoPraticoWeb\apiUsuarioFunyTurismo\artisan(35): Laravel\Lumen\Console\Kernel->handle(Object(Symfony\Component\Console\Input\ArgvInput), Object(Symfony\Component\Console\Output\ConsoleOutput))
#30 {main}

Next Illuminate\Database\QueryException: SQLSTATE[42S01]: Base table or view already exists: 1050 Table 'users' already exists (SQL: create table `users` (`id` int unsigned not null auto_increment primary key, `idPacote` int not null default '0', `name` varchar(191) not null, `email` varchar(191) not null, `password` varchar(191) not null, `api_token` varchar(191) not null, `created_at` timestamp null, `updated_at` timestamp null) default character set utf8mb4 collate 'utf8mb4_unicode_ci') in C:\Users\hunter28\Documents\cursos\Web\Test-IdhaTrabalhoPraticoWeb\TrabalhoPraticoWeb\apiUsuarioFunyTurismo\vendor\illuminate\database\Connection.php:669
Stack trace:
#0 C:\Users\hunter28\Documents\cursos\Web\Test-IdhaTrabalhoPraticoWeb\TrabalhoPraticoWeb\apiUsuarioFunyTurismo\vendor\illuminate\database\Connection.php(629): Illuminate\Database\Connection->runQueryCallback('create table `u...', Array, Object(Closure))
#1 C:\Users\hunter28\Documents\cursos\Web\Test-IdhaTrabalhoPraticoWeb\TrabalhoPraticoWeb\apiUsuarioFunyTurismo\vendor\illuminate\database\Connection.php(464): Illuminate\Database\Connection->run('create table `u...', Array, Object(Closure))
#2 C:\Users\hunter28\Documents\cursos\Web\Test-IdhaTrabalhoPraticoWeb\TrabalhoPraticoWeb\apiUsuarioFunyTurismo\vendor\illuminate\database\Schema\Blueprint.php(97): Illuminate\Database\Connection->statement('create table `u...')
#3 C:\Users\hunter28\Documents\cursos\Web\Test-IdhaTrabalhoPraticoWeb\TrabalhoPraticoWeb\apiUsuarioFunyTurismo\vendor\illuminate\database\Schema\Builder.php(290): Illuminate\Database\Schema\Blueprint->build(Object(Illuminate\Database\MySqlConnection), Object(Illuminate\Database\Schema\Grammars\MySqlGrammar))
#4 C:\Users\hunter28\Documents\cursos\Web\Test-IdhaTrabalhoPraticoWeb\TrabalhoPraticoWeb\apiUsuarioFunyTurismo\vendor\illuminate\database\Schema\Builder.php(167): Illuminate\Database\Schema\Builder->build(Object(Illuminate\Database\Schema\Blueprint))
#5 C:\Users\hunter28\Documents\cursos\Web\Test-IdhaTrabalhoPraticoWeb\TrabalhoPraticoWeb\apiUsuarioFunyTurismo\vendor\illuminate\support\Facades\Facade.php(261): Illuminate\Database\Schema\Builder->create('users', Object(Closure))
#6 C:\Users\hunter28\Documents\cursos\Web\Test-IdhaTrabalhoPraticoWeb\TrabalhoPraticoWeb\apiUsuarioFunyTurismo\database\migrations\2019_12_30_231747_create_users_table.php(25): Illuminate\Support\Facades\Facade::__callStatic('create', Array)
#7 C:\Users\hunter28\Documents\cursos\Web\Test-IdhaTrabalhoPraticoWeb\TrabalhoPraticoWeb\apiUsuarioFunyTurismo\vendor\illuminate\database\Migrations\Migrator.php(387): CreateUsersTable->up()
#8 C:\Users\hunter28\Documents\cursos\Web\Test-IdhaTrabalhoPraticoWeb\TrabalhoPraticoWeb\apiUsuarioFunyTurismo\vendor\illuminate\database\Migrations\Migrator.php(396): Illuminate\Database\Migrations\Migrator->Illuminate\Database\Migrations\{closure}()
#9 C:\Users\hunter28\Documents\cursos\Web\Test-IdhaTrabalhoPraticoWeb\TrabalhoPraticoWeb\apiUsuarioFunyTurismo\vendor\illuminate\database\Migrations\Migrator.php(197): Illuminate\Database\Migrations\Migrator->runMigration(Object(CreateUsersTable), 'up')
#10 C:\Users\hunter28\Documents\cursos\Web\Test-IdhaTrabalhoPraticoWeb\TrabalhoPraticoWeb\apiUsuarioFunyTurismo\vendor\illuminate\database\Migrations\Migrator.php(162): Illuminate\Database\Migrations\Migrator->runUp('C:\\Users\\hunter...', 1, false)
#11 C:\Users\hunter28\Documents\cursos\Web\Test-IdhaTrabalhoPraticoWeb\TrabalhoPraticoWeb\apiUsuarioFunyTurismo\vendor\illuminate\database\Migrations\Migrator.php(109): Illuminate\Database\Migrations\Migrator->runPending(Array, Array)
#12 C:\Users\hunter28\Documents\cursos\Web\Test-IdhaTrabalhoPraticoWeb\TrabalhoPraticoWeb\apiUsuarioFunyTurismo\vendor\illuminate\database\Console\Migrations\MigrateCommand.php(71): Illuminate\Database\Migrations\Migrator->run(Array, Array)
#13 [internal function]: Illuminate\Database\Console\Migrations\MigrateCommand->handle()
#14 C:\Users\hunter28\Documents\cursos\Web\Test-IdhaTrabalhoPraticoWeb\TrabalhoPraticoWeb\apiUsuarioFunyTurismo\vendor\illuminate\container\BoundMethod.php(32): call_user_func_array(Array, Array)
#15 C:\Users\hunter28\Documents\cursos\Web\Test-IdhaTrabalhoPraticoWeb\TrabalhoPraticoWeb\apiUsuarioFunyTurismo\vendor\illuminate\container\Util.php(36): Illuminate\Container\BoundMethod::Illuminate\Container\{closure}()
#16 C:\Users\hunter28\Documents\cursos\Web\Test-IdhaTrabalhoPraticoWeb\TrabalhoPraticoWeb\apiUsuarioFunyTurismo\vendor\illuminate\container\BoundMethod.php(90): Illuminate\Container\Util::unwrapIfClosure(Object(Closure))
#17 C:\Users\hunter28\Documents\cursos\Web\Test-IdhaTrabalhoPraticoWeb\TrabalhoPraticoWeb\apiUsuarioFunyTurismo\vendor\illuminate\container\BoundMethod.php(34): Illuminate\Container\BoundMethod::callBoundMethod(Object(Laravel\Lumen\Application), Array, Object(Closure))
#18 C:\Users\hunter28\Documents\cursos\Web\Test-IdhaTrabalhoPraticoWeb\TrabalhoPraticoWeb\apiUsuarioFunyTurismo\vendor\illuminate\container\Container.php(590): Illuminate\Container\BoundMethod::call(Object(Laravel\Lumen\Application), Array, Array, NULL)
#19 C:\Users\hunter28\Documents\cursos\Web\Test-IdhaTrabalhoPraticoWeb\TrabalhoPraticoWeb\apiUsuarioFunyTurismo\vendor\illuminate\console\Command.php(202): Illuminate\Container\Container->call(Array)
#20 C:\Users\hunter28\Documents\cursos\Web\Test-IdhaTrabalhoPraticoWeb\TrabalhoPraticoWeb\apiUsuarioFunyTurismo\vendor\symfony\console\Command\Command.php(255): Illuminate\Console\Command->execute(Object(Symfony\Component\Console\Input\ArgvInput), Object(Illuminate\Console\OutputStyle))
#21 C:\Users\hunter28\Documents\cursos\Web\Test-IdhaTrabalhoPraticoWeb\TrabalhoPraticoWeb\apiUsuarioFunyTurismo\vendor\illuminate\console\Command.php(189): Symfony\Component\Console\Command\Command->run(Object(Symfony\Component\Console\Input\ArgvInput), Object(Illuminate\Console\OutputStyle))
#22 C:\Users\hunter28\Documents\cursos\Web\Test-IdhaTrabalhoPraticoWeb\TrabalhoPraticoWeb\apiUsuarioFunyTurismo\vendor\symfony\console\Application.php(1011): Illuminate\Console\Command->run(Object(Symfony\Component\Console\Input\ArgvInput), Object(Symfony\Component\Console\Output\ConsoleOutput))
#23 C:\Users\hunter28\Documents\cursos\Web\Test-IdhaTrabalhoPraticoWeb\TrabalhoPraticoWeb\apiUsuarioFunyTurismo\vendor\symfony\console\Application.php(272): Symfony\Component\Console\Application->doRunCommand(Object(Illuminate\Database\Console\Migrations\MigrateCommand), Object(Symfony\Component\Console\Input\ArgvInput), Object(Symfony\Component\Console\Output\ConsoleOutput))
#24 C:\Users\hunter28\Documents\cursos\Web\Test-IdhaTrabalhoPraticoWeb\TrabalhoPraticoWeb\apiUsuarioFunyTurismo\vendor\symfony\console\Application.php(148): Symfony\Component\Console\Application->doRun(Object(Symfony\Component\Console\Input\ArgvInput), Object(Symfony\Component\Console\Output\ConsoleOutput))
#25 C:\Users\hunter28\Documents\cursos\Web\Test-IdhaTrabalhoPraticoWeb\TrabalhoPraticoWeb\apiUsuarioFunyTurismo\vendor\illuminate\console\Application.php(93): Symfony\Component\Console\Application->run(Object(Symfony\Component\Console\Input\ArgvInput), Object(Symfony\Component\Console\Output\ConsoleOutput))
#26 C:\Users\hunter28\Documents\cursos\Web\Test-IdhaTrabalhoPraticoWeb\TrabalhoPraticoWeb\apiUsuarioFunyTurismo\vendor\laravel\lumen-framework\src\Console\Kernel.php(115): Illuminate\Console\Application->run(Object(Symfony\Component\Console\Input\ArgvInput), Object(Symfony\Component\Console\Output\ConsoleOutput))
#27 C:\Users\hunter28\Documents\cursos\Web\Test-IdhaTrabalhoPraticoWeb\TrabalhoPraticoWeb\apiUsuarioFunyTurismo\artisan(35): Laravel\Lumen\Console\Kernel->handle(Object(Symfony\Component\Console\Input\ArgvInput), Object(Symfony\Component\Console\Output\ConsoleOutput))
#28 {main} {"exception":"[object] (Illuminate\\Database\\QueryException(code: 42S01): SQLSTATE[42S01]: Base table or view already exists: 1050 Table 'users' already exists (SQL: create table `users` (`id` int unsigned not null auto_increment primary key, `idPacote` int not null default '0', `name` varchar(191) not null, `email` varchar(191) not null, `password` varchar(191) not null, `api_token` varchar(191) not null, `created_at` timestamp null, `updated_at` timestamp null) default character set utf8mb4 collate 'utf8mb4_unicode_ci') at C:\\Users\\hunter28\\Documents\\cursos\\Web\\Test-IdhaTrabalhoPraticoWeb\\TrabalhoPraticoWeb\\apiUsuarioFunyTurismo\\vendor\\illuminate\\database\\Connection.php:669)
[stacktrace]
#0 C:\\Users\\hunter28\\Documents\\cursos\\Web\\Test-IdhaTrabalhoPraticoWeb\\TrabalhoPraticoWeb\\apiUsuarioFunyTurismo\\vendor\\illuminate\\database\\Connection.php(629): Illuminate\\Database\\Connection->runQueryCallback('create table `u...', Array, Object(Closure))
#1 C:\\Users\\hunter28\\Documents\\cursos\\Web\\Test-IdhaTrabalhoPraticoWeb\\TrabalhoPraticoWeb\\apiUsuarioFunyTurismo\\vendor\\illuminate\\database\\Connection.php(464): Illuminate\\Database\\Connection->run('create table `u...', Array, Object(Closure))
#2 C:\\Users\\hunter28\\Documents\\cursos\\Web\\Test-IdhaTrabalhoPraticoWeb\\TrabalhoPraticoWeb\\apiUsuarioFunyTurismo\\vendor\\illuminate\\database\\Schema\\Blueprint.php(97): Illuminate\\Database\\Connection->statement('create table `u...')
#3 C:\\Users\\hunter28\\Documents\\cursos\\Web\\Test-IdhaTrabalhoPraticoWeb\\TrabalhoPraticoWeb\\apiUsuarioFunyTurismo\\vendor\\illuminate\\database\\Schema\\Builder.php(290): Illuminate\\Database\\Schema\\Blueprint->build(Object(Illuminate\\Database\\MySqlConnection), Object(Illuminate\\Database\\Schema\\Grammars\\MySqlGrammar))
#4 C:\\Users\\hunter28\\Documents\\cursos\\Web\\Test-IdhaTrabalhoPraticoWeb\\TrabalhoPraticoWeb\\apiUsuarioFunyTurismo\\vendor\\illuminate\\database\\Schema\\Builder.php(167): Illuminate\\Database\\Schema\\Builder->build(Object(Illuminate\\Database\\Schema\\Blueprint))
#5 C:\\Users\\hunter28\\Documents\\cursos\\Web\\Test-IdhaTrabalhoPraticoWeb\\TrabalhoPraticoWeb\\apiUsuarioFunyTurismo\\vendor\\illuminate\\support\\Facades\\Facade.php(261): Illuminate\\Database\\Schema\\Builder->create('users', Object(Closure))
#6 C:\\Users\\hunter28\\Documents\\cursos\\Web\\Test-IdhaTrabalhoPraticoWeb\\TrabalhoPraticoWeb\\apiUsuarioFunyTurismo\\database\\migrations\\2019_12_30_231747_create_users_table.php(25): Illuminate\\Support\\Facades\\Facade::__callStatic('create', Array)
#7 C:\\Users\\hunter28\\Documents\\cursos\\Web\\Test-IdhaTrabalhoPraticoWeb\\TrabalhoPraticoWeb\\apiUsuarioFunyTurismo\\vendor\\illuminate\\database\\Migrations\\Migrator.php(387): CreateUsersTable->up()
#8 C:\\Users\\hunter28\\Documents\\cursos\\Web\\Test-IdhaTrabalhoPraticoWeb\\TrabalhoPraticoWeb\\apiUsuarioFunyTurismo\\vendor\\illuminate\\database\\Migrations\\Migrator.php(396): Illuminate\\Database\\Migrations\\Migrator->Illuminate\\Database\\Migrations\\{closure}()
#9 C:\\Users\\hunter28\\Documents\\cursos\\Web\\Test-IdhaTrabalhoPraticoWeb\\TrabalhoPraticoWeb\\apiUsuarioFunyTurismo\\vendor\\illuminate\\database\\Migrations\\Migrator.php(197): Illuminate\\Database\\Migrations\\Migrator->runMigration(Object(CreateUsersTable), 'up')
#10 C:\\Users\\hunter28\\Documents\\cursos\\Web\\Test-IdhaTrabalhoPraticoWeb\\TrabalhoPraticoWeb\\apiUsuarioFunyTurismo\\vendor\\illuminate\\database\\Migrations\\Migrator.php(162): Illuminate\\Database\\Migrations\\Migrator->runUp('C:\\\\Users\\\\hunter...', 1, false)
#11 C:\\Users\\hunter28\\Documents\\cursos\\Web\\Test-IdhaTrabalhoPraticoWeb\\TrabalhoPraticoWeb\\apiUsuarioFunyTurismo\\vendor\\illuminate\\database\\Migrations\\Migrator.php(109): Illuminate\\Database\\Migrations\\Migrator->runPending(Array, Array)
#12 C:\\Users\\hunter28\\Documents\\cursos\\Web\\Test-IdhaTrabalhoPraticoWeb\\TrabalhoPraticoWeb\\apiUsuarioFunyTurismo\\vendor\\illuminate\\database\\Console\\Migrations\\MigrateCommand.php(71): Illuminate\\Database\\Migrations\\Migrator->run(Array, Array)
#13 [internal function]: Illuminate\\Database\\Console\\Migrations\\MigrateCommand->handle()
#14 C:\\Users\\hunter28\\Documents\\cursos\\Web\\Test-IdhaTrabalhoPraticoWeb\\TrabalhoPraticoWeb\\apiUsuarioFunyTurismo\\vendor\\illuminate\\container\\BoundMethod.php(32): call_user_func_array(Array, Array)
#15 C:\\Users\\hunter28\\Documents\\cursos\\Web\\Test-IdhaTrabalhoPraticoWeb\\TrabalhoPraticoWeb\\apiUsuarioFunyTurismo\\vendor\\illuminate\\container\\Util.php(36): Illuminate\\Container\\BoundMethod::Illuminate\\Container\\{closure}()
#16 C:\\Users\\hunter28\\Documents\\cursos\\Web\\Test-IdhaTrabalhoPraticoWeb\\TrabalhoPraticoWeb\\apiUsuarioFunyTurismo\\vendor\\illuminate\\container\\BoundMethod.php(90): Illuminate\\Container\\Util::unwrapIfClosure(Object(Closure))
#17 C:\\Users\\hunter28\\Documents\\cursos\\Web\\Test-IdhaTrabalhoPraticoWeb\\TrabalhoPraticoWeb\\apiUsuarioFunyTurismo\\vendor\\illuminate\\container\\BoundMethod.php(34): Illuminate\\Container\\BoundMethod::callBoundMethod(Object(Laravel\\Lumen\\Application), Array, Object(Closure))
#18 C:\\Users\\hunter28\\Documents\\cursos\\Web\\Test-IdhaTrabalhoPraticoWeb\\TrabalhoPraticoWeb\\apiUsuarioFunyTurismo\\vendor\\illuminate\\container\\Container.php(590): Illuminate\\Container\\BoundMethod::call(Object(Laravel\\Lumen\\Application), Array, Array, NULL)
#19 C:\\Users\\hunter28\\Documents\\cursos\\Web\\Test-IdhaTrabalhoPraticoWeb\\TrabalhoPraticoWeb\\apiUsuarioFunyTurismo\\vendor\\illuminate\\console\\Command.php(202): Illuminate\\Container\\Container->call(Array)
#20 C:\\Users\\hunter28\\Documents\\cursos\\Web\\Test-IdhaTrabalhoPraticoWeb\\TrabalhoPraticoWeb\\apiUsuarioFunyTurismo\\vendor\\symfony\\console\\Command\\Command.php(255): Illuminate\\Console\\Command->execute(Object(Symfony\\Component\\Console\\Input\\ArgvInput), Object(Illuminate\\Console\\OutputStyle))
#21 C:\\Users\\hunter28\\Documents\\cursos\\Web\\Test-IdhaTrabalhoPraticoWeb\\TrabalhoPraticoWeb\\apiUsuarioFunyTurismo\\vendor\\illuminate\\console\\Command.php(189): Symfony\\Component\\Console\\Command\\Command->run(Object(Symfony\\Component\\Console\\Input\\ArgvInput), Object(Illuminate\\Console\\OutputStyle))
#22 C:\\Users\\hunter28\\Documents\\cursos\\Web\\Test-IdhaTrabalhoPraticoWeb\\TrabalhoPraticoWeb\\apiUsuarioFunyTurismo\\vendor\\symfony\\console\\Application.php(1011): Illuminate\\Console\\Command->run(Object(Symfony\\Component\\Console\\Input\\ArgvInput), Object(Symfony\\Component\\Console\\Output\\ConsoleOutput))
#23 C:\\Users\\hunter28\\Documents\\cursos\\Web\\Test-IdhaTrabalhoPraticoWeb\\TrabalhoPraticoWeb\\apiUsuarioFunyTurismo\\vendor\\symfony\\console\\Application.php(272): Symfony\\Component\\Console\\Application->doRunCommand(Object(Illuminate\\Database\\Console\\Migrations\\MigrateCommand), Object(Symfony\\Component\\Console\\Input\\ArgvInput), Object(Symfony\\Component\\Console\\Output\\ConsoleOutput))
#24 C:\\Users\\hunter28\\Documents\\cursos\\Web\\Test-IdhaTrabalhoPraticoWeb\\TrabalhoPraticoWeb\\apiUsuarioFunyTurismo\\vendor\\symfony\\console\\Application.php(148): Symfony\\Component\\Console\\Application->doRun(Object(Symfony\\Component\\Console\\Input\\ArgvInput), Object(Symfony\\Component\\Console\\Output\\ConsoleOutput))
#25 C:\\Users\\hunter28\\Documents\\cursos\\Web\\Test-IdhaTrabalhoPraticoWeb\\TrabalhoPraticoWeb\\apiUsuarioFunyTurismo\\vendor\\illuminate\\console\\Application.php(93): Symfony\\Component\\Console\\Application->run(Object(Symfony\\Component\\Console\\Input\\ArgvInput), Object(Symfony\\Component\\Console\\Output\\ConsoleOutput))
#26 C:\\Users\\hunter28\\Documents\\cursos\\Web\\Test-IdhaTrabalhoPraticoWeb\\TrabalhoPraticoWeb\\apiUsuarioFunyTurismo\\vendor\\laravel\\lumen-framework\\src\\Console\\Kernel.php(115): Illuminate\\Console\\Application->run(Object(Symfony\\Component\\Console\\Input\\ArgvInput), Object(Symfony\\Component\\Console\\Output\\ConsoleOutput))
#27 C:\\Users\\hunter28\\Documents\\cursos\\Web\\Test-IdhaTrabalhoPraticoWeb\\TrabalhoPraticoWeb\\apiUsuarioFunyTurismo\\artisan(35): Laravel\\Lumen\\Console\\Kernel->handle(Object(Symfony\\Component\\Console\\Input\\ArgvInput), Object(Symfony\\Component\\Console\\Output\\ConsoleOutput))
#28 {main}

[previous exception] [object] (PDOException(code: 42S01): SQLSTATE[42S01]: Base table or view already exists: 1050 Table 'users' already exists at C:\\Users\\hunter28\\Documents\\cursos\\Web\\Test-IdhaTrabalhoPraticoWeb\\TrabalhoPraticoWeb\\apiUsuarioFunyTurismo\\vendor\\illuminate\\database\\Connection.php:463)
[stacktrace]
#0 C:\\Users\\hunter28\\Documents\\cursos\\Web\\Test-IdhaTrabalhoPraticoWeb\\TrabalhoPraticoWeb\\apiUsuarioFunyTurismo\\vendor\\illuminate\\database\\Connection.php(463): PDOStatement->execute()
#1 C:\\Users\\hunter28\\Documents\\cursos\\Web\\Test-IdhaTrabalhoPraticoWeb\\TrabalhoPraticoWeb\\apiUsuarioFunyTurismo\\vendor\\illuminate\\database\\Connection.php(662): Illuminate\\Database\\Connection->Illuminate\\Database\\{closure}('create table `u...', Array)
#2 C:\\Users\\hunter28\\Documents\\cursos\\Web\\Test-IdhaTrabalhoPraticoWeb\\TrabalhoPraticoWeb\\apiUsuarioFunyTurismo\\vendor\\illuminate\\database\\Connection.php(629): Illuminate\\Database\\Connection->runQueryCallback('create table `u...', Array, Object(Closure))
#3 C:\\Users\\hunter28\\Documents\\cursos\\Web\\Test-IdhaTrabalhoPraticoWeb\\TrabalhoPraticoWeb\\apiUsuarioFunyTurismo\\vendor\\illuminate\\database\\Connection.php(464): Illuminate\\Database\\Connection->run('create table `u...', Array, Object(Closure))
#4 C:\\Users\\hunter28\\Documents\\cursos\\Web\\Test-IdhaTrabalhoPraticoWeb\\TrabalhoPraticoWeb\\apiUsuarioFunyTurismo\\vendor\\illuminate\\database\\Schema\\Blueprint.php(97): Illuminate\\Database\\Connection->statement('create table `u...')
#5 C:\\Users\\hunter28\\Documents\\cursos\\Web\\Test-IdhaTrabalhoPraticoWeb\\TrabalhoPraticoWeb\\apiUsuarioFunyTurismo\\vendor\\illuminate\\database\\Schema\\Builder.php(290): Illuminate\\Database\\Schema\\Blueprint->build(Object(Illuminate\\Database\\MySqlConnection), Object(Illuminate\\Database\\Schema\\Grammars\\MySqlGrammar))
#6 C:\\Users\\hunter28\\Documents\\cursos\\Web\\Test-IdhaTrabalhoPraticoWeb\\TrabalhoPraticoWeb\\apiUsuarioFunyTurismo\\vendor\\illuminate\\database\\Schema\\Builder.php(167): Illuminate\\Database\\Schema\\Builder->build(Object(Illuminate\\Database\\Schema\\Blueprint))
#7 C:\\Users\\hunter28\\Documents\\cursos\\Web\\Test-IdhaTrabalhoPraticoWeb\\TrabalhoPraticoWeb\\apiUsuarioFunyTurismo\\vendor\\illuminate\\support\\Facades\\Facade.php(261): Illuminate\\Database\\Schema\\Builder->create('users', Object(Closure))
#8 C:\\Users\\hunter28\\Documents\\cursos\\Web\\Test-IdhaTrabalhoPraticoWeb\\TrabalhoPraticoWeb\\apiUsuarioFunyTurismo\\database\\migrations\\2019_12_30_231747_create_users_table.php(25): Illuminate\\Support\\Facades\\Facade::__callStatic('create', Array)
#9 C:\\Users\\hunter28\\Documents\\cursos\\Web\\Test-IdhaTrabalhoPraticoWeb\\TrabalhoPraticoWeb\\apiUsuarioFunyTurismo\\vendor\\illuminate\\database\\Migrations\\Migrator.php(387): CreateUsersTable->up()
#10 C:\\Users\\hunter28\\Documents\\cursos\\Web\\Test-IdhaTrabalhoPraticoWeb\\TrabalhoPraticoWeb\\apiUsuarioFunyTurismo\\vendor\\illuminate\\database\\Migrations\\Migrator.php(396): Illuminate\\Database\\Migrations\\Migrator->Illuminate\\Database\\Migrations\\{closure}()
#11 C:\\Users\\hunter28\\Documents\\cursos\\Web\\Test-IdhaTrabalhoPraticoWeb\\TrabalhoPraticoWeb\\apiUsuarioFunyTurismo\\vendor\\illuminate\\database\\Migrations\\Migrator.php(197): Illuminate\\Database\\Migrations\\Migrator->runMigration(Object(CreateUsersTable), 'up')
#12 C:\\Users\\hunter28\\Documents\\cursos\\Web\\Test-IdhaTrabalhoPraticoWeb\\TrabalhoPraticoWeb\\apiUsuarioFunyTurismo\\vendor\\illuminate\\database\\Migrations\\Migrator.php(162): Illuminate\\Database\\Migrations\\Migrator->runUp('C:\\\\Users\\\\hunter...', 1, false)
#13 C:\\Users\\hunter28\\Documents\\cursos\\Web\\Test-IdhaTrabalhoPraticoWeb\\TrabalhoPraticoWeb\\apiUsuarioFunyTurismo\\vendor\\illuminate\\database\\Migrations\\Migrator.php(109): Illuminate\\Database\\Migrations\\Migrator->runPending(Array, Array)
#14 C:\\Users\\hunter28\\Documents\\cursos\\Web\\Test-IdhaTrabalhoPraticoWeb\\TrabalhoPraticoWeb\\apiUsuarioFunyTurismo\\vendor\\illuminate\\database\\Console\\Migrations\\MigrateCommand.php(71): Illuminate\\Database\\Migrations\\Migrator->run(Array, Array)
#15 [internal function]: Illuminate\\Database\\Console\\Migrations\\MigrateCommand->handle()
#16 C:\\Users\\hunter28\\Documents\\cursos\\Web\\Test-IdhaTrabalhoPraticoWeb\\TrabalhoPraticoWeb\\apiUsuarioFunyTurismo\\vendor\\illuminate\\container\\BoundMethod.php(32): call_user_func_array(Array, Array)
#17 C:\\Users\\hunter28\\Documents\\cursos\\Web\\Test-IdhaTrabalhoPraticoWeb\\TrabalhoPraticoWeb\\apiUsuarioFunyTurismo\\vendor\\illuminate\\container\\Util.php(36): Illuminate\\Container\\BoundMethod::Illuminate\\Container\\{closure}()
#18 C:\\Users\\hunter28\\Documents\\cursos\\Web\\Test-IdhaTrabalhoPraticoWeb\\TrabalhoPraticoWeb\\apiUsuarioFunyTurismo\\vendor\\illuminate\\container\\BoundMethod.php(90): Illuminate\\Container\\Util::unwrapIfClosure(Object(Closure))
#19 C:\\Users\\hunter28\\Documents\\cursos\\Web\\Test-IdhaTrabalhoPraticoWeb\\TrabalhoPraticoWeb\\apiUsuarioFunyTurismo\\vendor\\illuminate\\container\\BoundMethod.php(34): Illuminate\\Container\\BoundMethod::callBoundMethod(Object(Laravel\\Lumen\\Application), Array, Object(Closure))
#20 C:\\Users\\hunter28\\Documents\\cursos\\Web\\Test-IdhaTrabalhoPraticoWeb\\TrabalhoPraticoWeb\\apiUsuarioFunyTurismo\\vendor\\illuminate\\container\\Container.php(590): Illuminate\\Container\\BoundMethod::call(Object(Laravel\\Lumen\\Application), Array, Array, NULL)
#21 C:\\Users\\hunter28\\Documents\\cursos\\Web\\Test-IdhaTrabalhoPraticoWeb\\TrabalhoPraticoWeb\\apiUsuarioFunyTurismo\\vendor\\illuminate\\console\\Command.php(202): Illuminate\\Container\\Container->call(Array)
#22 C:\\Users\\hunter28\\Documents\\cursos\\Web\\Test-IdhaTrabalhoPraticoWeb\\TrabalhoPraticoWeb\\apiUsuarioFunyTurismo\\vendor\\symfony\\console\\Command\\Command.php(255): Illuminate\\Console\\Command->execute(Object(Symfony\\Component\\Console\\Input\\ArgvInput), Object(Illuminate\\Console\\OutputStyle))
#23 C:\\Users\\hunter28\\Documents\\cursos\\Web\\Test-IdhaTrabalhoPraticoWeb\\TrabalhoPraticoWeb\\apiUsuarioFunyTurismo\\vendor\\illuminate\\console\\Command.php(189): Symfony\\Component\\Console\\Command\\Command->run(Object(Symfony\\Component\\Console\\Input\\ArgvInput), Object(Illuminate\\Console\\OutputStyle))
#24 C:\\Users\\hunter28\\Documents\\cursos\\Web\\Test-IdhaTrabalhoPraticoWeb\\TrabalhoPraticoWeb\\apiUsuarioFunyTurismo\\vendor\\symfony\\console\\Application.php(1011): Illuminate\\Console\\Command->run(Object(Symfony\\Component\\Console\\Input\\ArgvInput), Object(Symfony\\Component\\Console\\Output\\ConsoleOutput))
#25 C:\\Users\\hunter28\\Documents\\cursos\\Web\\Test-IdhaTrabalhoPraticoWeb\\TrabalhoPraticoWeb\\apiUsuarioFunyTurismo\\vendor\\symfony\\console\\Application.php(272): Symfony\\Component\\Console\\Application->doRunCommand(Object(Illuminate\\Database\\Console\\Migrations\\MigrateCommand), Object(Symfony\\Component\\Console\\Input\\ArgvInput), Object(Symfony\\Component\\Console\\Output\\ConsoleOutput))
#26 C:\\Users\\hunter28\\Documents\\cursos\\Web\\Test-IdhaTrabalhoPraticoWeb\\TrabalhoPraticoWeb\\apiUsuarioFunyTurismo\\vendor\\symfony\\console\\Application.php(148): Symfony\\Component\\Console\\Application->doRun(Object(Symfony\\Component\\Console\\Input\\ArgvInput), Object(Symfony\\Component\\Console\\Output\\ConsoleOutput))
#27 C:\\Users\\hunter28\\Documents\\cursos\\Web\\Test-IdhaTrabalhoPraticoWeb\\TrabalhoPraticoWeb\\apiUsuarioFunyTurismo\\vendor\\illuminate\\console\\Application.php(93): Symfony\\Component\\Console\\Application->run(Object(Symfony\\Component\\Console\\Input\\ArgvInput), Object(Symfony\\Component\\Console\\Output\\ConsoleOutput))
#28 C:\\Users\\hunter28\\Documents\\cursos\\Web\\Test-IdhaTrabalhoPraticoWeb\\TrabalhoPraticoWeb\\apiUsuarioFunyTurismo\\vendor\\laravel\\lumen-framework\\src\\Console\\Kernel.php(115): Illuminate\\Console\\Application->run(Object(Symfony\\Component\\Console\\Input\\ArgvInput), Object(Symfony\\Component\\Console\\Output\\ConsoleOutput))
#29 C:\\Users\\hunter28\\Documents\\cursos\\Web\\Test-IdhaTrabalhoPraticoWeb\\TrabalhoPraticoWeb\\apiUsuarioFunyTurismo\\artisan(35): Laravel\\Lumen\\Console\\Kernel->handle(Object(Symfony\\Component\\Console\\Input\\ArgvInput), Object(Symfony\\Component\\Console\\Output\\ConsoleOutput))
#30 {main}
"} 
[2019-12-30 23:38:46] local.ERROR: Symfony\Component\Console\Exception\CommandNotFoundException: Command "make:help" is not defined.

Did you mean one of these?
    make:migration
    make:seeder in C:\Users\hunter28\Documents\cursos\Web\Test-IdhaTrabalhoPraticoWeb\TrabalhoPraticoWeb\apiUsuarioFunyTurismo\vendor\symfony\console\Application.php:670
Stack trace:
#0 C:\Users\hunter28\Documents\cursos\Web\Test-IdhaTrabalhoPraticoWeb\TrabalhoPraticoWeb\apiUsuarioFunyTurismo\vendor\symfony\console\Application.php(236): Symfony\Component\Console\Application->find('make:help')
#1 C:\Users\hunter28\Documents\cursos\Web\Test-IdhaTrabalhoPraticoWeb\TrabalhoPraticoWeb\apiUsuarioFunyTurismo\vendor\symfony\console\Application.php(148): Symfony\Component\Console\Application->doRun(Object(Symfony\Component\Console\Input\ArgvInput), Object(Symfony\Component\Console\Output\ConsoleOutput))
#2 C:\Users\hunter28\Documents\cursos\Web\Test-IdhaTrabalhoPraticoWeb\TrabalhoPraticoWeb\apiUsuarioFunyTurismo\vendor\illuminate\console\Application.php(93): Symfony\Component\Console\Application->run(Object(Symfony\Component\Console\Input\ArgvInput), Object(Symfony\Component\Console\Output\ConsoleOutput))
#3 C:\Users\hunter28\Documents\cursos\Web\Test-IdhaTrabalhoPraticoWeb\TrabalhoPraticoWeb\apiUsuarioFunyTurismo\vendor\laravel\lumen-framework\src\Console\Kernel.php(115): Illuminate\Console\Application->run(Object(Symfony\Component\Console\Input\ArgvInput), Object(Symfony\Component\Console\Output\ConsoleOutput))
#4 C:\Users\hunter28\Documents\cursos\Web\Test-IdhaTrabalhoPraticoWeb\TrabalhoPraticoWeb\apiUsuarioFunyTurismo\artisan(35): Laravel\Lumen\Console\Kernel->handle(Object(Symfony\Component\Console\Input\ArgvInput), Object(Symfony\Component\Console\Output\ConsoleOutput))
#5 {main} {"exception":"[object] (Symfony\\Component\\Console\\Exception\\CommandNotFoundException(code: 0): Command \"make:help\" is not defined.

Did you mean one of these?
    make:migration
    make:seeder at C:\\Users\\hunter28\\Documents\\cursos\\Web\\Test-IdhaTrabalhoPraticoWeb\\TrabalhoPraticoWeb\\apiUsuarioFunyTurismo\\vendor\\symfony\\console\\Application.php:670)
[stacktrace]
#0 C:\\Users\\hunter28\\Documents\\cursos\\Web\\Test-IdhaTrabalhoPraticoWeb\\TrabalhoPraticoWeb\\apiUsuarioFunyTurismo\\vendor\\symfony\\console\\Application.php(236): Symfony\\Component\\Console\\Application->find('make:help')
#1 C:\\Users\\hunter28\\Documents\\cursos\\Web\\Test-IdhaTrabalhoPraticoWeb\\TrabalhoPraticoWeb\\apiUsuarioFunyTurismo\\vendor\\symfony\\console\\Application.php(148): Symfony\\Component\\Console\\Application->doRun(Object(Symfony\\Component\\Console\\Input\\ArgvInput), Object(Symfony\\Component\\Console\\Output\\ConsoleOutput))
#2 C:\\Users\\hunter28\\Documents\\cursos\\Web\\Test-IdhaTrabalhoPraticoWeb\\TrabalhoPraticoWeb\\apiUsuarioFunyTurismo\\vendor\\illuminate\\console\\Application.php(93): Symfony\\Component\\Console\\Application->run(Object(Symfony\\Component\\Console\\Input\\ArgvInput), Object(Symfony\\Component\\Console\\Output\\ConsoleOutput))
#3 C:\\Users\\hunter28\\Documents\\cursos\\Web\\Test-IdhaTrabalhoPraticoWeb\\TrabalhoPraticoWeb\\apiUsuarioFunyTurismo\\vendor\\laravel\\lumen-framework\\src\\Console\\Kernel.php(115): Illuminate\\Console\\Application->run(Object(Symfony\\Component\\Console\\Input\\ArgvInput), Object(Symfony\\Component\\Console\\Output\\ConsoleOutput))
#4 C:\\Users\\hunter28\\Documents\\cursos\\Web\\Test-IdhaTrabalhoPraticoWeb\\TrabalhoPraticoWeb\\apiUsuarioFunyTurismo\\artisan(35): Laravel\\Lumen\\Console\\Kernel->handle(Object(Symfony\\Component\\Console\\Input\\ArgvInput), Object(Symfony\\Component\\Console\\Output\\ConsoleOutput))
#5 {main}
"} 
[2019-12-30 23:38:53] local.ERROR: Symfony\Component\Console\Exception\CommandNotFoundException: Command "make:" is ambiguous.
Did you mean one of these?
    make:migration Create a new migration file
    make:seeder    Create a new seeder class in C:\Users\hunter28\Documents\cursos\Web\Test-IdhaTrabalhoPraticoWeb\TrabalhoPraticoWeb\apiUsuarioFunyTurismo\vendor\symfony\console\Application.php:710
Stack trace:
#0 C:\Users\hunter28\Documents\cursos\Web\Test-IdhaTrabalhoPraticoWeb\TrabalhoPraticoWeb\apiUsuarioFunyTurismo\vendor\symfony\console\Application.php(236): Symfony\Component\Console\Application->find('make:')
#1 C:\Users\hunter28\Documents\cursos\Web\Test-IdhaTrabalhoPraticoWeb\TrabalhoPraticoWeb\apiUsuarioFunyTurismo\vendor\symfony\console\Application.php(148): Symfony\Component\Console\Application->doRun(Object(Symfony\Component\Console\Input\ArgvInput), Object(Symfony\Component\Console\Output\ConsoleOutput))
#2 C:\Users\hunter28\Documents\cursos\Web\Test-IdhaTrabalhoPraticoWeb\TrabalhoPraticoWeb\apiUsuarioFunyTurismo\vendor\illuminate\console\Application.php(93): Symfony\Component\Console\Application->run(Object(Symfony\Component\Console\Input\ArgvInput), Object(Symfony\Component\Console\Output\ConsoleOutput))
#3 C:\Users\hunter28\Documents\cursos\Web\Test-IdhaTrabalhoPraticoWeb\TrabalhoPraticoWeb\apiUsuarioFunyTurismo\vendor\laravel\lumen-framework\src\Console\Kernel.php(115): Illuminate\Console\Application->run(Object(Symfony\Component\Console\Input\ArgvInput), Object(Symfony\Component\Console\Output\ConsoleOutput))
#4 C:\Users\hunter28\Documents\cursos\Web\Test-IdhaTrabalhoPraticoWeb\TrabalhoPraticoWeb\apiUsuarioFunyTurismo\artisan(35): Laravel\Lumen\Console\Kernel->handle(Object(Symfony\Component\Console\Input\ArgvInput), Object(Symfony\Component\Console\Output\ConsoleOutput))
#5 {main} {"exception":"[object] (Symfony\\Component\\Console\\Exception\\CommandNotFoundException(code: 0): Command \"make:\" is ambiguous.
Did you mean one of these?
    make:migration Create a new migration file
    make:seeder    Create a new seeder class at C:\\Users\\hunter28\\Documents\\cursos\\Web\\Test-IdhaTrabalhoPraticoWeb\\TrabalhoPraticoWeb\\apiUsuarioFunyTurismo\\vendor\\symfony\\console\\Application.php:710)
[stacktrace]
#0 C:\\Users\\hunter28\\Documents\\cursos\\Web\\Test-IdhaTrabalhoPraticoWeb\\TrabalhoPraticoWeb\\apiUsuarioFunyTurismo\\vendor\\symfony\\console\\Application.php(236): Symfony\\Component\\Console\\Application->find('make:')
#1 C:\\Users\\hunter28\\Documents\\cursos\\Web\\Test-IdhaTrabalhoPraticoWeb\\TrabalhoPraticoWeb\\apiUsuarioFunyTurismo\\vendor\\symfony\\console\\Application.php(148): Symfony\\Component\\Console\\Application->doRun(Object(Symfony\\Component\\Console\\Input\\ArgvInput), Object(Symfony\\Component\\Console\\Output\\ConsoleOutput))
#2 C:\\Users\\hunter28\\Documents\\cursos\\Web\\Test-IdhaTrabalhoPraticoWeb\\TrabalhoPraticoWeb\\apiUsuarioFunyTurismo\\vendor\\illuminate\\console\\Application.php(93): Symfony\\Component\\Console\\Application->run(Object(Symfony\\Component\\Console\\Input\\ArgvInput), Object(Symfony\\Component\\Console\\Output\\ConsoleOutput))
#3 C:\\Users\\hunter28\\Documents\\cursos\\Web\\Test-IdhaTrabalhoPraticoWeb\\TrabalhoPraticoWeb\\apiUsuarioFunyTurismo\\vendor\\laravel\\lumen-framework\\src\\Console\\Kernel.php(115): Illuminate\\Console\\Application->run(Object(Symfony\\Component\\Console\\Input\\ArgvInput), Object(Symfony\\Component\\Console\\Output\\ConsoleOutput))
#4 C:\\Users\\hunter28\\Documents\\cursos\\Web\\Test-IdhaTrabalhoPraticoWeb\\TrabalhoPraticoWeb\\apiUsuarioFunyTurismo\\artisan(35): Laravel\\Lumen\\Console\\Kernel->handle(Object(Symfony\\Component\\Console\\Input\\ArgvInput), Object(Symfony\\Component\\Console\\Output\\ConsoleOutput))
#5 {main}
"} 
[2019-12-30 23:39:02] local.ERROR: Symfony\Component\Console\Exception\CommandNotFoundException: Command "make" is not defined.

Did you mean one of these?
    make:migration
    make:seeder in C:\Users\hunter28\Documents\cursos\Web\Test-IdhaTrabalhoPraticoWeb\TrabalhoPraticoWeb\apiUsuarioFunyTurismo\vendor\symfony\console\Application.php:670
Stack trace:
#0 C:\Users\hunter28\Documents\cursos\Web\Test-IdhaTrabalhoPraticoWeb\TrabalhoPraticoWeb\apiUsuarioFunyTurismo\vendor\symfony\console\Application.php(236): Symfony\Component\Console\Application->find('make')
#1 C:\Users\hunter28\Documents\cursos\Web\Test-IdhaTrabalhoPraticoWeb\TrabalhoPraticoWeb\apiUsuarioFunyTurismo\vendor\symfony\console\Application.php(148): Symfony\Component\Console\Application->doRun(Object(Symfony\Component\Console\Input\ArgvInput), Object(Symfony\Component\Console\Output\ConsoleOutput))
#2 C:\Users\hunter28\Documents\cursos\Web\Test-IdhaTrabalhoPraticoWeb\TrabalhoPraticoWeb\apiUsuarioFunyTurismo\vendor\illuminate\console\Application.php(93): Symfony\Component\Console\Application->run(Object(Symfony\Component\Console\Input\ArgvInput), Object(Symfony\Component\Console\Output\ConsoleOutput))
#3 C:\Users\hunter28\Documents\cursos\Web\Test-IdhaTrabalhoPraticoWeb\TrabalhoPraticoWeb\apiUsuarioFunyTurismo\vendor\laravel\lumen-framework\src\Console\Kernel.php(115): Illuminate\Console\Application->run(Object(Symfony\Component\Console\Input\ArgvInput), Object(Symfony\Component\Console\Output\ConsoleOutput))
#4 C:\Users\hunter28\Documents\cursos\Web\Test-IdhaTrabalhoPraticoWeb\TrabalhoPraticoWeb\apiUsuarioFunyTurismo\artisan(35): Laravel\Lumen\Console\Kernel->handle(Object(Symfony\Component\Console\Input\ArgvInput), Object(Symfony\Component\Console\Output\ConsoleOutput))
#5 {main} {"exception":"[object] (Symfony\\Component\\Console\\Exception\\CommandNotFoundException(code: 0): Command \"make\" is not defined.

Did you mean one of these?
    make:migration
    make:seeder at C:\\Users\\hunter28\\Documents\\cursos\\Web\\Test-IdhaTrabalhoPraticoWeb\\TrabalhoPraticoWeb\\apiUsuarioFunyTurismo\\vendor\\symfony\\console\\Application.php:670)
[stacktrace]
#0 C:\\Users\\hunter28\\Documents\\cursos\\Web\\Test-IdhaTrabalhoPraticoWeb\\TrabalhoPraticoWeb\\apiUsuarioFunyTurismo\\vendor\\symfony\\console\\Application.php(236): Symfony\\Component\\Console\\Application->find('make')
#1 C:\\Users\\hunter28\\Documents\\cursos\\Web\\Test-IdhaTrabalhoPraticoWeb\\TrabalhoPraticoWeb\\apiUsuarioFunyTurismo\\vendor\\symfony\\console\\Application.php(148): Symfony\\Component\\Console\\Application->doRun(Object(Symfony\\Component\\Console\\Input\\ArgvInput), Object(Symfony\\Component\\Console\\Output\\ConsoleOutput))
#2 C:\\Users\\hunter28\\Documents\\cursos\\Web\\Test-IdhaTrabalhoPraticoWeb\\TrabalhoPraticoWeb\\apiUsuarioFunyTurismo\\vendor\\illuminate\\console\\Application.php(93): Symfony\\Component\\Console\\Application->run(Object(Symfony\\Component\\Console\\Input\\ArgvInput), Object(Symfony\\Component\\Console\\Output\\ConsoleOutput))
#3 C:\\Users\\hunter28\\Documents\\cursos\\Web\\Test-IdhaTrabalhoPraticoWeb\\TrabalhoPraticoWeb\\apiUsuarioFunyTurismo\\vendor\\laravel\\lumen-framework\\src\\Console\\Kernel.php(115): Illuminate\\Console\\Application->run(Object(Symfony\\Component\\Console\\Input\\ArgvInput), Object(Symfony\\Component\\Console\\Output\\ConsoleOutput))
#4 C:\\Users\\hunter28\\Documents\\cursos\\Web\\Test-IdhaTrabalhoPraticoWeb\\TrabalhoPraticoWeb\\apiUsuarioFunyTurismo\\artisan(35): Laravel\\Lumen\\Console\\Kernel->handle(Object(Symfony\\Component\\Console\\Input\\ArgvInput), Object(Symfony\\Component\\Console\\Output\\ConsoleOutput))
#5 {main}
"} 
[2019-12-30 23:40:13] local.ERROR: Symfony\Component\Console\Exception\CommandNotFoundException: Command "make:model" is not defined.

Did you mean one of these?
    make:migration
    make:seeder in C:\Users\hunter28\Documents\cursos\Web\Test-IdhaTrabalhoPraticoWeb\TrabalhoPraticoWeb\apiUsuarioFunyTurismo\vendor\symfony\console\Application.php:670
Stack trace:
#0 C:\Users\hunter28\Documents\cursos\Web\Test-IdhaTrabalhoPraticoWeb\TrabalhoPraticoWeb\apiUsuarioFunyTurismo\vendor\symfony\console\Application.php(236): Symfony\Component\Console\Application->find('make:model')
#1 C:\Users\hunter28\Documents\cursos\Web\Test-IdhaTrabalhoPraticoWeb\TrabalhoPraticoWeb\apiUsuarioFunyTurismo\vendor\symfony\console\Application.php(148): Symfony\Component\Console\Application->doRun(Object(Symfony\Component\Console\Input\ArgvInput), Object(Symfony\Component\Console\Output\ConsoleOutput))
#2 C:\Users\hunter28\Documents\cursos\Web\Test-IdhaTrabalhoPraticoWeb\TrabalhoPraticoWeb\apiUsuarioFunyTurismo\vendor\illuminate\console\Application.php(93): Symfony\Component\Console\Application->run(Object(Symfony\Component\Console\Input\ArgvInput), Object(Symfony\Component\Console\Output\ConsoleOutput))
#3 C:\Users\hunter28\Documents\cursos\Web\Test-IdhaTrabalhoPraticoWeb\TrabalhoPraticoWeb\apiUsuarioFunyTurismo\vendor\laravel\lumen-framework\src\Console\Kernel.php(115): Illuminate\Console\Application->run(Object(Symfony\Component\Console\Input\ArgvInput), Object(Symfony\Component\Console\Output\ConsoleOutput))
#4 C:\Users\hunter28\Documents\cursos\Web\Test-IdhaTrabalhoPraticoWeb\TrabalhoPraticoWeb\apiUsuarioFunyTurismo\artisan(35): Laravel\Lumen\Console\Kernel->handle(Object(Symfony\Component\Console\Input\ArgvInput), Object(Symfony\Component\Console\Output\ConsoleOutput))
#5 {main} {"exception":"[object] (Symfony\\Component\\Console\\Exception\\CommandNotFoundException(code: 0): Command \"make:model\" is not defined.

Did you mean one of these?
    make:migration
    make:seeder at C:\\Users\\hunter28\\Documents\\cursos\\Web\\Test-IdhaTrabalhoPraticoWeb\\TrabalhoPraticoWeb\\apiUsuarioFunyTurismo\\vendor\\symfony\\console\\Application.php:670)
[stacktrace]
#0 C:\\Users\\hunter28\\Documents\\cursos\\Web\\Test-IdhaTrabalhoPraticoWeb\\TrabalhoPraticoWeb\\apiUsuarioFunyTurismo\\vendor\\symfony\\console\\Application.php(236): Symfony\\Component\\Console\\Application->find('make:model')
#1 C:\\Users\\hunter28\\Documents\\cursos\\Web\\Test-IdhaTrabalhoPraticoWeb\\TrabalhoPraticoWeb\\apiUsuarioFunyTurismo\\vendor\\symfony\\console\\Application.php(148): Symfony\\Component\\Console\\Application->doRun(Object(Symfony\\Component\\Console\\Input\\ArgvInput), Object(Symfony\\Component\\Console\\Output\\ConsoleOutput))
#2 C:\\Users\\hunter28\\Documents\\cursos\\Web\\Test-IdhaTrabalhoPraticoWeb\\TrabalhoPraticoWeb\\apiUsuarioFunyTurismo\\vendor\\illuminate\\console\\Application.php(93): Symfony\\Component\\Console\\Application->run(Object(Symfony\\Component\\Console\\Input\\ArgvInput), Object(Symfony\\Component\\Console\\Output\\ConsoleOutput))
#3 C:\\Users\\hunter28\\Documents\\cursos\\Web\\Test-IdhaTrabalhoPraticoWeb\\TrabalhoPraticoWeb\\apiUsuarioFunyTurismo\\vendor\\laravel\\lumen-framework\\src\\Console\\Kernel.php(115): Illuminate\\Console\\Application->run(Object(Symfony\\Component\\Console\\Input\\ArgvInput), Object(Symfony\\Component\\Console\\Output\\ConsoleOutput))
#4 C:\\Users\\hunter28\\Documents\\cursos\\Web\\Test-IdhaTrabalhoPraticoWeb\\TrabalhoPraticoWeb\\apiUsuarioFunyTurismo\\artisan(35): Laravel\\Lumen\\Console\\Kernel->handle(Object(Symfony\\Component\\Console\\Input\\ArgvInput), Object(Symfony\\Component\\Console\\Output\\ConsoleOutput))
#5 {main}
"} 
