[2020-01-01 01:29:38] local.ERROR: ErrorException: Undefined variable: plainPassword in C:\Users\hunter28\Documents\cursos\Web\Test-IdhaTrabalhoPraticoWeb\TrabalhoPraticoWeb\apiUsuarioFunyTurismo\app\Repositories\UserRepositoryEloquent.php:23
Stack trace:
#0 C:\Users\hunter28\Documents\cursos\Web\Test-IdhaTrabalhoPraticoWeb\TrabalhoPraticoWeb\apiUsuarioFunyTurismo\app\Repositories\UserRepositoryEloquent.php(23): Laravel\Lumen\Application->Laravel\Lumen\Concerns\{closure}(8, 'Undefined varia...', 'C:\\Users\\hunter...', 23, Array)
#1 C:\Users\hunter28\Documents\cursos\Web\Test-IdhaTrabalhoPraticoWeb\TrabalhoPraticoWeb\apiUsuarioFunyTurismo\app\Services\UserService.php(36): App\Repositories\UserRepositoryEloquent->registrarUsuario(Object(Laravel\Lumen\Http\Request))
#2 C:\Users\hunter28\Documents\cursos\Web\Test-IdhaTrabalhoPraticoWeb\TrabalhoPraticoWeb\apiUsuarioFunyTurismo\app\Http\Controllers\UserController.php(16): App\Services\UserService->registrarUsuario(Object(Laravel\Lumen\Http\Request))
#3 [internal function]: App\Http\Controllers\UserController->registrarUsuario(Object(Laravel\Lumen\Http\Request))
#4 C:\Users\hunter28\Documents\cursos\Web\Test-IdhaTrabalhoPraticoWeb\TrabalhoPraticoWeb\apiUsuarioFunyTurismo\vendor\illuminate\container\BoundMethod.php(32): call_user_func_array(Array, Array)
#5 C:\Users\hunter28\Documents\cursos\Web\Test-IdhaTrabalhoPraticoWeb\TrabalhoPraticoWeb\apiUsuarioFunyTurismo\vendor\illuminate\container\Util.php(36): Illuminate\Container\BoundMethod::Illuminate\Container\{closure}()
#6 C:\Users\hunter28\Documents\cursos\Web\Test-IdhaTrabalhoPraticoWeb\TrabalhoPraticoWeb\apiUsuarioFunyTurismo\vendor\illuminate\container\BoundMethod.php(90): Illuminate\Container\Util::unwrapIfClosure(Object(Closure))
#7 C:\Users\hunter28\Documents\cursos\Web\Test-IdhaTrabalhoPraticoWeb\TrabalhoPraticoWeb\apiUsuarioFunyTurismo\vendor\illuminate\container\BoundMethod.php(34): Illuminate\Container\BoundMethod::callBoundMethod(Object(Laravel\Lumen\Application), Array, Object(Closure))
#8 C:\Users\hunter28\Documents\cursos\Web\Test-IdhaTrabalhoPraticoWeb\TrabalhoPraticoWeb\apiUsuarioFunyTurismo\vendor\illuminate\container\Container.php(590): Illuminate\Container\BoundMethod::call(Object(Laravel\Lumen\Application), Array, Array, NULL)
#9 C:\Users\hunter28\Documents\cursos\Web\Test-IdhaTrabalhoPraticoWeb\TrabalhoPraticoWeb\apiUsuarioFunyTurismo\vendor\laravel\lumen-framework\src\Concerns\RoutesRequests.php(376): Illuminate\Container\Container->call(Array, Array)
#10 C:\Users\hunter28\Documents\cursos\Web\Test-IdhaTrabalhoPraticoWeb\TrabalhoPraticoWeb\apiUsuarioFunyTurismo\vendor\laravel\lumen-framework\src\Concerns\RoutesRequests.php(342): Laravel\Lumen\Application->callControllerCallable(Array, Array)
#11 C:\Users\hunter28\Documents\cursos\Web\Test-IdhaTrabalhoPraticoWeb\TrabalhoPraticoWeb\apiUsuarioFunyTurismo\vendor\laravel\lumen-framework\src\Concerns\RoutesRequests.php(316): Laravel\Lumen\Application->callLumenController(Object(App\Http\Controllers\UserController), 'registrarUsuari...', Array)
#12 C:\Users\hunter28\Documents\cursos\Web\Test-IdhaTrabalhoPraticoWeb\TrabalhoPraticoWeb\apiUsuarioFunyTurismo\vendor\laravel\lumen-framework\src\Concerns\RoutesRequests.php(278): Laravel\Lumen\Application->callControllerAction(Array)
#13 C:\Users\hunter28\Documents\cursos\Web\Test-IdhaTrabalhoPraticoWeb\TrabalhoPraticoWeb\apiUsuarioFunyTurismo\vendor\laravel\lumen-framework\src\Concerns\RoutesRequests.php(263): Laravel\Lumen\Application->callActionOnArrayBasedRoute(Array)
#14 C:\Users\hunter28\Documents\cursos\Web\Test-IdhaTrabalhoPraticoWeb\TrabalhoPraticoWeb\apiUsuarioFunyTurismo\vendor\laravel\lumen-framework\src\Concerns\RoutesRequests.php(165): Laravel\Lumen\Application->handleFoundRoute(Array)
#15 C:\Users\hunter28\Documents\cursos\Web\Test-IdhaTrabalhoPraticoWeb\TrabalhoPraticoWeb\apiUsuarioFunyTurismo\vendor\laravel\lumen-framework\src\Concerns\RoutesRequests.php(416): Laravel\Lumen\Application->Laravel\Lumen\Concerns\{closure}(Object(Laravel\Lumen\Http\Request))
#16 C:\Users\hunter28\Documents\cursos\Web\Test-IdhaTrabalhoPraticoWeb\TrabalhoPraticoWeb\apiUsuarioFunyTurismo\vendor\laravel\lumen-framework\src\Concerns\RoutesRequests.php(171): Laravel\Lumen\Application->sendThroughPipeline(Array, Object(Closure))
#17 C:\Users\hunter28\Documents\cursos\Web\Test-IdhaTrabalhoPraticoWeb\TrabalhoPraticoWeb\apiUsuarioFunyTurismo\vendor\laravel\lumen-framework\src\Concerns\RoutesRequests.php(108): Laravel\Lumen\Application->dispatch(NULL)
#18 C:\Users\hunter28\Documents\cursos\Web\Test-IdhaTrabalhoPraticoWeb\TrabalhoPraticoWeb\apiUsuarioFunyTurismo\public\index.php(28): Laravel\Lumen\Application->run()
#19 {main} {"exception":"[object] (ErrorException(code: 0): Undefined variable: plainPassword at C:\\Users\\hunter28\\Documents\\cursos\\Web\\Test-IdhaTrabalhoPraticoWeb\\TrabalhoPraticoWeb\\apiUsuarioFunyTurismo\\app\\Repositories\\UserRepositoryEloquent.php:23)
[stacktrace]
#0 C:\\Users\\hunter28\\Documents\\cursos\\Web\\Test-IdhaTrabalhoPraticoWeb\\TrabalhoPraticoWeb\\apiUsuarioFunyTurismo\\app\\Repositories\\UserRepositoryEloquent.php(23): Laravel\\Lumen\\Application->Laravel\\Lumen\\Concerns\\{closure}(8, 'Undefined varia...', 'C:\\\\Users\\\\hunter...', 23, Array)
#1 C:\\Users\\hunter28\\Documents\\cursos\\Web\\Test-IdhaTrabalhoPraticoWeb\\TrabalhoPraticoWeb\\apiUsuarioFunyTurismo\\app\\Services\\UserService.php(36): App\\Repositories\\UserRepositoryEloquent->registrarUsuario(Object(Laravel\\Lumen\\Http\\Request))
#2 C:\\Users\\hunter28\\Documents\\cursos\\Web\\Test-IdhaTrabalhoPraticoWeb\\TrabalhoPraticoWeb\\apiUsuarioFunyTurismo\\app\\Http\\Controllers\\UserController.php(16): App\\Services\\UserService->registrarUsuario(Object(Laravel\\Lumen\\Http\\Request))
#3 [internal function]: App\\Http\\Controllers\\UserController->registrarUsuario(Object(Laravel\\Lumen\\Http\\Request))
#4 C:\\Users\\hunter28\\Documents\\cursos\\Web\\Test-IdhaTrabalhoPraticoWeb\\TrabalhoPraticoWeb\\apiUsuarioFunyTurismo\\vendor\\illuminate\\container\\BoundMethod.php(32): call_user_func_array(Array, Array)
#5 C:\\Users\\hunter28\\Documents\\cursos\\Web\\Test-IdhaTrabalhoPraticoWeb\\TrabalhoPraticoWeb\\apiUsuarioFunyTurismo\\vendor\\illuminate\\container\\Util.php(36): Illuminate\\Container\\BoundMethod::Illuminate\\Container\\{closure}()
#6 C:\\Users\\hunter28\\Documents\\cursos\\Web\\Test-IdhaTrabalhoPraticoWeb\\TrabalhoPraticoWeb\\apiUsuarioFunyTurismo\\vendor\\illuminate\\container\\BoundMethod.php(90): Illuminate\\Container\\Util::unwrapIfClosure(Object(Closure))
#7 C:\\Users\\hunter28\\Documents\\cursos\\Web\\Test-IdhaTrabalhoPraticoWeb\\TrabalhoPraticoWeb\\apiUsuarioFunyTurismo\\vendor\\illuminate\\container\\BoundMethod.php(34): Illuminate\\Container\\BoundMethod::callBoundMethod(Object(Laravel\\Lumen\\Application), Array, Object(Closure))
#8 C:\\Users\\hunter28\\Documents\\cursos\\Web\\Test-IdhaTrabalhoPraticoWeb\\TrabalhoPraticoWeb\\apiUsuarioFunyTurismo\\vendor\\illuminate\\container\\Container.php(590): Illuminate\\Container\\BoundMethod::call(Object(Laravel\\Lumen\\Application), Array, Array, NULL)
#9 C:\\Users\\hunter28\\Documents\\cursos\\Web\\Test-IdhaTrabalhoPraticoWeb\\TrabalhoPraticoWeb\\apiUsuarioFunyTurismo\\vendor\\laravel\\lumen-framework\\src\\Concerns\\RoutesRequests.php(376): Illuminate\\Container\\Container->call(Array, Array)
#10 C:\\Users\\hunter28\\Documents\\cursos\\Web\\Test-IdhaTrabalhoPraticoWeb\\TrabalhoPraticoWeb\\apiUsuarioFunyTurismo\\vendor\\laravel\\lumen-framework\\src\\Concerns\\RoutesRequests.php(342): Laravel\\Lumen\\Application->callControllerCallable(Array, Array)
#11 C:\\Users\\hunter28\\Documents\\cursos\\Web\\Test-IdhaTrabalhoPraticoWeb\\TrabalhoPraticoWeb\\apiUsuarioFunyTurismo\\vendor\\laravel\\lumen-framework\\src\\Concerns\\RoutesRequests.php(316): Laravel\\Lumen\\Application->callLumenController(Object(App\\Http\\Controllers\\UserController), 'registrarUsuari...', Array)
#12 C:\\Users\\hunter28\\Documents\\cursos\\Web\\Test-IdhaTrabalhoPraticoWeb\\TrabalhoPraticoWeb\\apiUsuarioFunyTurismo\\vendor\\laravel\\lumen-framework\\src\\Concerns\\RoutesRequests.php(278): Laravel\\Lumen\\Application->callControllerAction(Array)
#13 C:\\Users\\hunter28\\Documents\\cursos\\Web\\Test-IdhaTrabalhoPraticoWeb\\TrabalhoPraticoWeb\\apiUsuarioFunyTurismo\\vendor\\laravel\\lumen-framework\\src\\Concerns\\RoutesRequests.php(263): Laravel\\Lumen\\Application->callActionOnArrayBasedRoute(Array)
#14 C:\\Users\\hunter28\\Documents\\cursos\\Web\\Test-IdhaTrabalhoPraticoWeb\\TrabalhoPraticoWeb\\apiUsuarioFunyTurismo\\vendor\\laravel\\lumen-framework\\src\\Concerns\\RoutesRequests.php(165): Laravel\\Lumen\\Application->handleFoundRoute(Array)
#15 C:\\Users\\hunter28\\Documents\\cursos\\Web\\Test-IdhaTrabalhoPraticoWeb\\TrabalhoPraticoWeb\\apiUsuarioFunyTurismo\\vendor\\laravel\\lumen-framework\\src\\Concerns\\RoutesRequests.php(416): Laravel\\Lumen\\Application->Laravel\\Lumen\\Concerns\\{closure}(Object(Laravel\\Lumen\\Http\\Request))
#16 C:\\Users\\hunter28\\Documents\\cursos\\Web\\Test-IdhaTrabalhoPraticoWeb\\TrabalhoPraticoWeb\\apiUsuarioFunyTurismo\\vendor\\laravel\\lumen-framework\\src\\Concerns\\RoutesRequests.php(171): Laravel\\Lumen\\Application->sendThroughPipeline(Array, Object(Closure))
#17 C:\\Users\\hunter28\\Documents\\cursos\\Web\\Test-IdhaTrabalhoPraticoWeb\\TrabalhoPraticoWeb\\apiUsuarioFunyTurismo\\vendor\\laravel\\lumen-framework\\src\\Concerns\\RoutesRequests.php(108): Laravel\\Lumen\\Application->dispatch(NULL)
#18 C:\\Users\\hunter28\\Documents\\cursos\\Web\\Test-IdhaTrabalhoPraticoWeb\\TrabalhoPraticoWeb\\apiUsuarioFunyTurismo\\public\\index.php(28): Laravel\\Lumen\\Application->run()
#19 {main}
"} 
[2020-01-01 01:30:12] local.ERROR: ErrorException: Undefined variable: user in C:\Users\hunter28\Documents\cursos\Web\Test-IdhaTrabalhoPraticoWeb\TrabalhoPraticoWeb\apiUsuarioFunyTurismo\app\Repositories\UserRepositoryEloquent.php:25
Stack trace:
#0 C:\Users\hunter28\Documents\cursos\Web\Test-IdhaTrabalhoPraticoWeb\TrabalhoPraticoWeb\apiUsuarioFunyTurismo\app\Repositories\UserRepositoryEloquent.php(25): Laravel\Lumen\Application->Laravel\Lumen\Concerns\{closure}(8, 'Undefined varia...', 'C:\\Users\\hunter...', 25, Array)
#1 C:\Users\hunter28\Documents\cursos\Web\Test-IdhaTrabalhoPraticoWeb\TrabalhoPraticoWeb\apiUsuarioFunyTurismo\app\Services\UserService.php(36): App\Repositories\UserRepositoryEloquent->registrarUsuario(Object(Laravel\Lumen\Http\Request))
#2 C:\Users\hunter28\Documents\cursos\Web\Test-IdhaTrabalhoPraticoWeb\TrabalhoPraticoWeb\apiUsuarioFunyTurismo\app\Http\Controllers\UserController.php(16): App\Services\UserService->registrarUsuario(Object(Laravel\Lumen\Http\Request))
#3 [internal function]: App\Http\Controllers\UserController->registrarUsuario(Object(Laravel\Lumen\Http\Request))
#4 C:\Users\hunter28\Documents\cursos\Web\Test-IdhaTrabalhoPraticoWeb\TrabalhoPraticoWeb\apiUsuarioFunyTurismo\vendor\illuminate\container\BoundMethod.php(32): call_user_func_array(Array, Array)
#5 C:\Users\hunter28\Documents\cursos\Web\Test-IdhaTrabalhoPraticoWeb\TrabalhoPraticoWeb\apiUsuarioFunyTurismo\vendor\illuminate\container\Util.php(36): Illuminate\Container\BoundMethod::Illuminate\Container\{closure}()
#6 C:\Users\hunter28\Documents\cursos\Web\Test-IdhaTrabalhoPraticoWeb\TrabalhoPraticoWeb\apiUsuarioFunyTurismo\vendor\illuminate\container\BoundMethod.php(90): Illuminate\Container\Util::unwrapIfClosure(Object(Closure))
#7 C:\Users\hunter28\Documents\cursos\Web\Test-IdhaTrabalhoPraticoWeb\TrabalhoPraticoWeb\apiUsuarioFunyTurismo\vendor\illuminate\container\BoundMethod.php(34): Illuminate\Container\BoundMethod::callBoundMethod(Object(Laravel\Lumen\Application), Array, Object(Closure))
#8 C:\Users\hunter28\Documents\cursos\Web\Test-IdhaTrabalhoPraticoWeb\TrabalhoPraticoWeb\apiUsuarioFunyTurismo\vendor\illuminate\container\Container.php(590): Illuminate\Container\BoundMethod::call(Object(Laravel\Lumen\Application), Array, Array, NULL)
#9 C:\Users\hunter28\Documents\cursos\Web\Test-IdhaTrabalhoPraticoWeb\TrabalhoPraticoWeb\apiUsuarioFunyTurismo\vendor\laravel\lumen-framework\src\Concerns\RoutesRequests.php(376): Illuminate\Container\Container->call(Array, Array)
#10 C:\Users\hunter28\Documents\cursos\Web\Test-IdhaTrabalhoPraticoWeb\TrabalhoPraticoWeb\apiUsuarioFunyTurismo\vendor\laravel\lumen-framework\src\Concerns\RoutesRequests.php(342): Laravel\Lumen\Application->callControllerCallable(Array, Array)
#11 C:\Users\hunter28\Documents\cursos\Web\Test-IdhaTrabalhoPraticoWeb\TrabalhoPraticoWeb\apiUsuarioFunyTurismo\vendor\laravel\lumen-framework\src\Concerns\RoutesRequests.php(316): Laravel\Lumen\Application->callLumenController(Object(App\Http\Controllers\UserController), 'registrarUsuari...', Array)
#12 C:\Users\hunter28\Documents\cursos\Web\Test-IdhaTrabalhoPraticoWeb\TrabalhoPraticoWeb\apiUsuarioFunyTurismo\vendor\laravel\lumen-framework\src\Concerns\RoutesRequests.php(278): Laravel\Lumen\Application->callControllerAction(Array)
#13 C:\Users\hunter28\Documents\cursos\Web\Test-IdhaTrabalhoPraticoWeb\TrabalhoPraticoWeb\apiUsuarioFunyTurismo\vendor\laravel\lumen-framework\src\Concerns\RoutesRequests.php(263): Laravel\Lumen\Application->callActionOnArrayBasedRoute(Array)
#14 C:\Users\hunter28\Documents\cursos\Web\Test-IdhaTrabalhoPraticoWeb\TrabalhoPraticoWeb\apiUsuarioFunyTurismo\vendor\laravel\lumen-framework\src\Concerns\RoutesRequests.php(165): Laravel\Lumen\Application->handleFoundRoute(Array)
#15 C:\Users\hunter28\Documents\cursos\Web\Test-IdhaTrabalhoPraticoWeb\TrabalhoPraticoWeb\apiUsuarioFunyTurismo\vendor\laravel\lumen-framework\src\Concerns\RoutesRequests.php(416): Laravel\Lumen\Application->Laravel\Lumen\Concerns\{closure}(Object(Laravel\Lumen\Http\Request))
#16 C:\Users\hunter28\Documents\cursos\Web\Test-IdhaTrabalhoPraticoWeb\TrabalhoPraticoWeb\apiUsuarioFunyTurismo\vendor\laravel\lumen-framework\src\Concerns\RoutesRequests.php(171): Laravel\Lumen\Application->sendThroughPipeline(Array, Object(Closure))
#17 C:\Users\hunter28\Documents\cursos\Web\Test-IdhaTrabalhoPraticoWeb\TrabalhoPraticoWeb\apiUsuarioFunyTurismo\vendor\laravel\lumen-framework\src\Concerns\RoutesRequests.php(108): Laravel\Lumen\Application->dispatch(NULL)
#18 C:\Users\hunter28\Documents\cursos\Web\Test-IdhaTrabalhoPraticoWeb\TrabalhoPraticoWeb\apiUsuarioFunyTurismo\public\index.php(28): Laravel\Lumen\Application->run()
#19 {main} {"exception":"[object] (ErrorException(code: 0): Undefined variable: user at C:\\Users\\hunter28\\Documents\\cursos\\Web\\Test-IdhaTrabalhoPraticoWeb\\TrabalhoPraticoWeb\\apiUsuarioFunyTurismo\\app\\Repositories\\UserRepositoryEloquent.php:25)
[stacktrace]
#0 C:\\Users\\hunter28\\Documents\\cursos\\Web\\Test-IdhaTrabalhoPraticoWeb\\TrabalhoPraticoWeb\\apiUsuarioFunyTurismo\\app\\Repositories\\UserRepositoryEloquent.php(25): Laravel\\Lumen\\Application->Laravel\\Lumen\\Concerns\\{closure}(8, 'Undefined varia...', 'C:\\\\Users\\\\hunter...', 25, Array)
#1 C:\\Users\\hunter28\\Documents\\cursos\\Web\\Test-IdhaTrabalhoPraticoWeb\\TrabalhoPraticoWeb\\apiUsuarioFunyTurismo\\app\\Services\\UserService.php(36): App\\Repositories\\UserRepositoryEloquent->registrarUsuario(Object(Laravel\\Lumen\\Http\\Request))
#2 C:\\Users\\hunter28\\Documents\\cursos\\Web\\Test-IdhaTrabalhoPraticoWeb\\TrabalhoPraticoWeb\\apiUsuarioFunyTurismo\\app\\Http\\Controllers\\UserController.php(16): App\\Services\\UserService->registrarUsuario(Object(Laravel\\Lumen\\Http\\Request))
#3 [internal function]: App\\Http\\Controllers\\UserController->registrarUsuario(Object(Laravel\\Lumen\\Http\\Request))
#4 C:\\Users\\hunter28\\Documents\\cursos\\Web\\Test-IdhaTrabalhoPraticoWeb\\TrabalhoPraticoWeb\\apiUsuarioFunyTurismo\\vendor\\illuminate\\container\\BoundMethod.php(32): call_user_func_array(Array, Array)
#5 C:\\Users\\hunter28\\Documents\\cursos\\Web\\Test-IdhaTrabalhoPraticoWeb\\TrabalhoPraticoWeb\\apiUsuarioFunyTurismo\\vendor\\illuminate\\container\\Util.php(36): Illuminate\\Container\\BoundMethod::Illuminate\\Container\\{closure}()
#6 C:\\Users\\hunter28\\Documents\\cursos\\Web\\Test-IdhaTrabalhoPraticoWeb\\TrabalhoPraticoWeb\\apiUsuarioFunyTurismo\\vendor\\illuminate\\container\\BoundMethod.php(90): Illuminate\\Container\\Util::unwrapIfClosure(Object(Closure))
#7 C:\\Users\\hunter28\\Documents\\cursos\\Web\\Test-IdhaTrabalhoPraticoWeb\\TrabalhoPraticoWeb\\apiUsuarioFunyTurismo\\vendor\\illuminate\\container\\BoundMethod.php(34): Illuminate\\Container\\BoundMethod::callBoundMethod(Object(Laravel\\Lumen\\Application), Array, Object(Closure))
#8 C:\\Users\\hunter28\\Documents\\cursos\\Web\\Test-IdhaTrabalhoPraticoWeb\\TrabalhoPraticoWeb\\apiUsuarioFunyTurismo\\vendor\\illuminate\\container\\Container.php(590): Illuminate\\Container\\BoundMethod::call(Object(Laravel\\Lumen\\Application), Array, Array, NULL)
#9 C:\\Users\\hunter28\\Documents\\cursos\\Web\\Test-IdhaTrabalhoPraticoWeb\\TrabalhoPraticoWeb\\apiUsuarioFunyTurismo\\vendor\\laravel\\lumen-framework\\src\\Concerns\\RoutesRequests.php(376): Illuminate\\Container\\Container->call(Array, Array)
#10 C:\\Users\\hunter28\\Documents\\cursos\\Web\\Test-IdhaTrabalhoPraticoWeb\\TrabalhoPraticoWeb\\apiUsuarioFunyTurismo\\vendor\\laravel\\lumen-framework\\src\\Concerns\\RoutesRequests.php(342): Laravel\\Lumen\\Application->callControllerCallable(Array, Array)
#11 C:\\Users\\hunter28\\Documents\\cursos\\Web\\Test-IdhaTrabalhoPraticoWeb\\TrabalhoPraticoWeb\\apiUsuarioFunyTurismo\\vendor\\laravel\\lumen-framework\\src\\Concerns\\RoutesRequests.php(316): Laravel\\Lumen\\Application->callLumenController(Object(App\\Http\\Controllers\\UserController), 'registrarUsuari...', Array)
#12 C:\\Users\\hunter28\\Documents\\cursos\\Web\\Test-IdhaTrabalhoPraticoWeb\\TrabalhoPraticoWeb\\apiUsuarioFunyTurismo\\vendor\\laravel\\lumen-framework\\src\\Concerns\\RoutesRequests.php(278): Laravel\\Lumen\\Application->callControllerAction(Array)
#13 C:\\Users\\hunter28\\Documents\\cursos\\Web\\Test-IdhaTrabalhoPraticoWeb\\TrabalhoPraticoWeb\\apiUsuarioFunyTurismo\\vendor\\laravel\\lumen-framework\\src\\Concerns\\RoutesRequests.php(263): Laravel\\Lumen\\Application->callActionOnArrayBasedRoute(Array)
#14 C:\\Users\\hunter28\\Documents\\cursos\\Web\\Test-IdhaTrabalhoPraticoWeb\\TrabalhoPraticoWeb\\apiUsuarioFunyTurismo\\vendor\\laravel\\lumen-framework\\src\\Concerns\\RoutesRequests.php(165): Laravel\\Lumen\\Application->handleFoundRoute(Array)
#15 C:\\Users\\hunter28\\Documents\\cursos\\Web\\Test-IdhaTrabalhoPraticoWeb\\TrabalhoPraticoWeb\\apiUsuarioFunyTurismo\\vendor\\laravel\\lumen-framework\\src\\Concerns\\RoutesRequests.php(416): Laravel\\Lumen\\Application->Laravel\\Lumen\\Concerns\\{closure}(Object(Laravel\\Lumen\\Http\\Request))
#16 C:\\Users\\hunter28\\Documents\\cursos\\Web\\Test-IdhaTrabalhoPraticoWeb\\TrabalhoPraticoWeb\\apiUsuarioFunyTurismo\\vendor\\laravel\\lumen-framework\\src\\Concerns\\RoutesRequests.php(171): Laravel\\Lumen\\Application->sendThroughPipeline(Array, Object(Closure))
#17 C:\\Users\\hunter28\\Documents\\cursos\\Web\\Test-IdhaTrabalhoPraticoWeb\\TrabalhoPraticoWeb\\apiUsuarioFunyTurismo\\vendor\\laravel\\lumen-framework\\src\\Concerns\\RoutesRequests.php(108): Laravel\\Lumen\\Application->dispatch(NULL)
#18 C:\\Users\\hunter28\\Documents\\cursos\\Web\\Test-IdhaTrabalhoPraticoWeb\\TrabalhoPraticoWeb\\apiUsuarioFunyTurismo\\public\\index.php(28): Laravel\\Lumen\\Application->run()
#19 {main}
"} 
